Progress (3): 68/118 kB | 69/171 kB | 401/474 kB
Progress (3): 73/118 kB | 69/171 kB | 401/474 kB
Progress (3): 77/118 kB | 69/171 kB | 401/474 kB
Progress (3): 77/118 kB | 73/171 kB | 401/474 kB
Progress (3): 77/118 kB | 78/171 kB | 401/474 kB
Progress (3): 81/118 kB | 78/171 kB | 401/474 kB
Progress (3): 81/118 kB | 82/171 kB | 401/474 kB
Progress (3): 81/118 kB | 86/171 kB | 401/474 kB
Progress (3): 85/118 kB | 86/171 kB | 401/474 kB
Progress (3): 89/118 kB | 86/171 kB | 401/474 kB
Progress (3): 89/118 kB | 90/171 kB | 401/474 kB
Progress (3): 89/118 kB | 95/171 kB | 401/474 kB
Progress (3): 94/118 kB | 95/171 kB | 401/474 kB
Progress (3): 94/118 kB | 99/171 kB | 401/474 kB
Progress (3): 98/118 kB | 99/171 kB | 401/474 kB
Progress (3): 98/118 kB | 103/171 kB | 401/474 kB
Progress (3): 102/118 kB | 103/171 kB | 401/474 kB
Progress (3): 102/118 kB | 107/171 kB | 401/474 kB
Progress (3): 106/118 kB | 107/171 kB | 401/474 kB
Progress (3): 106/118 kB | 111/171 kB | 401/474 kB
Progress (3): 111/118 kB | 111/171 kB | 401/474 kB
Progress (3): 111/118 kB | 116/171 kB | 401/474 kB
Progress (3): 115/118 kB | 116/171 kB | 401/474 kB
Progress (3): 115/118 kB | 120/171 kB | 401/474 kB
Progress (3): 118 kB | 120/171 kB | 401/474 kB    
Progress (3): 118 kB | 124/171 kB | 401/474 kB
Progress (3): 118 kB | 124/171 kB | 418/474 kB
Progress (3): 118 kB | 124/171 kB | 434/474 kB
Progress (3): 118 kB | 124/171 kB | 451/474 kB
Progress (3): 118 kB | 124/171 kB | 467/474 kB
                                              
Downloaded from central: https://repo.maven.apache.org/maven2/org/apache/maven/surefire/surefire-booter/3.1.2/surefire-booter-3.1.2.jar (118 kB at 203 kB/s)
Progress (2): 124/171 kB | 474 kB
                                 
Downloaded from central: https://repo.maven.apache.org/maven2/commons-io/commons-io/2.12.0/commons-io-2.12.0.jar (474 kB at 807 kB/s)
Progress (1): 128/171 kB
Progress (1): 133/171 kB
Progress (1): 137/171 kB
Progress (1): 141/171 kB
Progress (1): 145/171 kB
Progress (1): 150/171 kB
Progress (1): 154/171 kB
Progress (1): 158/171 kB
Progress (1): 162/171 kB
Progress (1): 166/171 kB
Progress (1): 171 kB    
                    
Downloaded from central: https://repo.maven.apache.org/maven2/org/apache/maven/surefire/surefire-api/3.1.2/surefire-api-3.1.2.jar (171 kB at 254 kB/s)
Progress (1): 0/2.3 MB
Progress (1): 0/2.3 MB
Progress (1): 0/2.3 MB
Progress (1): 0/2.3 MB
Progress (1): 0/2.3 MB
Progress (1): 0/2.3 MB
Progress (1): 0/2.3 MB
Progress (1): 0/2.3 MB
Progress (1): 0/2.3 MB
Progress (1): 0/2.3 MB
Progress (1): 0/2.3 MB
Progress (1): 0/2.3 MB
Progress (1): 0/2.3 MB
Progress (1): 0/2.3 MB
Progress (1): 0/2.3 MB
Progress (1): 0/2.3 MB
Progress (1): 0/2.3 MB
Progress (1): 0/2.3 MB
Progress (1): 0/2.3 MB
Progress (1): 0/2.3 MB
Progress (1): 0/2.3 MB
Progress (1): 0/2.3 MB
Progress (1): 0/2.3 MB
Progress (1): 0/2.3 MB
Progress (1): 0/2.3 MB
Progress (1): 0/2.3 MB
Progress (1): 0/2.3 MB
Progress (1): 0/2.3 MB
Progress (1): 0/2.3 MB
Progress (1): 0/2.3 MB
Progress (1): 0/2.3 MB
Progress (1): 0/2.3 MB
Progress (1): 0/2.3 MB
Progress (1): 0/2.3 MB
Progress (1): 0.1/2.3 MB
Progress (1): 0.1/2.3 MB
Progress (1): 0.1/2.3 MB
Progress (1): 0.1/2.3 MB
Progress (1): 0.1/2.3 MB
Progress (1): 0.1/2.3 MB
Progress (1): 0.1/2.3 MB
Progress (1): 0.1/2.3 MB
Progress (1): 0.1/2.3 MB
Progress (1): 0.1/2.3 MB
Progress (1): 0.1/2.3 MB
Progress (1): 0.1/2.3 MB
Progress (1): 0.1/2.3 MB
Progress (1): 0.1/2.3 MB
Progress (1): 0.1/2.3 MB
Progress (1): 0.1/2.3 MB
Progress (1): 0.1/2.3 MB
Progress (1): 0.1/2.3 MB
Progress (1): 0.1/2.3 MB
Progress (1): 0.1/2.3 MB
Progress (1): 0.1/2.3 MB
Progress (1): 0.1/2.3 MB
Progress (1): 0.1/2.3 MB
Progress (1): 0.1/2.3 MB
Progress (1): 0.1/2.3 MB
Progress (1): 0.2/2.3 MB
Progress (1): 0.2/2.3 MB
Progress (1): 0.2/2.3 MB
Progress (1): 0.2/2.3 MB
Progress (1): 0.2/2.3 MB
Progress (1): 0.2/2.3 MB
Progress (1): 0.2/2.3 MB
Progress (1): 0.2/2.3 MB
Progress (1): 0.2/2.3 MB
Progress (1): 0.2/2.3 MB
Progress (1): 0.2/2.3 MB
Progress (1): 0.2/2.3 MB
Progress (1): 0.2/2.3 MB
Progress (1): 0.2/2.3 MB
Progress (1): 0.2/2.3 MB
Progress (1): 0.2/2.3 MB
Progress (1): 0.2/2.3 MB
Progress (1): 0.3/2.3 MB
Progress (1): 0.3/2.3 MB
Progress (1): 0.3/2.3 MB
Progress (1): 0.3/2.3 MB
Progress (1): 0.3/2.3 MB
Progress (1): 0.3/2.3 MB
Progress (1): 0.4/2.3 MB
Progress (1): 0.4/2.3 MB
Progress (1): 0.4/2.3 MB
Progress (1): 0.4/2.3 MB
Progress (1): 0.4/2.3 MB
Progress (1): 0.4/2.3 MB
Progress (1): 0.5/2.3 MB
Progress (1): 0.5/2.3 MB
Progress (1): 0.5/2.3 MB
Progress (1): 0.5/2.3 MB
Progress (1): 0.5/2.3 MB
Progress (1): 0.5/2.3 MB
Progress (1): 0.6/2.3 MB
Progress (1): 0.6/2.3 MB
Progress (1): 0.6/2.3 MB
Progress (1): 0.6/2.3 MB
Progress (1): 0.6/2.3 MB
Progress (1): 0.6/2.3 MB
Progress (1): 0.7/2.3 MB
Progress (1): 0.7/2.3 MB
Progress (1): 0.7/2.3 MB
Progress (1): 0.7/2.3 MB
Progress (1): 0.7/2.3 MB
Progress (1): 0.7/2.3 MB
Progress (1): 0.7/2.3 MB
Progress (1): 0.8/2.3 MB
Progress (1): 0.8/2.3 MB
Progress (1): 0.8/2.3 MB
Progress (1): 0.8/2.3 MB
Progress (1): 0.8/2.3 MB
Progress (1): 0.8/2.3 MB
Progress (1): 0.9/2.3 MB
Progress (1): 0.9/2.3 MB
Progress (1): 0.9/2.3 MB
Progress (1): 0.9/2.3 MB
Progress (1): 0.9/2.3 MB
Progress (1): 0.9/2.3 MB
Progress (1): 1.0/2.3 MB
Progress (1): 1.0/2.3 MB
Progress (1): 1.0/2.3 MB
Progress (1): 1.0/2.3 MB
Progress (1): 1.0/2.3 MB
Progress (1): 1.0/2.3 MB
Progress (1): 1.1/2.3 MB
Progress (1): 1.1/2.3 MB
Progress (1): 1.1/2.3 MB
Progress (1): 1.1/2.3 MB
Progress (1): 1.1/2.3 MB
Progress (1): 1.1/2.3 MB
Progress (1): 1.2/2.3 MB
Progress (1): 1.2/2.3 MB
Progress (1): 1.2/2.3 MB
Progress (1): 1.2/2.3 MB
Progress (1): 1.2/2.3 MB
Progress (1): 1.2/2.3 MB
Progress (1): 1.3/2.3 MB
Progress (1): 1.3/2.3 MB
Progress (1): 1.3/2.3 MB
Progress (1): 1.3/2.3 MB
Progress (1): 1.3/2.3 MB
Progress (1): 1.3/2.3 MB
Progress (1): 1.4/2.3 MB
Progress (1): 1.4/2.3 MB
Progress (1): 1.4/2.3 MB
Progress (1): 1.4/2.3 MB
Progress (1): 1.4/2.3 MB
Progress (1): 1.4/2.3 MB
Progress (1): 1.5/2.3 MB
Progress (1): 1.5/2.3 MB
Progress (1): 1.5/2.3 MB
Progress (1): 1.5/2.3 MB
Progress (1): 1.5/2.3 MB
Progress (1): 1.5/2.3 MB
Progress (1): 1.6/2.3 MB
Progress (1): 1.6/2.3 MB
Progress (1): 1.6/2.3 MB
Progress (1): 1.6/2.3 MB
Progress (1): 1.6/2.3 MB
Progress (1): 1.6/2.3 MB
Progress (1): 1.6/2.3 MB
Progress (1): 1.7/2.3 MB
Progress (1): 1.7/2.3 MB
Progress (1): 1.7/2.3 MB
Progress (1): 1.7/2.3 MB
Progress (1): 1.7/2.3 MB
Progress (1): 1.7/2.3 MB
Progress (1): 1.8/2.3 MB
Progress (1): 1.8/2.3 MB
Progress (1): 1.8/2.3 MB
Progress (1): 1.8/2.3 MB
Progress (1): 1.8/2.3 MB
Progress (1): 1.8/2.3 MB
Progress (1): 1.9/2.3 MB
Progress (1): 1.9/2.3 MB
Progress (1): 1.9/2.3 MB
Progress (1): 1.9/2.3 MB
Progress (1): 1.9/2.3 MB
Progress (1): 1.9/2.3 MB
Progress (1): 2.0/2.3 MB
Progress (1): 2.0/2.3 MB
Progress (1): 2.0/2.3 MB
Progress (1): 2.0/2.3 MB
Progress (1): 2.0/2.3 MB
Progress (1): 2.0/2.3 MB
Progress (1): 2.1/2.3 MB
Progress (1): 2.1/2.3 MB
Progress (1): 2.1/2.3 MB
Progress (1): 2.1/2.3 MB
Progress (1): 2.1/2.3 MB
Progress (1): 2.1/2.3 MB
Progress (1): 2.2/2.3 MB
Progress (1): 2.2/2.3 MB
Progress (1): 2.2/2.3 MB
Progress (1): 2.2/2.3 MB
Progress (1): 2.2/2.3 MB
Progress (1): 2.2/2.3 MB
Progress (1): 2.3/2.3 MB
Progress (1): 2.3/2.3 MB
Progress (1): 2.3/2.3 MB
Progress (1): 2.3/2.3 MB
Progress (1): 2.3/2.3 MB
Progress (1): 2.3/2.3 MB
Progress (1): 2.3 MB    
                    
Downloaded from central: https://repo.maven.apache.org/maven2/org/apache/maven/surefire/surefire-shared-utils/3.1.2/surefire-shared-utils-3.1.2.jar (2.3 MB at 1.4 MB/s)
[INFO] Tests are skipped.
[INFO] 
[INFO] --- jar:3.3.0:jar (default-jar) @ backend ---
Downloading from central: https://repo.maven.apache.org/maven2/org/apache/maven/maven-archiver/3.6.0/maven-archiver-3.6.0.pom
Progress (1): 795 B
Progress (1): 2.2 kB
Progress (1): 3.9 kB
                    
Downloaded from central: https://repo.maven.apache.org/maven2/org/apache/maven/maven-archiver/3.6.0/maven-archiver-3.6.0.pom (3.9 kB at 23 kB/s)
Downloading from central: https://repo.maven.apache.org/maven2/org/codehaus/plexus/plexus-io/3.4.0/plexus-io-3.4.0.pom
Progress (1): 1.2 kB
Progress (1): 3.8 kB
Progress (1): 6.0 kB
                    
Downloaded from central: https://repo.maven.apache.org/maven2/org/codehaus/plexus/plexus-io/3.4.0/plexus-io-3.4.0.pom (6.0 kB at 38 kB/s)
Downloading from central: https://repo.maven.apache.org/maven2/org/codehaus/plexus/plexus-archiver/4.4.0/plexus-archiver-4.4.0.pom
Progress (1): 1.2 kB
Progress (1): 4.0 kB
Progress (1): 6.2 kB
Progress (1): 6.3 kB
                    
Downloaded from central: https://repo.maven.apache.org/maven2/org/codehaus/plexus/plexus-archiver/4.4.0/plexus-archiver-4.4.0.pom (6.3 kB at 26 kB/s)
Downloading from central: https://repo.maven.apache.org/maven2/org/apache/maven/shared/file-management/3.1.0/file-management-3.1.0.jar
Progress (1): 7.7/36 kB
Progress (1): 16/36 kB 
Progress (1): 32/36 kB
Progress (1): 36 kB   
                   
Downloaded from central: https://repo.maven.apache.org/maven2/org/apache/maven/shared/file-management/3.1.0/file-management-3.1.0.jar (36 kB at 234 kB/s)
Downloading from central: https://repo.maven.apache.org/maven2/org/apache/maven/maven-archiver/3.6.0/maven-archiver-3.6.0.jar
Downloading from central: https://repo.maven.apache.org/maven2/org/codehaus/plexus/plexus-io/3.4.0/plexus-io-3.4.0.jar
Downloading from central: https://repo.maven.apache.org/maven2/org/codehaus/plexus/plexus-archiver/4.4.0/plexus-archiver-4.4.0.jar
Downloading from central: https://repo.maven.apache.org/maven2/org/apache/commons/commons-compress/1.21/commons-compress-1.21.jar
Downloading from central: https://repo.maven.apache.org/maven2/org/iq80/snappy/snappy/0.4/snappy-0.4.jar
Progress (1): 7.7/79 kB
Progress (1): 12/79 kB 
Progress (1): 29/79 kB
Progress (1): 45/79 kB
Progress (1): 61/79 kB
Progress (1): 78/79 kB
Progress (1): 79 kB   
Progress (2): 79 kB | 0.9/58 kB
Progress (2): 79 kB | 2.3/58 kB
Progress (2): 79 kB | 3.6/58 kB
Progress (2): 79 kB | 5.0/58 kB
Progress (2): 79 kB | 6.4/58 kB
Progress (2): 79 kB | 7.7/58 kB
Progress (2): 79 kB | 9.1/58 kB
Progress (2): 79 kB | 10/58 kB 
Progress (2): 79 kB | 12/58 kB
Progress (2): 79 kB | 13/58 kB
Progress (2): 79 kB | 15/58 kB
Progress (2): 79 kB | 16/58 kB
Progress (2): 79 kB | 17/58 kB
Progress (2): 79 kB | 19/58 kB
Progress (3): 79 kB | 19/58 kB | 0/1.0 MB
Progress (3): 79 kB | 20/58 kB | 0/1.0 MB
Progress (3): 79 kB | 21/58 kB | 0/1.0 MB
Progress (3): 79 kB | 23/58 kB | 0/1.0 MB
Progress (3): 79 kB | 23/58 kB | 0/1.0 MB
Progress (3): 79 kB | 24/58 kB | 0/1.0 MB
Progress (3): 79 kB | 26/58 kB | 0/1.0 MB
Progress (3): 79 kB | 27/58 kB | 0/1.0 MB
Progress (3): 79 kB | 27/58 kB | 0/1.0 MB
Progress (3): 79 kB | 28/58 kB | 0/1.0 MB
Progress (3): 79 kB | 28/58 kB | 0/1.0 MB
Progress (3): 79 kB | 33/58 kB | 0/1.0 MB
Progress (3): 79 kB | 33/58 kB | 0/1.0 MB
Progress (3): 79 kB | 37/58 kB | 0/1.0 MB
Progress (3): 79 kB | 37/58 kB | 0/1.0 MB
Progress (3): 79 kB | 41/58 kB | 0/1.0 MB
Progress (3): 79 kB | 41/58 kB | 0/1.0 MB
Progress (3): 79 kB | 45/58 kB | 0/1.0 MB
Progress (3): 79 kB | 49/58 kB | 0/1.0 MB
Progress (4): 79 kB | 49/58 kB | 0/1.0 MB | 7.7/211 kB
Progress (4): 79 kB | 54/58 kB | 0/1.0 MB | 7.7/211 kB
Progress (4): 79 kB | 54/58 kB | 0/1.0 MB | 16/211 kB 
Progress (4): 79 kB | 58/58 kB | 0/1.0 MB | 16/211 kB
Progress (4): 79 kB | 58 kB | 0/1.0 MB | 16/211 kB   
                                                  
Downloaded from central: https://repo.maven.apache.org/maven2/org/codehaus/plexus/plexus-io/3.4.0/plexus-io-3.4.0.jar (79 kB at 540 kB/s)
Downloading from central: https://repo.maven.apache.org/maven2/org/tukaani/xz/1.9/xz-1.9.jar
Downloaded from central: https://repo.maven.apache.org/maven2/org/iq80/snappy/snappy/0.4/snappy-0.4.jar (58 kB at 376 kB/s)
Downloading from central: https://repo.maven.apache.org/maven2/org/codehaus/plexus/plexus-utils/3.4.2/plexus-utils-3.4.2.jar
Progress (2): 0/1.0 MB | 16/211 kB
Progress (2): 0/1.0 MB | 25/211 kB
Progress (2): 0/1.0 MB | 25/211 kB
Progress (2): 0/1.0 MB | 25/211 kB
Progress (2): 0/1.0 MB | 25/211 kB
Progress (2): 0/1.0 MB | 41/211 kB
Progress (2): 0.1/1.0 MB | 41/211 kB
Progress (2): 0.1/1.0 MB | 41/211 kB
Progress (2): 0.1/1.0 MB | 41/211 kB
Progress (3): 0.1/1.0 MB | 41/211 kB | 3.8/26 kB
Progress (3): 0.1/1.0 MB | 41/211 kB | 8.0/26 kB
Progress (3): 0.1/1.0 MB | 41/211 kB | 12/26 kB 
Progress (3): 0.1/1.0 MB | 41/211 kB | 12/26 kB
Progress (3): 0.1/1.0 MB | 41/211 kB | 16/26 kB
Progress (3): 0.1/1.0 MB | 57/211 kB | 16/26 kB
Progress (3): 0.1/1.0 MB | 57/211 kB | 16/26 kB
Progress (3): 0.1/1.0 MB | 57/211 kB | 21/26 kB
Progress (3): 0.1/1.0 MB | 57/211 kB | 25/26 kB
Progress (3): 0.1/1.0 MB | 57/211 kB | 26 kB   
Progress (3): 0.1/1.0 MB | 57/211 kB | 26 kB
Progress (3): 0.1/1.0 MB | 57/211 kB | 26 kB
Progress (3): 0.1/1.0 MB | 57/211 kB | 26 kB
Progress (3): 0.1/1.0 MB | 57/211 kB | 26 kB
Progress (3): 0.1/1.0 MB | 74/211 kB | 26 kB
Progress (3): 0.1/1.0 MB | 74/211 kB | 26 kB
Progress (3): 0.1/1.0 MB | 74/211 kB | 26 kB
Progress (3): 0.1/1.0 MB | 74/211 kB | 26 kB
Progress (3): 0.1/1.0 MB | 90/211 kB | 26 kB
Progress (3): 0.1/1.0 MB | 90/211 kB | 26 kB
                                            
Downloaded from central: https://repo.maven.apache.org/maven2/org/apache/maven/maven-archiver/3.6.0/maven-archiver-3.6.0.jar (26 kB at 144 kB/s)
Progress (2): 0.1/1.0 MB | 90/211 kB
Progress (2): 0.1/1.0 MB | 106/211 kB
Progress (2): 0.1/1.0 MB | 123/211 kB
Progress (2): 0.1/1.0 MB | 123/211 kB
Progress (2): 0.1/1.0 MB | 139/211 kB
Progress (2): 0.1/1.0 MB | 156/211 kB
Progress (2): 0.1/1.0 MB | 172/211 kB
Progress (2): 0.1/1.0 MB | 188/211 kB
Progress (2): 0.1/1.0 MB | 205/211 kB
Progress (2): 0.1/1.0 MB | 211 kB    
Progress (2): 0.1/1.0 MB | 211 kB
Progress (2): 0.2/1.0 MB | 211 kB
                                 
Downloaded from central: https://repo.maven.apache.org/maven2/org/codehaus/plexus/plexus-archiver/4.4.0/plexus-archiver-4.4.0.jar (211 kB at 920 kB/s)
Progress (1): 0.2/1.0 MB
Progress (1): 0.2/1.0 MB
Progress (2): 0.2/1.0 MB | 3.8/116 kB
Progress (2): 0.2/1.0 MB | 8.0/116 kB
Progress (2): 0.2/1.0 MB | 12/116 kB 
Progress (2): 0.2/1.0 MB | 16/116 kB
Progress (2): 0.2/1.0 MB | 21/116 kB
Progress (2): 0.2/1.0 MB | 25/116 kB
Progress (2): 0.2/1.0 MB | 25/116 kB
Progress (2): 0.2/1.0 MB | 29/116 kB
Progress (2): 0.2/1.0 MB | 33/116 kB
Progress (2): 0.2/1.0 MB | 38/116 kB
Progress (2): 0.2/1.0 MB | 42/116 kB
Progress (2): 0.2/1.0 MB | 46/116 kB
Progress (2): 0.2/1.0 MB | 50/116 kB
Progress (2): 0.2/1.0 MB | 55/116 kB
Progress (2): 0.2/1.0 MB | 59/116 kB
Progress (2): 0.2/1.0 MB | 63/116 kB
Progress (2): 0.2/1.0 MB | 67/116 kB
Progress (2): 0.2/1.0 MB | 71/116 kB
Progress (2): 0.2/1.0 MB | 76/116 kB
Progress (2): 0.2/1.0 MB | 80/116 kB
Progress (2): 0.2/1.0 MB | 84/116 kB
Progress (2): 0.2/1.0 MB | 88/116 kB
Progress (2): 0.2/1.0 MB | 93/116 kB
Progress (3): 0.2/1.0 MB | 93/116 kB | 7.7/267 kB
Progress (3): 0.2/1.0 MB | 93/116 kB | 16/267 kB 
Progress (3): 0.2/1.0 MB | 97/116 kB | 16/267 kB
Progress (3): 0.2/1.0 MB | 97/116 kB | 32/267 kB
Progress (3): 0.2/1.0 MB | 101/116 kB | 32/267 kB
Progress (3): 0.2/1.0 MB | 105/116 kB | 32/267 kB
Progress (3): 0.2/1.0 MB | 109/116 kB | 32/267 kB
Progress (3): 0.2/1.0 MB | 114/116 kB | 32/267 kB
Progress (3): 0.2/1.0 MB | 114/116 kB | 49/267 kB
Progress (3): 0.2/1.0 MB | 116 kB | 49/267 kB    
Progress (3): 0.2/1.0 MB | 116 kB | 65/267 kB
Progress (3): 0.2/1.0 MB | 116 kB | 81/267 kB
Progress (3): 0.2/1.0 MB | 116 kB | 98/267 kB
Progress (3): 0.2/1.0 MB | 116 kB | 98/267 kB
                                             
Downloaded from central: https://repo.maven.apache.org/maven2/org/tukaani/xz/1.9/xz-1.9.jar (116 kB at 356 kB/s)
Progress (2): 0.2/1.0 MB | 114/267 kB
Progress (2): 0.2/1.0 MB | 131/267 kB
Progress (2): 0.2/1.0 MB | 131/267 kB
Progress (2): 0.2/1.0 MB | 147/267 kB
Progress (2): 0.3/1.0 MB | 147/267 kB
Progress (2): 0.3/1.0 MB | 163/267 kB
Progress (2): 0.3/1.0 MB | 163/267 kB
Progress (2): 0.3/1.0 MB | 180/267 kB
Progress (2): 0.3/1.0 MB | 196/267 kB
Progress (2): 0.3/1.0 MB | 213/267 kB
Progress (2): 0.3/1.0 MB | 229/267 kB
Progress (2): 0.3/1.0 MB | 229/267 kB
Progress (2): 0.3/1.0 MB | 245/267 kB
Progress (2): 0.3/1.0 MB | 245/267 kB
Progress (2): 0.3/1.0 MB | 262/267 kB
Progress (2): 0.3/1.0 MB | 267 kB    
Progress (2): 0.3/1.0 MB | 267 kB
Progress (2): 0.3/1.0 MB | 267 kB
Progress (2): 0.4/1.0 MB | 267 kB
Progress (2): 0.4/1.0 MB | 267 kB
                                 
Downloaded from central: https://repo.maven.apache.org/maven2/org/codehaus/plexus/plexus-utils/3.4.2/plexus-utils-3.4.2.jar (267 kB at 693 kB/s)
Progress (1): 0.4/1.0 MB
Progress (1): 0.4/1.0 MB
Progress (1): 0.4/1.0 MB
Progress (1): 0.4/1.0 MB
Progress (1): 0.4/1.0 MB
Progress (1): 0.5/1.0 MB
Progress (1): 0.5/1.0 MB
Progress (1): 0.5/1.0 MB
Progress (1): 0.5/1.0 MB
Progress (1): 0.5/1.0 MB
Progress (1): 0.5/1.0 MB
Progress (1): 0.6/1.0 MB
Progress (1): 0.6/1.0 MB
Progress (1): 0.6/1.0 MB
Progress (1): 0.6/1.0 MB
Progress (1): 0.6/1.0 MB
Progress (1): 0.6/1.0 MB
Progress (1): 0.7/1.0 MB
Progress (1): 0.7/1.0 MB
Progress (1): 0.7/1.0 MB
Progress (1): 0.7/1.0 MB
Progress (1): 0.7/1.0 MB
Progress (1): 0.7/1.0 MB
Progress (1): 0.8/1.0 MB
Progress (1): 0.8/1.0 MB
Progress (1): 0.8/1.0 MB
Progress (1): 0.8/1.0 MB
Progress (1): 0.8/1.0 MB
Progress (1): 0.8/1.0 MB
Progress (1): 0.9/1.0 MB
Progress (1): 0.9/1.0 MB
Progress (1): 0.9/1.0 MB
Progress (1): 0.9/1.0 MB
Progress (1): 0.9/1.0 MB
Progress (1): 0.9/1.0 MB
Progress (1): 1.0/1.0 MB
Progress (1): 1.0/1.0 MB
Progress (1): 1.0/1.0 MB
Progress (1): 1.0/1.0 MB
Progress (1): 1.0 MB    
                    
Downloaded from central: https://repo.maven.apache.org/maven2/org/apache/commons/commons-compress/1.21/commons-compress-1.21.jar (1.0 MB at 1.7 MB/s)
[INFO] Building jar: C:\Users\USER\OneDrive - itum.mrt.ac.lk\Desktop\fingerprint project\chronosecure\backend\target\backend-0.0.1-SNAPSHOT.jar
[INFO] 
[INFO] --- spring-boot:3.2.0:repackage (repackage) @ backend ---
[INFO] Replacing main artifact C:\Users\USER\OneDrive - itum.mrt.ac.lk\Desktop\fingerprint project\chronosecure\backend\target\backend-0.0.1-SNAPSHOT.jar with repackaged archive, adding nested dependencies in BOOT-INF/.
[INFO] The original artifact has been renamed to C:\Users\USER\OneDrive - itum.mrt.ac.lk\Desktop\fingerprint project\chronosecure\backend\target\backend-0.0.1-SNAPSHOT.jar.original
[INFO] ------------------------------------------------------------------------
[INFO] BUILD SUCCESS
[INFO] ------------------------------------------------------------------------
[INFO] Total time:  14.139 s
[INFO] Finished at: 2026-01-23T14:05:21+05:30
[INFO] ------------------------------------------------------------------------
