WARNING: A terminally deprecated method in sun.misc.Unsafe has been called
WARNING: sun.misc.Unsafe::staticFieldBase has been called by com.google.inject.internal.aop.HiddenClassDefiner (file:/C:/Users/USER/.m2/wrapper/dists/apache-maven-3.9.11/03d7e36a140982eea48e22c1dcac01d8862b2550b2939e09a0809bbc5182a5bc/lib/guice-5.1.0-classes.jar)
WARNING: Please consider reporting this to the maintainers of class com.google.inject.internal.aop.HiddenClassDefiner
WARNING: sun.misc.Unsafe::staticFieldBase will be removed in a future release
[INFO] Scanning for projects...
[INFO] 
[INFO] ----------------------< com.chronosecure:backend >----------------------
[INFO] Building backend 0.0.1-SNAPSHOT
[INFO]   from pom.xml
[INFO] --------------------------------[ jar ]---------------------------------
[INFO] 
[INFO] >>> spring-boot:3.2.0:run (default-cli) > test-compile @ backend >>>
[INFO] 
[INFO] --- resources:3.3.1:resources (default-resources) @ backend ---
[INFO] Copying 1 resource from src\main\resources to target\classes
[INFO] Copying 2 resources from src\main\resources to target\classes
[INFO] 
[INFO] --- compiler:3.11.0:compile (default-compile) @ backend ---
[INFO] Nothing to compile - all classes are up to date
[INFO] 
[INFO] --- resources:3.3.1:testResources (default-testResources) @ backend ---
[INFO] skip non existing resourceDirectory C:\Users\USER\OneDrive - itum.mrt.ac.lk\Desktop\fingerprint project\chronosecure\backend\src\test\resources
[INFO] 
[INFO] --- compiler:3.11.0:testCompile (default-testCompile) @ backend ---
[INFO] Nothing to compile - all classes are up to date
[INFO] 
[INFO] <<< spring-boot:3.2.0:run (default-cli) < test-compile @ backend <<<
[INFO] 
[INFO] 
[INFO] --- spring-boot:3.2.0:run (default-cli) @ backend ---
[INFO] Attaching agents: []
Standard Commons Logging discovery in action with spring-jcl: please remove commons-logging.jar from classpath in order to avoid potential conflicts

  .   ____          _            __ _ _
 /\\ / ___'_ __ _ _(_)_ __  __ _ \ \ \ \
( ( )\___ | '_ | '_| | '_ \/ _` | \ \ \ \
 \\/  ___)| |_)| | | | | || (_| |  ) ) ) )
  '  |____| .__|_| |_|_| |_\__, | / / / /
 =========|_|==============|___/=/_/_/_/
 :: Spring Boot ::                (v3.2.0)

2026-01-23T03:59:43.449+05:30  INFO 27028 --- [chronosecure-backend] [           main] c.c.backend.BackendApplication           : Starting BackendApplication using Java 25.0.1 with PID 27028 (C:\Users\USER\OneDrive - itum.mrt.ac.lk\Desktop\fingerprint project\chronosecure\backend\target\classes started by USER in C:\Users\USER\OneDrive - itum.mrt.ac.lk\Desktop\fingerprint project\chronosecure\backend)
2026-01-23T03:59:43.453+05:30 DEBUG 27028 --- [chronosecure-backend] [           main] c.c.backend.BackendApplication           : Running with Spring Boot v3.2.0, Spring v6.1.1
2026-01-23T03:59:43.454+05:30  INFO 27028 --- [chronosecure-backend] [           main] c.c.backend.BackendApplication           : No active profile set, falling back to 1 default profile: "default"
2026-01-23T03:59:45.475+05:30  INFO 27028 --- [chronosecure-backend] [           main] .s.d.r.c.RepositoryConfigurationDelegate : Multiple Spring Data modules found, entering strict repository configuration mode
2026-01-23T03:59:45.478+05:30  INFO 27028 --- [chronosecure-backend] [           main] .s.d.r.c.RepositoryConfigurationDelegate : Bootstrapping Spring Data JPA repositories in DEFAULT mode.
2026-01-23T03:59:45.838+05:30  INFO 27028 --- [chronosecure-backend] [           main] .s.d.r.c.RepositoryConfigurationDelegate : Finished Spring Data repository scanning in 348 ms. Found 8 JPA repository interfaces.
2026-01-23T03:59:45.881+05:30  INFO 27028 --- [chronosecure-backend] [           main] .s.d.r.c.RepositoryConfigurationDelegate : Multiple Spring Data modules found, entering strict repository configuration mode
2026-01-23T03:59:45.883+05:30  INFO 27028 --- [chronosecure-backend] [           main] .s.d.r.c.RepositoryConfigurationDelegate : Bootstrapping Spring Data Redis repositories in DEFAULT mode.
2026-01-23T03:59:45.914+05:30  INFO 27028 --- [chronosecure-backend] [           main] .RepositoryConfigurationExtensionSupport : Spring Data Redis - Could not safely identify store assignment for repository candidate interface com.chronosecure.backend.repository.AttendanceLogRepository; If you want this repository to be a Redis repository, consider annotating your entities with one of these annotations: org.springframework.data.redis.core.RedisHash (preferred), or consider extending one of the following types with your repository: org.springframework.data.keyvalue.repository.KeyValueRepository
2026-01-23T03:59:45.915+05:30  INFO 27028 --- [chronosecure-backend] [           main] .RepositoryConfigurationExtensionSupport : Spring Data Redis - Could not safely identify store assignment for repository candidate interface com.chronosecure.backend.repository.AuditLogRepository; If you want this repository to be a Redis repository, consider annotating your entities with one of these annotations: org.springframework.data.redis.core.RedisHash (preferred), or consider extending one of the following types with your repository: org.springframework.data.keyvalue.repository.KeyValueRepository
2026-01-23T03:59:45.918+05:30  INFO 27028 --- [chronosecure-backend] [           main] .RepositoryConfigurationExtensionSupport : Spring Data Redis - Could not safely identify store assignment for repository candidate interface com.chronosecure.backend.repository.CalculatedHoursRepository; If you want this repository to be a Redis repository, consider annotating your entities with one of these annotations: org.springframework.data.redis.core.RedisHash (preferred), or consider extending one of the following types with your repository: org.springframework.data.keyvalue.repository.KeyValueRepository
2026-01-23T03:59:45.918+05:30  INFO 27028 --- [chronosecure-backend] [           main] .RepositoryConfigurationExtensionSupport : Spring Data Redis - Could not safely identify store assignment for repository candidate interface com.chronosecure.backend.repository.CompanyRepository; If you want this repository to be a Redis repository, consider annotating your entities with one of these annotations: org.springframework.data.redis.core.RedisHash (preferred), or consider extending one of the following types with your repository: org.springframework.data.keyvalue.repository.KeyValueRepository
2026-01-23T03:59:45.918+05:30  INFO 27028 --- [chronosecure-backend] [           main] .RepositoryConfigurationExtensionSupport : Spring Data Redis - Could not safely identify store assignment for repository candidate interface com.chronosecure.backend.repository.ConsentRecordRepository; If you want this repository to be a Redis repository, consider annotating your entities with one of these annotations: org.springframework.data.redis.core.RedisHash (preferred), or consider extending one of the following types with your repository: org.springframework.data.keyvalue.repository.KeyValueRepository
2026-01-23T03:59:45.919+05:30  INFO 27028 --- [chronosecure-backend] [           main] .RepositoryConfigurationExtensionSupport : Spring Data Redis - Could not safely identify store assignment for repository candidate interface com.chronosecure.backend.repository.EmployeeRepository; If you want this repository to be a Redis repository, consider annotating your entities with one of these annotations: org.springframework.data.redis.core.RedisHash (preferred), or consider extending one of the following types with your repository: org.springframework.data.keyvalue.repository.KeyValueRepository
2026-01-23T03:59:45.919+05:30  INFO 27028 --- [chronosecure-backend] [           main] .RepositoryConfigurationExtensionSupport : Spring Data Redis - Could not safely identify store assignment for repository candidate interface com.chronosecure.backend.repository.PublicHolidayRepository; If you want this repository to be a Redis repository, consider annotating your entities with one of these annotations: org.springframework.data.redis.core.RedisHash (preferred), or consider extending one of the following types with your repository: org.springframework.data.keyvalue.repository.KeyValueRepository
2026-01-23T03:59:45.920+05:30  INFO 27028 --- [chronosecure-backend] [           main] .RepositoryConfigurationExtensionSupport : Spring Data Redis - Could not safely identify store assignment for repository candidate interface com.chronosecure.backend.repository.UserRepository; If you want this repository to be a Redis repository, consider annotating your entities with one of these annotations: org.springframework.data.redis.core.RedisHash (preferred), or consider extending one of the following types with your repository: org.springframework.data.keyvalue.repository.KeyValueRepository
2026-01-23T03:59:45.920+05:30  INFO 27028 --- [chronosecure-backend] [           main] .s.d.r.c.RepositoryConfigurationDelegate : Finished Spring Data repository scanning in 20 ms. Found 0 Redis repository interfaces.
2026-01-23T03:59:46.737+05:30  INFO 27028 --- [chronosecure-backend] [           main] ptablePropertiesBeanFactoryPostProcessor : Post-processing PropertySource instances
2026-01-23T03:59:46.739+05:30  INFO 27028 --- [chronosecure-backend] [           main] c.u.j.EncryptablePropertySourceConverter : Skipping PropertySource configurationProperties [class org.springframework.boot.context.properties.source.ConfigurationPropertySourcesPropertySource
2026-01-23T03:59:46.743+05:30  INFO 27028 --- [chronosecure-backend] [           main] c.u.j.EncryptablePropertySourceConverter : Skipping PropertySource servletConfigInitParams [class org.springframework.core.env.PropertySource$StubPropertySource
2026-01-23T03:59:46.743+05:30  INFO 27028 --- [chronosecure-backend] [           main] c.u.j.EncryptablePropertySourceConverter : Skipping PropertySource servletContextInitParams [class org.springframework.core.env.PropertySource$StubPropertySource
2026-01-23T03:59:46.749+05:30  INFO 27028 --- [chronosecure-backend] [           main] c.u.j.EncryptablePropertySourceConverter : Converting PropertySource systemProperties [org.springframework.core.env.PropertiesPropertySource] to EncryptableMapPropertySourceWrapper
2026-01-23T03:59:46.750+05:30  INFO 27028 --- [chronosecure-backend] [           main] c.u.j.EncryptablePropertySourceConverter : Converting PropertySource systemEnvironment [org.springframework.boot.env.SystemEnvironmentPropertySourceEnvironmentPostProcessor$OriginAwareSystemEnvironmentPropertySource] to EncryptableSystemEnvironmentPropertySourceWrapper
2026-01-23T03:59:46.751+05:30  INFO 27028 --- [chronosecure-backend] [           main] c.u.j.EncryptablePropertySourceConverter : Converting PropertySource random [org.springframework.boot.env.RandomValuePropertySource] to EncryptablePropertySourceWrapper
2026-01-23T03:59:46.751+05:30  INFO 27028 --- [chronosecure-backend] [           main] c.u.j.EncryptablePropertySourceConverter : Converting PropertySource Config resource 'class path resource [application.properties]' via location 'optional:classpath:/' [org.springframework.boot.env.OriginTrackedMapPropertySource] to EncryptableMapPropertySourceWrapper
WARNING: A restricted method in java.lang.System has been called
WARNING: java.lang.System::load has been called by org.apache.tomcat.jni.Library in an unnamed module (file:/C:/Users/USER/.m2/repository/org/apache/tomcat/embed/tomcat-embed-core/10.1.16/tomcat-embed-core-10.1.16.jar)
WARNING: Use --enable-native-access=ALL-UNNAMED to avoid a warning for callers in this module
WARNING: Restricted methods will be blocked in a future release unless native access is enabled

2026-01-23T03:59:47.314+05:30  INFO 27028 --- [chronosecure-backend] [           main] c.u.j.filter.DefaultLazyPropertyFilter   : Property Filter custom Bean not found with name 'encryptablePropertyFilter'. Initializing Default Property Filter
2026-01-23T03:59:47.331+05:30  INFO 27028 --- [chronosecure-backend] [           main] c.u.j.r.DefaultLazyPropertyResolver      : Property Resolver custom Bean not found with name 'encryptablePropertyResolver'. Initializing Default Property Resolver
2026-01-23T03:59:47.334+05:30  INFO 27028 --- [chronosecure-backend] [           main] c.u.j.d.DefaultLazyPropertyDetector      : Property Detector custom Bean not found with name 'encryptablePropertyDetector'. Initializing Default Property Detector
2026-01-23T03:59:47.778+05:30  INFO 27028 --- [chronosecure-backend] [           main] o.s.b.w.embedded.tomcat.TomcatWebServer  : Tomcat initialized with port 8080 (http)
2026-01-23T03:59:47.806+05:30  INFO 27028 --- [chronosecure-backend] [           main] o.apache.catalina.core.StandardService   : Starting service [Tomcat]
2026-01-23T03:59:47.807+05:30  INFO 27028 --- [chronosecure-backend] [           main] o.apache.catalina.core.StandardEngine    : Starting Servlet engine: [Apache Tomcat/10.1.16]
2026-01-23T03:59:47.974+05:30  INFO 27028 --- [chronosecure-backend] [           main] o.a.c.c.C.[Tomcat].[localhost].[/]       : Initializing Spring embedded WebApplicationContext
2026-01-23T03:59:47.976+05:30  INFO 27028 --- [chronosecure-backend] [           main] w.s.c.ServletWebServerApplicationContext : Root WebApplicationContext: initialization completed in 4424 ms
Standard Commons Logging discovery in action with spring-jcl: please remove commons-logging.jar from classpath in order to avoid potential conflicts
2026-01-23T03:59:48.114+05:30 DEBUG 27028 --- [chronosecure-backend] [           main] c.c.b.security.JwtAuthenticationFilter   : Filter 'jwtAuthenticationFilter' configured for use
2026-01-23T03:59:48.272+05:30  INFO 27028 --- [chronosecure-backend] [           main] com.zaxxer.hikari.HikariDataSource       : HikariPool-1 - Starting...
2026-01-23T03:59:48.675+05:30  INFO 27028 --- [chronosecure-backend] [           main] com.zaxxer.hikari.pool.HikariPool        : HikariPool-1 - Added connection org.postgresql.jdbc.PgConnection@6e685e6c
2026-01-23T03:59:48.677+05:30  INFO 27028 --- [chronosecure-backend] [           main] com.zaxxer.hikari.HikariDataSource       : HikariPool-1 - Start completed.
2026-01-23T03:59:48.954+05:30  INFO 27028 --- [chronosecure-backend] [           main] o.hibernate.jpa.internal.util.LogHelper  : HHH000204: Processing PersistenceUnitInfo [name: default]
2026-01-23T03:59:49.122+05:30  INFO 27028 --- [chronosecure-backend] [           main] org.hibernate.Version                    : HHH000412: Hibernate ORM core version 6.3.1.Final
2026-01-23T03:59:49.237+05:30  INFO 27028 --- [chronosecure-backend] [           main] o.h.c.internal.RegionFactoryInitiator    : HHH000026: Second-level cache disabled
2026-01-23T03:59:49.940+05:30  INFO 27028 --- [chronosecure-backend] [           main] o.s.o.j.p.SpringPersistenceUnitInfo      : No LoadTimeWeaver setup: ignoring JPA class transformer
2026-01-23T03:59:50.088+05:30  WARN 27028 --- [chronosecure-backend] [           main] org.hibernate.orm.deprecation            : HHH90000025: PostgreSQLDialect does not need to be specified explicitly using 'hibernate.dialect' (remove the property setting and it will be selected by default)
2026-01-23T03:59:52.621+05:30  INFO 27028 --- [chronosecure-backend] [           main] o.h.e.t.j.p.i.JtaPlatformInitiator       : HHH000489: No JTA platform available (set 'hibernate.transaction.jta.platform' to enable JTA platform integration)
2026-01-23T03:59:53.109+05:30  INFO 27028 --- [chronosecure-backend] [           main] j.LocalContainerEntityManagerFactoryBean : Initialized JPA EntityManagerFactory for persistence unit 'default'
2026-01-23T03:59:53.919+05:30  INFO 27028 --- [chronosecure-backend] [           main] o.s.d.j.r.query.QueryEnhancerFactory     : Hibernate is in classpath; If applicable, HQL parser will be used.
2026-01-23T03:59:55.854+05:30  WARN 27028 --- [chronosecure-backend] [           main] JpaBaseConfiguration$JpaWebConfiguration : spring.jpa.open-in-view is enabled by default. Therefore, database queries may be performed during view rendering. Explicitly configure spring.jpa.open-in-view to disable this warning
2026-01-23T03:59:55.890+05:30 DEBUG 27028 --- [chronosecure-backend] [           main] swordEncoderAuthenticationManagerBuilder : No authenticationProviders and no parentAuthenticationManager defined. Returning null.
2026-01-23T03:59:56.647+05:30  INFO 27028 --- [chronosecure-backend] [           main] o.s.s.web.DefaultSecurityFilterChain     : Will secure any request with [org.springframework.security.web.session.DisableEncodeUrlFilter@2411cf8b, org.springframework.security.web.context.request.async.WebAsyncManagerIntegrationFilter@54c3bae, org.springframework.security.web.context.SecurityContextHolderFilter@7b900883, org.springframework.security.web.header.HeaderWriterFilter@674c9079, org.springframework.web.filter.CorsFilter@6fad6743, org.springframework.security.web.authentication.logout.LogoutFilter@7a12cb2c, com.chronosecure.backend.security.JwtAuthenticationFilter@1e30db85, org.springframework.security.web.savedrequest.RequestCacheAwareFilter@37dcda42, org.springframework.security.web.servletapi.SecurityContextHolderAwareRequestFilter@42d039ef, org.springframework.security.web.authentication.AnonymousAuthenticationFilter@68a0a4ae, org.springframework.security.web.session.SessionManagementFilter@33684b87, org.springframework.security.web.access.ExceptionTranslationFilter@2acacdf, org.springframework.security.web.access.intercept.AuthorizationFilter@4fddd42b]
WARNING: A terminally deprecated method in sun.misc.Unsafe has been called
WARNING: sun.misc.Unsafe::objectFieldOffset has been called by io.netty.util.internal.PlatformDependent0$4 (file:/C:/Users/USER/.m2/repository/io/netty/netty-common/4.1.101.Final/netty-common-4.1.101.Final.jar)
WARNING: Please consider reporting this to the maintainers of class io.netty.util.internal.PlatformDependent0$4
WARNING: sun.misc.Unsafe::objectFieldOffset will be removed in a future release
2026-01-23T03:59:58.131+05:30  INFO 27028 --- [chronosecure-backend] [           main] o.s.b.w.embedded.tomcat.TomcatWebServer  : Tomcat started on port 8080 (http) with context path ''
2026-01-23T03:59:58.135+05:30  INFO 27028 --- [chronosecure-backend] [           main] u.j.c.RefreshScopeRefreshedEventListener : Refreshing cached encryptable property sources on ServletWebServerInitializedEvent
2026-01-23T03:59:58.135+05:30  INFO 27028 --- [chronosecure-backend] [           main] CachingDelegateEncryptablePropertySource : Property Source systemProperties refreshed
2026-01-23T03:59:58.135+05:30  INFO 27028 --- [chronosecure-backend] [           main] CachingDelegateEncryptablePropertySource : Property Source systemEnvironment refreshed
2026-01-23T03:59:58.135+05:30  INFO 27028 --- [chronosecure-backend] [           main] CachingDelegateEncryptablePropertySource : Property Source random refreshed
2026-01-23T03:59:58.137+05:30  INFO 27028 --- [chronosecure-backend] [           main] CachingDelegateEncryptablePropertySource : Property Source Config resource 'class path resource [application.properties]' via location 'optional:classpath:/' refreshed
2026-01-23T03:59:58.137+05:30  INFO 27028 --- [chronosecure-backend] [           main] c.u.j.EncryptablePropertySourceConverter : Skipping PropertySource configurationProperties [class org.springframework.boot.context.properties.source.ConfigurationPropertySourcesPropertySource
2026-01-23T03:59:58.137+05:30  INFO 27028 --- [chronosecure-backend] [           main] c.u.j.EncryptablePropertySourceConverter : Skipping PropertySource servletConfigInitParams [class org.springframework.core.env.PropertySource$StubPropertySource
2026-01-23T03:59:58.137+05:30  INFO 27028 --- [chronosecure-backend] [           main] c.u.j.EncryptablePropertySourceConverter : Converting PropertySource servletContextInitParams [org.springframework.web.context.support.ServletContextPropertySource] to EncryptableEnumerablePropertySourceWrapper
2026-01-23T03:59:58.151+05:30  INFO 27028 --- [chronosecure-backend] [           main] c.c.backend.BackendApplication           : Started BackendApplication in 15.779 seconds (process running for 16.893)
[INFO] ------------------------------------------------------------------------
[INFO] BUILD FAILURE
[INFO] ------------------------------------------------------------------------
[INFO] Total time:  04:05 min
[INFO] Finished at: 2026-01-23T04:03:41+05:30
[INFO] ------------------------------------------------------------------------
[ERROR] Failed to execute goal org.springframework.boot:spring-boot-maven-plugin:3.2.0:run (default-cli) on project backend: Process terminated with exit code: 1 -> [Help 1]
[ERROR] 
[ERROR] To see the full stack trace of the errors, re-run Maven with the -e switch.
[ERROR] Re-run Maven using the -X switch to enable full debug logging.
[ERROR] 
[ERROR] For more information about the errors and possible solutions, please read the following articles:
[ERROR] [Help 1] http://cwiki.apache.org/confluence/display/MAVEN/MojoExecutionException
