WARNING: A terminally deprecated method in sun.misc.Unsafe has been called
WARNING: sun.misc.Unsafe::staticFieldBase has been called by com.google.inject.internal.aop.HiddenClassDefiner (file:/C:/Users/USER/.m2/wrapper/dists/apache-maven-3.9.11/03d7e36a140982eea48e22c1dcac01d8862b2550b2939e09a0809bbc5182a5bc/lib/guice-5.1.0-classes.jar)
WARNING: Please consider reporting this to the maintainers of class com.google.inject.internal.aop.HiddenClassDefiner
WARNING: sun.misc.Unsafe::staticFieldBase will be removed in a future release
[INFO] Scanning for projects...
[INFO] 
[INFO] ----------------------< com.chronosecure:backend >----------------------
[INFO] Building backend 0.0.1-SNAPSHOT
[INFO]   from pom.xml
[INFO] --------------------------------[ jar ]---------------------------------
[INFO] 
[INFO] >>> spring-boot:3.2.0:run (default-cli) > test-compile @ backend >>>
[INFO] 
[INFO] --- resources:3.3.1:resources (default-resources) @ backend ---
[INFO] Copying 1 resource from src\main\resources to target\classes
[INFO] Copying 2 resources from src\main\resources to target\classes
[INFO] 
[INFO] --- compiler:3.11.0:compile (default-compile) @ backend ---
[INFO] Nothing to compile - all classes are up to date
[INFO] 
[INFO] --- resources:3.3.1:testResources (default-testResources) @ backend ---
[INFO] Not copying test resources
[INFO] 
[INFO] --- compiler:3.11.0:testCompile (default-testCompile) @ backend ---
[INFO] Not compiling test sources
[INFO] 
[INFO] <<< spring-boot:3.2.0:run (default-cli) < test-compile @ backend <<<
[INFO] 
[INFO] 
[INFO] --- spring-boot:3.2.0:run (default-cli) @ backend ---
[INFO] Attaching agents: []
Standard Commons Logging discovery in action with spring-jcl: please remove commons-logging.jar from classpath in order to avoid potential conflicts

  .   ____          _            __ _ _
 /\\ / ___'_ __ _ _(_)_ __  __ _ \ \ \ \
( ( )\___ | '_ | '_| | '_ \/ _` | \ \ \ \
 \\/  ___)| |_)| | | | | || (_| |  ) ) ) )
  '  |____| .__|_| |_|_| |_\__, | / / / /
 =========|_|==============|___/=/_/_/_/
 :: Spring Boot ::                (v3.2.0)

2026-01-23T09:19:43.268+05:30  INFO 3388 --- [chronosecure-backend] [           main] c.c.backend.BackendApplication           : Starting BackendApplication using Java 25.0.1 with PID 3388 (C:\Users\USER\OneDrive - itum.mrt.ac.lk\Desktop\fingerprint project\chronosecure\backend\target\classes started by USER in C:\Users\USER\OneDrive - itum.mrt.ac.lk\Desktop\fingerprint project\chronosecure\backend)
2026-01-23T09:19:43.271+05:30 DEBUG 3388 --- [chronosecure-backend] [           main] c.c.backend.BackendApplication           : Running with Spring Boot v3.2.0, Spring v6.1.1
2026-01-23T09:19:43.273+05:30  INFO 3388 --- [chronosecure-backend] [           main] c.c.backend.BackendApplication           : No active profile set, falling back to 1 default profile: "default"
2026-01-23T09:19:45.125+05:30  INFO 3388 --- [chronosecure-backend] [           main] .s.d.r.c.RepositoryConfigurationDelegate : Multiple Spring Data modules found, entering strict repository configuration mode
2026-01-23T09:19:45.127+05:30  INFO 3388 --- [chronosecure-backend] [           main] .s.d.r.c.RepositoryConfigurationDelegate : Bootstrapping Spring Data JPA repositories in DEFAULT mode.
2026-01-23T09:19:45.477+05:30  INFO 3388 --- [chronosecure-backend] [           main] .s.d.r.c.RepositoryConfigurationDelegate : Finished Spring Data repository scanning in 338 ms. Found 9 JPA repository interfaces.
2026-01-23T09:19:45.576+05:30  INFO 3388 --- [chronosecure-backend] [           main] .s.d.r.c.RepositoryConfigurationDelegate : Multiple Spring Data modules found, entering strict repository configuration mode
2026-01-23T09:19:45.578+05:30  INFO 3388 --- [chronosecure-backend] [           main] .s.d.r.c.RepositoryConfigurationDelegate : Bootstrapping Spring Data Redis repositories in DEFAULT mode.
2026-01-23T09:19:45.608+05:30  INFO 3388 --- [chronosecure-backend] [           main] .RepositoryConfigurationExtensionSupport : Spring Data Redis - Could not safely identify store assignment for repository candidate interface com.chronosecure.backend.repository.AttendanceLogRepository; If you want this repository to be a Redis repository, consider annotating your entities with one of these annotations: org.springframework.data.redis.core.RedisHash (preferred), or consider extending one of the following types with your repository: org.springframework.data.keyvalue.repository.KeyValueRepository
2026-01-23T09:19:45.610+05:30  INFO 3388 --- [chronosecure-backend] [           main] .RepositoryConfigurationExtensionSupport : Spring Data Redis - Could not safely identify store assignment for repository candidate interface com.chronosecure.backend.repository.AuditLogRepository; If you want this repository to be a Redis repository, consider annotating your entities with one of these annotations: org.springframework.data.redis.core.RedisHash (preferred), or consider extending one of the following types with your repository: org.springframework.data.keyvalue.repository.KeyValueRepository
2026-01-23T09:19:45.612+05:30  INFO 3388 --- [chronosecure-backend] [           main] .RepositoryConfigurationExtensionSupport : Spring Data Redis - Could not safely identify store assignment for repository candidate interface com.chronosecure.backend.repository.CalculatedHoursRepository; If you want this repository to be a Redis repository, consider annotating your entities with one of these annotations: org.springframework.data.redis.core.RedisHash (preferred), or consider extending one of the following types with your repository: org.springframework.data.keyvalue.repository.KeyValueRepository
2026-01-23T09:19:45.612+05:30  INFO 3388 --- [chronosecure-backend] [           main] .RepositoryConfigurationExtensionSupport : Spring Data Redis - Could not safely identify store assignment for repository candidate interface com.chronosecure.backend.repository.CompanyRepository; If you want this repository to be a Redis repository, consider annotating your entities with one of these annotations: org.springframework.data.redis.core.RedisHash (preferred), or consider extending one of the following types with your repository: org.springframework.data.keyvalue.repository.KeyValueRepository
2026-01-23T09:19:45.613+05:30  INFO 3388 --- [chronosecure-backend] [           main] .RepositoryConfigurationExtensionSupport : Spring Data Redis - Could not safely identify store assignment for repository candidate interface com.chronosecure.backend.repository.ConsentRecordRepository; If you want this repository to be a Redis repository, consider annotating your entities with one of these annotations: org.springframework.data.redis.core.RedisHash (preferred), or consider extending one of the following types with your repository: org.springframework.data.keyvalue.repository.KeyValueRepository
2026-01-23T09:19:45.613+05:30  INFO 3388 --- [chronosecure-backend] [           main] .RepositoryConfigurationExtensionSupport : Spring Data Redis - Could not safely identify store assignment for repository candidate interface com.chronosecure.backend.repository.EmployeeRepository; If you want this repository to be a Redis repository, consider annotating your entities with one of these annotations: org.springframework.data.redis.core.RedisHash (preferred), or consider extending one of the following types with your repository: org.springframework.data.keyvalue.repository.KeyValueRepository
2026-01-23T09:19:45.613+05:30  INFO 3388 --- [chronosecure-backend] [           main] .RepositoryConfigurationExtensionSupport : Spring Data Redis - Could not safely identify store assignment for repository candidate interface com.chronosecure.backend.repository.PublicHolidayRepository; If you want this repository to be a Redis repository, consider annotating your entities with one of these annotations: org.springframework.data.redis.core.RedisHash (preferred), or consider extending one of the following types with your repository: org.springframework.data.keyvalue.repository.KeyValueRepository
2026-01-23T09:19:45.615+05:30  INFO 3388 --- [chronosecure-backend] [           main] .RepositoryConfigurationExtensionSupport : Spring Data Redis - Could not safely identify store assignment for repository candidate interface com.chronosecure.backend.repository.TimeOffRequestRepository; If you want this repository to be a Redis repository, consider annotating your entities with one of these annotations: org.springframework.data.redis.core.RedisHash (preferred), or consider extending one of the following types with your repository: org.springframework.data.keyvalue.repository.KeyValueRepository
2026-01-23T09:19:45.615+05:30  INFO 3388 --- [chronosecure-backend] [           main] .RepositoryConfigurationExtensionSupport : Spring Data Redis - Could not safely identify store assignment for repository candidate interface com.chronosecure.backend.repository.UserRepository; If you want this repository to be a Redis repository, consider annotating your entities with one of these annotations: org.springframework.data.redis.core.RedisHash (preferred), or consider extending one of the following types with your repository: org.springframework.data.keyvalue.repository.KeyValueRepository
2026-01-23T09:19:45.615+05:30  INFO 3388 --- [chronosecure-backend] [           main] .s.d.r.c.RepositoryConfigurationDelegate : Finished Spring Data repository scanning in 21 ms. Found 0 Redis repository interfaces.
2026-01-23T09:19:46.200+05:30  INFO 3388 --- [chronosecure-backend] [           main] ptablePropertiesBeanFactoryPostProcessor : Post-processing PropertySource instances
2026-01-23T09:19:46.201+05:30  INFO 3388 --- [chronosecure-backend] [           main] c.u.j.EncryptablePropertySourceConverter : Skipping PropertySource configurationProperties [class org.springframework.boot.context.properties.source.ConfigurationPropertySourcesPropertySource
2026-01-23T09:19:46.205+05:30  INFO 3388 --- [chronosecure-backend] [           main] c.u.j.EncryptablePropertySourceConverter : Skipping PropertySource servletConfigInitParams [class org.springframework.core.env.PropertySource$StubPropertySource
2026-01-23T09:19:46.206+05:30  INFO 3388 --- [chronosecure-backend] [           main] c.u.j.EncryptablePropertySourceConverter : Skipping PropertySource servletContextInitParams [class org.springframework.core.env.PropertySource$StubPropertySource
2026-01-23T09:19:46.208+05:30  INFO 3388 --- [chronosecure-backend] [           main] c.u.j.EncryptablePropertySourceConverter : Converting PropertySource systemProperties [org.springframework.core.env.PropertiesPropertySource] to EncryptableMapPropertySourceWrapper
2026-01-23T09:19:46.210+05:30  INFO 3388 --- [chronosecure-backend] [           main] c.u.j.EncryptablePropertySourceConverter : Converting PropertySource systemEnvironment [org.springframework.boot.env.SystemEnvironmentPropertySourceEnvironmentPostProcessor$OriginAwareSystemEnvironmentPropertySource] to EncryptableSystemEnvironmentPropertySourceWrapper
2026-01-23T09:19:46.210+05:30  INFO 3388 --- [chronosecure-backend] [           main] c.u.j.EncryptablePropertySourceConverter : Converting PropertySource random [org.springframework.boot.env.RandomValuePropertySource] to EncryptablePropertySourceWrapper
2026-01-23T09:19:46.210+05:30  INFO 3388 --- [chronosecure-backend] [           main] c.u.j.EncryptablePropertySourceConverter : Converting PropertySource Config resource 'class path resource [application.properties]' via location 'optional:classpath:/' [org.springframework.boot.env.OriginTrackedMapPropertySource] to EncryptableMapPropertySourceWrapper
WARNING: A restricted method in java.lang.System has been called
WARNING: java.lang.System::load has been called by org.apache.tomcat.jni.Library in an unnamed module (file:/C:/Users/USER/.m2/repository/org/apache/tomcat/embed/tomcat-embed-core/10.1.16/tomcat-embed-core-10.1.16.jar)
WARNING: Use --enable-native-access=ALL-UNNAMED to avoid a warning for callers in this module
WARNING: Restricted methods will be blocked in a future release unless native access is enabled

2026-01-23T09:19:46.658+05:30  INFO 3388 --- [chronosecure-backend] [           main] c.u.j.filter.DefaultLazyPropertyFilter   : Property Filter custom Bean not found with name 'encryptablePropertyFilter'. Initializing Default Property Filter
2026-01-23T09:19:46.680+05:30  INFO 3388 --- [chronosecure-backend] [           main] c.u.j.r.DefaultLazyPropertyResolver      : Property Resolver custom Bean not found with name 'encryptablePropertyResolver'. Initializing Default Property Resolver
2026-01-23T09:19:46.687+05:30  INFO 3388 --- [chronosecure-backend] [           main] c.u.j.d.DefaultLazyPropertyDetector      : Property Detector custom Bean not found with name 'encryptablePropertyDetector'. Initializing Default Property Detector
2026-01-23T09:19:47.094+05:30  INFO 3388 --- [chronosecure-backend] [           main] o.s.b.w.embedded.tomcat.TomcatWebServer  : Tomcat initialized with port 8080 (http)
2026-01-23T09:19:47.109+05:30  INFO 3388 --- [chronosecure-backend] [           main] o.apache.catalina.core.StandardService   : Starting service [Tomcat]
2026-01-23T09:19:47.109+05:30  INFO 3388 --- [chronosecure-backend] [           main] o.apache.catalina.core.StandardEngine    : Starting Servlet engine: [Apache Tomcat/10.1.16]
2026-01-23T09:19:47.215+05:30  INFO 3388 --- [chronosecure-backend] [           main] o.a.c.c.C.[Tomcat].[localhost].[/]       : Initializing Spring embedded WebApplicationContext
2026-01-23T09:19:47.216+05:30  INFO 3388 --- [chronosecure-backend] [           main] w.s.c.ServletWebServerApplicationContext : Root WebApplicationContext: initialization completed in 3827 ms
Standard Commons Logging discovery in action with spring-jcl: please remove commons-logging.jar from classpath in order to avoid potential conflicts
2026-01-23T09:19:47.330+05:30 DEBUG 3388 --- [chronosecure-backend] [           main] c.c.b.security.JwtAuthenticationFilter   : Filter 'jwtAuthenticationFilter' configured for use
2026-01-23T09:19:47.401+05:30  INFO 3388 --- [chronosecure-backend] [           main] com.zaxxer.hikari.HikariDataSource       : HikariPool-1 - Starting...
2026-01-23T09:19:47.691+05:30  INFO 3388 --- [chronosecure-backend] [           main] com.zaxxer.hikari.pool.HikariPool        : HikariPool-1 - Added connection org.postgresql.jdbc.PgConnection@69f080ad
2026-01-23T09:19:47.693+05:30  INFO 3388 --- [chronosecure-backend] [           main] com.zaxxer.hikari.HikariDataSource       : HikariPool-1 - Start completed.
2026-01-23T09:19:47.871+05:30  INFO 3388 --- [chronosecure-backend] [           main] o.hibernate.jpa.internal.util.LogHelper  : HHH000204: Processing PersistenceUnitInfo [name: default]
2026-01-23T09:19:47.964+05:30  INFO 3388 --- [chronosecure-backend] [           main] org.hibernate.Version                    : HHH000412: Hibernate ORM core version 6.3.1.Final
2026-01-23T09:19:48.032+05:30  INFO 3388 --- [chronosecure-backend] [           main] o.h.c.internal.RegionFactoryInitiator    : HHH000026: Second-level cache disabled
2026-01-23T09:19:48.564+05:30  INFO 3388 --- [chronosecure-backend] [           main] o.s.o.j.p.SpringPersistenceUnitInfo      : No LoadTimeWeaver setup: ignoring JPA class transformer
2026-01-23T09:19:48.669+05:30  WARN 3388 --- [chronosecure-backend] [           main] org.hibernate.orm.deprecation            : HHH90000025: PostgreSQLDialect does not need to be specified explicitly using 'hibernate.dialect' (remove the property setting and it will be selected by default)
2026-01-23T09:19:50.731+05:30  INFO 3388 --- [chronosecure-backend] [           main] o.h.e.t.j.p.i.JtaPlatformInitiator       : HHH000489: No JTA platform available (set 'hibernate.transaction.jta.platform' to enable JTA platform integration)
2026-01-23T09:19:51.139+05:30  INFO 3388 --- [chronosecure-backend] [           main] j.LocalContainerEntityManagerFactoryBean : Initialized JPA EntityManagerFactory for persistence unit 'default'
2026-01-23T09:19:51.803+05:30  INFO 3388 --- [chronosecure-backend] [           main] o.s.d.j.r.query.QueryEnhancerFactory     : Hibernate is in classpath; If applicable, HQL parser will be used.
2026-01-23T09:19:53.157+05:30  INFO 3388 --- [chronosecure-backend] [           main] c.c.backend.service.FirebaseSyncService  : Initializing Firebase App explicitly in Sync Service...
WARNING: A terminally deprecated method in sun.misc.Unsafe has been called
WARNING: sun.misc.Unsafe::objectFieldOffset has been called by io.grpc.netty.shaded.io.netty.util.internal.PlatformDependent0$4 (file:/C:/Users/USER/.m2/repository/io/grpc/grpc-netty-shaded/1.55.1/grpc-netty-shaded-1.55.1.jar)
WARNING: Please consider reporting this to the maintainers of class io.grpc.netty.shaded.io.netty.util.internal.PlatformDependent0$4
WARNING: sun.misc.Unsafe::objectFieldOffset will be removed in a future release
2026-01-23T09:19:54.858+05:30  INFO 3388 --- [chronosecure-backend] [           main] c.c.backend.service.FirebaseSyncService  : Firebase Sync Task started.
2026-01-23T09:19:55.185+05:30  WARN 3388 --- [chronosecure-backend] [           main] JpaBaseConfiguration$JpaWebConfiguration : spring.jpa.open-in-view is enabled by default. Therefore, database queries may be performed during view rendering. Explicitly configure spring.jpa.open-in-view to disable this warning
2026-01-23T09:19:55.237+05:30 DEBUG 3388 --- [chronosecure-backend] [           main] swordEncoderAuthenticationManagerBuilder : No authenticationProviders and no parentAuthenticationManager defined. Returning null.
2026-01-23T09:19:58.675+05:30  INFO 3388 --- [chronosecure-backend] [           main] o.s.s.web.DefaultSecurityFilterChain     : Will secure any request with [org.springframework.security.web.session.DisableEncodeUrlFilter@4aab04cf, org.springframework.security.web.context.request.async.WebAsyncManagerIntegrationFilter@1b35f06a, org.springframework.security.web.context.SecurityContextHolderFilter@4a52c13c, org.springframework.security.web.header.HeaderWriterFilter@221416eb, org.springframework.web.filter.CorsFilter@7fd4d278, org.springframework.security.web.authentication.logout.LogoutFilter@5c9cbc69, com.chronosecure.backend.security.JwtAuthenticationFilter@685f5d0d, org.springframework.security.web.savedrequest.RequestCacheAwareFilter@5a67843b, org.springframework.security.web.servletapi.SecurityContextHolderAwareRequestFilter@73cf33bd, org.springframework.security.web.authentication.AnonymousAuthenticationFilter@d57feda, org.springframework.security.web.session.SessionManagementFilter@764f6eb0, org.springframework.security.web.access.ExceptionTranslationFilter@537231c1, org.springframework.security.web.access.intercept.AuthorizationFilter@38dd3252]
2026-01-23T09:20:08.567+05:30  INFO 3388 --- [chronosecure-backend] [           main] o.s.b.w.embedded.tomcat.TomcatWebServer  : Tomcat started on port 8080 (http) with context path ''
2026-01-23T09:20:08.576+05:30  INFO 3388 --- [chronosecure-backend] [           main] u.j.c.RefreshScopeRefreshedEventListener : Refreshing cached encryptable property sources on ServletWebServerInitializedEvent
2026-01-23T09:20:08.580+05:30  INFO 3388 --- [chronosecure-backend] [           main] CachingDelegateEncryptablePropertySource : Property Source systemProperties refreshed
2026-01-23T09:20:08.581+05:30  INFO 3388 --- [chronosecure-backend] [           main] CachingDelegateEncryptablePropertySource : Property Source systemEnvironment refreshed
2026-01-23T09:20:08.581+05:30  INFO 3388 --- [chronosecure-backend] [           main] CachingDelegateEncryptablePropertySource : Property Source random refreshed
2026-01-23T09:20:08.581+05:30  INFO 3388 --- [chronosecure-backend] [           main] CachingDelegateEncryptablePropertySource : Property Source Config resource 'class path resource [application.properties]' via location 'optional:classpath:/' refreshed
2026-01-23T09:20:08.582+05:30  INFO 3388 --- [chronosecure-backend] [           main] c.u.j.EncryptablePropertySourceConverter : Skipping PropertySource configurationProperties [class org.springframework.boot.context.properties.source.ConfigurationPropertySourcesPropertySource
2026-01-23T09:20:08.582+05:30  INFO 3388 --- [chronosecure-backend] [           main] c.u.j.EncryptablePropertySourceConverter : Skipping PropertySource servletConfigInitParams [class org.springframework.core.env.PropertySource$StubPropertySource
2026-01-23T09:20:08.586+05:30  INFO 3388 --- [chronosecure-backend] [           main] c.u.j.EncryptablePropertySourceConverter : Converting PropertySource servletContextInitParams [org.springframework.web.context.support.ServletContextPropertySource] to EncryptableEnumerablePropertySourceWrapper
2026-01-23T09:20:08.632+05:30  INFO 3388 --- [chronosecure-backend] [           main] c.c.backend.BackendApplication           : Started BackendApplication in 26.142 seconds (process running for 27.085)
2026-01-23T09:20:12.239+05:30  INFO 3388 --- [chronosecure-backend] [pool-8-thread-1] c.c.backend.service.FirebaseSyncService  : Found 4 new attendance logs in Firebase
2026-01-23T09:20:18.610+05:30  INFO 3388 --- [chronosecure-backend] [nio-8080-exec-1] o.a.c.c.C.[Tomcat].[localhost].[/]       : Initializing Spring DispatcherServlet 'dispatcherServlet'
2026-01-23T09:20:18.610+05:30  INFO 3388 --- [chronosecure-backend] [nio-8080-exec-1] o.s.web.servlet.DispatcherServlet        : Initializing Servlet 'dispatcherServlet'
2026-01-23T09:20:18.614+05:30  INFO 3388 --- [chronosecure-backend] [nio-8080-exec-1] o.s.web.servlet.DispatcherServlet        : Completed initialization in 3 ms
2026-01-23T09:20:18.660+05:30 DEBUG 3388 --- [chronosecure-backend] [nio-8080-exec-1] o.s.security.web.FilterChainProxy        : Securing OPTIONS /api/v1/auth/login
2026-01-23T09:20:18.787+05:30 DEBUG 3388 --- [chronosecure-backend] [pool-8-thread-1] org.hibernate.SQL                        : 
    select
        e1_0.id,
        e1_0.company_id,
        e1_0.created_at,
        e1_0.department,
        e1_0.email,
        e1_0.employee_code,
        e1_0.fingerprint_template_hash,
        e1_0.first_name,
        e1_0.is_active,
        e1_0.last_name,
        e1_0.pin_hash,
        e1_0.updated_at 
    from
        employees e1_0 
    where
        e1_0.employee_code=?
2026-01-23T09:20:18.824+05:30 DEBUG 3388 --- [chronosecure-backend] [nio-8080-exec-1] o.s.security.web.FilterChainProxy        : Securing POST /api/v1/auth/login
2026-01-23T09:20:18.837+05:30  WARN 3388 --- [chronosecure-backend] [pool-8-thread-1] c.c.backend.service.FirebaseSyncService  : Skipping sync: Employee not found for UID/Code: 0990
2026-01-23T09:20:18.845+05:30 DEBUG 3388 --- [chronosecure-backend] [pool-8-thread-1] org.hibernate.SQL                        : 
    select
        e1_0.id,
        e1_0.company_id,
        e1_0.created_at,
        e1_0.department,
        e1_0.email,
        e1_0.employee_code,
        e1_0.fingerprint_template_hash,
        e1_0.first_name,
        e1_0.is_active,
        e1_0.last_name,
        e1_0.pin_hash,
        e1_0.updated_at 
    from
        employees e1_0 
    where
        e1_0.employee_code=?
2026-01-23T09:20:19.879+05:30 DEBUG 3388 --- [chronosecure-backend] [pool-8-thread-1] org.hibernate.SQL                        : 
    insert 
    into
        attendance_logs
        (company_id, confidence_score, device_id, employee_id, event_timestamp, event_type, is_offline_sync, photo_url, id) 
    values
        (?, ?, ?, ?, ?, ?, ?, ?, ?)
2026-01-23T09:20:19.926+05:30  INFO 3388 --- [chronosecure-backend] [pool-8-thread-1] c.c.backend.service.FirebaseSyncService  : Synced attendance for shehan, Result: MATCH
2026-01-23T09:20:19.935+05:30 DEBUG 3388 --- [chronosecure-backend] [pool-8-thread-1] org.hibernate.SQL                        : 
    select
        e1_0.id,
        e1_0.company_id,
        e1_0.created_at,
        e1_0.department,
        e1_0.email,
        e1_0.employee_code,
        e1_0.fingerprint_template_hash,
        e1_0.first_name,
        e1_0.is_active,
        e1_0.last_name,
        e1_0.pin_hash,
        e1_0.updated_at 
    from
        employees e1_0 
    where
        e1_0.employee_code=?
2026-01-23T09:20:19.946+05:30 DEBUG 3388 --- [chronosecure-backend] [pool-8-thread-1] org.hibernate.SQL                        : 
    insert 
    into
        attendance_logs
        (company_id, confidence_score, device_id, employee_id, event_timestamp, event_type, is_offline_sync, photo_url, id) 
    values
        (?, ?, ?, ?, ?, ?, ?, ?, ?)
2026-01-23T09:20:19.951+05:30  INFO 3388 --- [chronosecure-backend] [pool-8-thread-1] c.c.backend.service.FirebaseSyncService  : Synced attendance for pasindu, Result: MATCH
2026-01-23T09:20:19.969+05:30 DEBUG 3388 --- [chronosecure-backend] [pool-8-thread-1] org.hibernate.SQL                        : 
    select
        e1_0.id,
        e1_0.company_id,
        e1_0.created_at,
        e1_0.department,
        e1_0.email,
        e1_0.employee_code,
        e1_0.fingerprint_template_hash,
        e1_0.first_name,
        e1_0.is_active,
        e1_0.last_name,
        e1_0.pin_hash,
        e1_0.updated_at 
    from
        employees e1_0 
    where
        e1_0.employee_code=?
2026-01-23T09:20:20.009+05:30 DEBUG 3388 --- [chronosecure-backend] [pool-8-thread-1] org.hibernate.SQL                        : 
    insert 
    into
        attendance_logs
        (company_id, confidence_score, device_id, employee_id, event_timestamp, event_type, is_offline_sync, photo_url, id) 
    values
        (?, ?, ?, ?, ?, ?, ?, ?, ?)
2026-01-23T09:20:20.020+05:30  INFO 3388 --- [chronosecure-backend] [pool-8-thread-1] c.c.backend.service.FirebaseSyncService  : Synced attendance for pasindu, Result: DUPLICATE
2026-01-23T09:20:20.234+05:30  WARN 3388 --- [chronosecure-backend] [nio-8080-exec-1] o.s.w.s.h.HandlerMappingIntrospector     : Cache miss for REQUEST dispatch to '/api/v1/auth/login' (previous null). Performing MatchableHandlerMapping lookup. This is logged once only at WARN level, and every time at TRACE.
2026-01-23T09:20:20.318+05:30 DEBUG 3388 --- [chronosecure-backend] [nio-8080-exec-1] o.s.security.web.FilterChainProxy        : Secured POST /api/v1/auth/login
2026-01-23T09:20:21.087+05:30 DEBUG 3388 --- [chronosecure-backend] [nio-8080-exec-1] org.hibernate.SQL                        : 
    select
        u1_0.id,
        u1_0.company_id,
        u1_0.created_at,
        u1_0.email,
        u1_0.first_name,
        u1_0.is_active,
        u1_0.last_login,
        u1_0.last_name,
        u1_0.password_hash,
        u1_0.role,
        u1_0.updated_at 
    from
        users u1_0 
    where
        u1_0.email=? 
        and u1_0.is_active
2026-01-23T09:20:21.968+05:30 DEBUG 3388 --- [chronosecure-backend] [nio-8080-exec-1] org.hibernate.SQL                        : 
    update
        users 
    set
        company_id=?,
        email=?,
        first_name=?,
        is_active=?,
        last_login=?,
        last_name=?,
        password_hash=?,
        role=?,
        updated_at=? 
    where
        id=?
2026-01-23T09:20:22.192+05:30 DEBUG 3388 --- [chronosecure-backend] [nio-8080-exec-2] o.s.security.web.FilterChainProxy        : Securing OPTIONS /api/v1/employees
2026-01-23T09:20:22.220+05:30 DEBUG 3388 --- [chronosecure-backend] [nio-8080-exec-3] o.s.security.web.FilterChainProxy        : Securing GET /api/v1/employees
2026-01-23T09:20:22.267+05:30 DEBUG 3388 --- [chronosecure-backend] [nio-8080-exec-3] o.s.security.web.FilterChainProxy        : Secured GET /api/v1/employees
2026-01-23T09:20:22.279+05:30 DEBUG 3388 --- [chronosecure-backend] [nio-8080-exec-3] horizationManagerBeforeMethodInterceptor : Authorizing method invocation ReflectiveMethodInvocation: public org.springframework.http.ResponseEntity com.chronosecure.backend.controller.EmployeeController.getAllEmployees(java.util.UUID); target is of class [com.chronosecure.backend.controller.EmployeeController]
2026-01-23T09:20:22.339+05:30 DEBUG 3388 --- [chronosecure-backend] [nio-8080-exec-3] horizationManagerBeforeMethodInterceptor : Authorized method invocation ReflectiveMethodInvocation: public org.springframework.http.ResponseEntity com.chronosecure.backend.controller.EmployeeController.getAllEmployees(java.util.UUID); target is of class [com.chronosecure.backend.controller.EmployeeController]
2026-01-23T09:20:22.365+05:30 DEBUG 3388 --- [chronosecure-backend] [nio-8080-exec-3] org.hibernate.SQL                        : 
    select
        e1_0.id,
        e1_0.company_id,
        e1_0.created_at,
        e1_0.department,
        e1_0.email,
        e1_0.employee_code,
        e1_0.fingerprint_template_hash,
        e1_0.first_name,
        e1_0.is_active,
        e1_0.last_name,
        e1_0.pin_hash,
        e1_0.updated_at 
    from
        employees e1_0 
    where
        e1_0.company_id=? 
        and e1_0.is_active
2026-01-23T09:20:24.766+05:30 DEBUG 3388 --- [chronosecure-backend] [nio-8080-exec-4] o.s.security.web.FilterChainProxy        : Securing GET /api/v1/employees
2026-01-23T09:20:25.503+05:30 DEBUG 3388 --- [chronosecure-backend] [nio-8080-exec-4] o.s.security.web.FilterChainProxy        : Secured GET /api/v1/employees
2026-01-23T09:20:25.510+05:30 DEBUG 3388 --- [chronosecure-backend] [nio-8080-exec-4] horizationManagerBeforeMethodInterceptor : Authorizing method invocation ReflectiveMethodInvocation: public org.springframework.http.ResponseEntity com.chronosecure.backend.controller.EmployeeController.getAllEmployees(java.util.UUID); target is of class [com.chronosecure.backend.controller.EmployeeController]
2026-01-23T09:20:25.511+05:30 DEBUG 3388 --- [chronosecure-backend] [nio-8080-exec-4] horizationManagerBeforeMethodInterceptor : Authorized method invocation ReflectiveMethodInvocation: public org.springframework.http.ResponseEntity com.chronosecure.backend.controller.EmployeeController.getAllEmployees(java.util.UUID); target is of class [com.chronosecure.backend.controller.EmployeeController]
2026-01-23T09:20:25.529+05:30 DEBUG 3388 --- [chronosecure-backend] [nio-8080-exec-4] org.hibernate.SQL                        : 
    select
        e1_0.id,
        e1_0.company_id,
        e1_0.created_at,
        e1_0.department,
        e1_0.email,
        e1_0.employee_code,
        e1_0.fingerprint_template_hash,
        e1_0.first_name,
        e1_0.is_active,
        e1_0.last_name,
        e1_0.pin_hash,
        e1_0.updated_at 
    from
        employees e1_0 
    where
        e1_0.company_id=? 
        and e1_0.is_active
2026-01-23T09:20:26.774+05:30 DEBUG 3388 --- [chronosecure-backend] [nio-8080-exec-5] o.s.security.web.FilterChainProxy        : Securing GET /api/v1/employees
2026-01-23T09:20:26.946+05:30 DEBUG 3388 --- [chronosecure-backend] [nio-8080-exec-6] o.s.security.web.FilterChainProxy        : Securing OPTIONS /api/v1/attendance/logs?startDate=2026-01-16&endDate=2026-01-23
2026-01-23T09:20:27.011+05:30 DEBUG 3388 --- [chronosecure-backend] [nio-8080-exec-7] o.s.security.web.FilterChainProxy        : Securing GET /api/v1/attendance/logs?startDate=2026-01-16&endDate=2026-01-23
2026-01-23T09:20:27.208+05:30 DEBUG 3388 --- [chronosecure-backend] [nio-8080-exec-5] o.s.security.web.FilterChainProxy        : Secured GET /api/v1/employees
2026-01-23T09:20:27.224+05:30 DEBUG 3388 --- [chronosecure-backend] [nio-8080-exec-5] horizationManagerBeforeMethodInterceptor : Authorizing method invocation ReflectiveMethodInvocation: public org.springframework.http.ResponseEntity com.chronosecure.backend.controller.EmployeeController.getAllEmployees(java.util.UUID); target is of class [com.chronosecure.backend.controller.EmployeeController]
2026-01-23T09:20:27.225+05:30 DEBUG 3388 --- [chronosecure-backend] [nio-8080-exec-5] horizationManagerBeforeMethodInterceptor : Authorized method invocation ReflectiveMethodInvocation: public org.springframework.http.ResponseEntity com.chronosecure.backend.controller.EmployeeController.getAllEmployees(java.util.UUID); target is of class [com.chronosecure.backend.controller.EmployeeController]
2026-01-23T09:20:27.287+05:30 DEBUG 3388 --- [chronosecure-backend] [nio-8080-exec-5] org.hibernate.SQL                        : 
    select
        e1_0.id,
        e1_0.company_id,
        e1_0.created_at,
        e1_0.department,
        e1_0.email,
        e1_0.employee_code,
        e1_0.fingerprint_template_hash,
        e1_0.first_name,
        e1_0.is_active,
        e1_0.last_name,
        e1_0.pin_hash,
        e1_0.updated_at 
    from
        employees e1_0 
    where
        e1_0.company_id=? 
        and e1_0.is_active
2026-01-23T09:20:27.317+05:30 DEBUG 3388 --- [chronosecure-backend] [nio-8080-exec-7] o.s.security.web.FilterChainProxy        : Secured GET /api/v1/attendance/logs?startDate=2026-01-16&endDate=2026-01-23
2026-01-23T09:20:27.467+05:30 DEBUG 3388 --- [chronosecure-backend] [nio-8080-exec-7] horizationManagerBeforeMethodInterceptor : Authorizing method invocation ReflectiveMethodInvocation: public org.springframework.http.ResponseEntity com.chronosecure.backend.controller.AttendanceController.getAttendanceLogs(java.util.UUID,java.time.LocalDate,java.time.LocalDate); target is of class [com.chronosecure.backend.controller.AttendanceController]
2026-01-23T09:20:27.469+05:30 DEBUG 3388 --- [chronosecure-backend] [nio-8080-exec-7] horizationManagerBeforeMethodInterceptor : Authorized method invocation ReflectiveMethodInvocation: public org.springframework.http.ResponseEntity com.chronosecure.backend.controller.AttendanceController.getAttendanceLogs(java.util.UUID,java.time.LocalDate,java.time.LocalDate); target is of class [com.chronosecure.backend.controller.AttendanceController]
2026-01-23T09:20:27.579+05:30 DEBUG 3388 --- [chronosecure-backend] [nio-8080-exec-7] org.hibernate.SQL                        : 
    select
        al1_0.id,
        al1_0.company_id,
        al1_0.confidence_score,
        al1_0.device_id,
        al1_0.employee_id,
        al1_0.event_timestamp,
        al1_0.event_type,
        al1_0.is_offline_sync,
        al1_0.photo_url 
    from
        attendance_logs al1_0 
    where
        al1_0.company_id=? 
        and al1_0.event_timestamp between ? and ? 
    order by
        al1_0.event_timestamp desc
2026-01-23T09:20:27.682+05:30 DEBUG 3388 --- [chronosecure-backend] [nio-8080-exec-7] org.hibernate.SQL                        : 
    select
        e1_0.id,
        e1_0.company_id,
        e1_0.created_at,
        e1_0.department,
        e1_0.email,
        e1_0.employee_code,
        e1_0.fingerprint_template_hash,
        e1_0.first_name,
        e1_0.is_active,
        e1_0.last_name,
        e1_0.pin_hash,
        e1_0.updated_at 
    from
        employees e1_0 
    where
        e1_0.id=?
2026-01-23T09:20:27.692+05:30 DEBUG 3388 --- [chronosecure-backend] [nio-8080-exec-7] org.hibernate.SQL                        : 
    select
        e1_0.id,
        e1_0.company_id,
        e1_0.created_at,
        e1_0.department,
        e1_0.email,
        e1_0.employee_code,
        e1_0.fingerprint_template_hash,
        e1_0.first_name,
        e1_0.is_active,
        e1_0.last_name,
        e1_0.pin_hash,
        e1_0.updated_at 
    from
        employees e1_0 
    where
        e1_0.id=?
2026-01-23T09:20:35.277+05:30 DEBUG 3388 --- [chronosecure-backend] [nio-8080-exec-8] o.s.security.web.FilterChainProxy        : Securing OPTIONS /api/v1/time-off/requests
2026-01-23T09:20:35.387+05:30 DEBUG 3388 --- [chronosecure-backend] [nio-8080-exec-8] o.s.security.web.FilterChainProxy        : Securing GET /api/v1/time-off/requests
2026-01-23T09:20:35.526+05:30 DEBUG 3388 --- [chronosecure-backend] [nio-8080-exec-8] o.s.security.web.FilterChainProxy        : Secured GET /api/v1/time-off/requests
2026-01-23T09:20:35.560+05:30 DEBUG 3388 --- [chronosecure-backend] [nio-8080-exec-8] org.hibernate.SQL                        : 
    select
        tor1_0.id,
        tor1_0.company_id,
        tor1_0.created_at,
        tor1_0.employee_id,
        tor1_0.end_date,
        tor1_0.reason,
        tor1_0.start_date,
        tor1_0.status,
        tor1_0.updated_at 
    from
        time_off_requests tor1_0 
    where
        tor1_0.company_id=? 
    order by
        tor1_0.created_at desc
