WARNING: A terminally deprecated method in sun.misc.Unsafe has been called
WARNING: sun.misc.Unsafe::staticFieldBase has been called by com.google.inject.internal.aop.HiddenClassDefiner (file:/C:/Users/USER/.m2/wrapper/dists/apache-maven-3.9.11/03d7e36a140982eea48e22c1dcac01d8862b2550b2939e09a0809bbc5182a5bc/lib/guice-5.1.0-classes.jar)
WARNING: Please consider reporting this to the maintainers of class com.google.inject.internal.aop.HiddenClassDefiner
WARNING: sun.misc.Unsafe::staticFieldBase will be removed in a future release
[INFO] Scanning for projects...
[INFO] 
[INFO] ----------------------< com.chronosecure:backend >----------------------
[INFO] Building backend 0.0.1-SNAPSHOT
[INFO]   from pom.xml
[INFO] --------------------------------[ jar ]---------------------------------
[INFO] 
[INFO] >>> spring-boot:3.2.0:run (default-cli) > test-compile @ backend >>>
[INFO] 
[INFO] --- resources:3.3.1:resources (default-resources) @ backend ---
[INFO] Copying 1 resource from src\main\resources to target\classes
[INFO] Copying 2 resources from src\main\resources to target\classes
[INFO] 
[INFO] --- compiler:3.11.0:compile (default-compile) @ backend ---
[INFO] Nothing to compile - all classes are up to date
[INFO] 
[INFO] --- resources:3.3.1:testResources (default-testResources) @ backend ---
[INFO] Not copying test resources
[INFO] 
[INFO] --- compiler:3.11.0:testCompile (default-testCompile) @ backend ---
[INFO] Not compiling test sources
[INFO] 
[INFO] <<< spring-boot:3.2.0:run (default-cli) < test-compile @ backend <<<
[INFO] 
[INFO] 
[INFO] --- spring-boot:3.2.0:run (default-cli) @ backend ---
[INFO] Attaching agents: []
Standard Commons Logging discovery in action with spring-jcl: please remove commons-logging.jar from classpath in order to avoid potential conflicts

  .   ____          _            __ _ _
 /\\ / ___'_ __ _ _(_)_ __  __ _ \ \ \ \
( ( )\___ | '_ | '_| | '_ \/ _` | \ \ \ \
 \\/  ___)| |_)| | | | | || (_| |  ) ) ) )
  '  |____| .__|_| |_|_| |_\__, | / / / /
 =========|_|==============|___/=/_/_/_/
 :: Spring Boot ::                (v3.2.0)

2026-01-23T09:38:37.306+05:30  INFO 34556 --- [chronosecure-backend] [           main] c.c.backend.BackendApplication           : Starting BackendApplication using Java 25.0.1 with PID 34556 (C:\Users\USER\OneDrive - itum.mrt.ac.lk\Desktop\fingerprint project\chronosecure\backend\target\classes started by USER in C:\Users\USER\OneDrive - itum.mrt.ac.lk\Desktop\fingerprint project\chronosecure\backend)
2026-01-23T09:38:37.308+05:30 DEBUG 34556 --- [chronosecure-backend] [           main] c.c.backend.BackendApplication           : Running with Spring Boot v3.2.0, Spring v6.1.1
2026-01-23T09:38:37.309+05:30  INFO 34556 --- [chronosecure-backend] [           main] c.c.backend.BackendApplication           : No active profile set, falling back to 1 default profile: "default"
2026-01-23T09:38:39.110+05:30  INFO 34556 --- [chronosecure-backend] [           main] .s.d.r.c.RepositoryConfigurationDelegate : Multiple Spring Data modules found, entering strict repository configuration mode
2026-01-23T09:38:39.113+05:30  INFO 34556 --- [chronosecure-backend] [           main] .s.d.r.c.RepositoryConfigurationDelegate : Bootstrapping Spring Data JPA repositories in DEFAULT mode.
2026-01-23T09:38:39.902+05:30  INFO 34556 --- [chronosecure-backend] [           main] .s.d.r.c.RepositoryConfigurationDelegate : Finished Spring Data repository scanning in 773 ms. Found 9 JPA repository interfaces.
2026-01-23T09:38:39.951+05:30  INFO 34556 --- [chronosecure-backend] [           main] .s.d.r.c.RepositoryConfigurationDelegate : Multiple Spring Data modules found, entering strict repository configuration mode
2026-01-23T09:38:39.953+05:30  INFO 34556 --- [chronosecure-backend] [           main] .s.d.r.c.RepositoryConfigurationDelegate : Bootstrapping Spring Data Redis repositories in DEFAULT mode.
2026-01-23T09:38:40.001+05:30  INFO 34556 --- [chronosecure-backend] [           main] .RepositoryConfigurationExtensionSupport : Spring Data Redis - Could not safely identify store assignment for repository candidate interface com.chronosecure.backend.repository.AttendanceLogRepository; If you want this repository to be a Redis repository, consider annotating your entities with one of these annotations: org.springframework.data.redis.core.RedisHash (preferred), or consider extending one of the following types with your repository: org.springframework.data.keyvalue.repository.KeyValueRepository
2026-01-23T09:38:40.002+05:30  INFO 34556 --- [chronosecure-backend] [           main] .RepositoryConfigurationExtensionSupport : Spring Data Redis - Could not safely identify store assignment for repository candidate interface com.chronosecure.backend.repository.AuditLogRepository; If you want this repository to be a Redis repository, consider annotating your entities with one of these annotations: org.springframework.data.redis.core.RedisHash (preferred), or consider extending one of the following types with your repository: org.springframework.data.keyvalue.repository.KeyValueRepository
2026-01-23T09:38:40.005+05:30  INFO 34556 --- [chronosecure-backend] [           main] .RepositoryConfigurationExtensionSupport : Spring Data Redis - Could not safely identify store assignment for repository candidate interface com.chronosecure.backend.repository.CalculatedHoursRepository; If you want this repository to be a Redis repository, consider annotating your entities with one of these annotations: org.springframework.data.redis.core.RedisHash (preferred), or consider extending one of the following types with your repository: org.springframework.data.keyvalue.repository.KeyValueRepository
2026-01-23T09:38:40.005+05:30  INFO 34556 --- [chronosecure-backend] [           main] .RepositoryConfigurationExtensionSupport : Spring Data Redis - Could not safely identify store assignment for repository candidate interface com.chronosecure.backend.repository.CompanyRepository; If you want this repository to be a Redis repository, consider annotating your entities with one of these annotations: org.springframework.data.redis.core.RedisHash (preferred), or consider extending one of the following types with your repository: org.springframework.data.keyvalue.repository.KeyValueRepository
2026-01-23T09:38:40.006+05:30  INFO 34556 --- [chronosecure-backend] [           main] .RepositoryConfigurationExtensionSupport : Spring Data Redis - Could not safely identify store assignment for repository candidate interface com.chronosecure.backend.repository.ConsentRecordRepository; If you want this repository to be a Redis repository, consider annotating your entities with one of these annotations: org.springframework.data.redis.core.RedisHash (preferred), or consider extending one of the following types with your repository: org.springframework.data.keyvalue.repository.KeyValueRepository
2026-01-23T09:38:40.006+05:30  INFO 34556 --- [chronosecure-backend] [           main] .RepositoryConfigurationExtensionSupport : Spring Data Redis - Could not safely identify store assignment for repository candidate interface com.chronosecure.backend.repository.EmployeeRepository; If you want this repository to be a Redis repository, consider annotating your entities with one of these annotations: org.springframework.data.redis.core.RedisHash (preferred), or consider extending one of the following types with your repository: org.springframework.data.keyvalue.repository.KeyValueRepository
2026-01-23T09:38:40.007+05:30  INFO 34556 --- [chronosecure-backend] [           main] .RepositoryConfigurationExtensionSupport : Spring Data Redis - Could not safely identify store assignment for repository candidate interface com.chronosecure.backend.repository.PublicHolidayRepository; If you want this repository to be a Redis repository, consider annotating your entities with one of these annotations: org.springframework.data.redis.core.RedisHash (preferred), or consider extending one of the following types with your repository: org.springframework.data.keyvalue.repository.KeyValueRepository
2026-01-23T09:38:40.007+05:30  INFO 34556 --- [chronosecure-backend] [           main] .RepositoryConfigurationExtensionSupport : Spring Data Redis - Could not safely identify store assignment for repository candidate interface com.chronosecure.backend.repository.TimeOffRequestRepository; If you want this repository to be a Redis repository, consider annotating your entities with one of these annotations: org.springframework.data.redis.core.RedisHash (preferred), or consider extending one of the following types with your repository: org.springframework.data.keyvalue.repository.KeyValueRepository
2026-01-23T09:38:40.008+05:30  INFO 34556 --- [chronosecure-backend] [           main] .RepositoryConfigurationExtensionSupport : Spring Data Redis - Could not safely identify store assignment for repository candidate interface com.chronosecure.backend.repository.UserRepository; If you want this repository to be a Redis repository, consider annotating your entities with one of these annotations: org.springframework.data.redis.core.RedisHash (preferred), or consider extending one of the following types with your repository: org.springframework.data.keyvalue.repository.KeyValueRepository
2026-01-23T09:38:40.008+05:30  INFO 34556 --- [chronosecure-backend] [           main] .s.d.r.c.RepositoryConfigurationDelegate : Finished Spring Data repository scanning in 21 ms. Found 0 Redis repository interfaces.
2026-01-23T09:38:41.064+05:30  INFO 34556 --- [chronosecure-backend] [           main] ptablePropertiesBeanFactoryPostProcessor : Post-processing PropertySource instances
2026-01-23T09:38:41.066+05:30  INFO 34556 --- [chronosecure-backend] [           main] c.u.j.EncryptablePropertySourceConverter : Skipping PropertySource configurationProperties [class org.springframework.boot.context.properties.source.ConfigurationPropertySourcesPropertySource
2026-01-23T09:38:41.071+05:30  INFO 34556 --- [chronosecure-backend] [           main] c.u.j.EncryptablePropertySourceConverter : Skipping PropertySource servletConfigInitParams [class org.springframework.core.env.PropertySource$StubPropertySource
2026-01-23T09:38:41.071+05:30  INFO 34556 --- [chronosecure-backend] [           main] c.u.j.EncryptablePropertySourceConverter : Skipping PropertySource servletContextInitParams [class org.springframework.core.env.PropertySource$StubPropertySource
2026-01-23T09:38:41.073+05:30  INFO 34556 --- [chronosecure-backend] [           main] c.u.j.EncryptablePropertySourceConverter : Converting PropertySource systemProperties [org.springframework.core.env.PropertiesPropertySource] to EncryptableMapPropertySourceWrapper
2026-01-23T09:38:41.075+05:30  INFO 34556 --- [chronosecure-backend] [           main] c.u.j.EncryptablePropertySourceConverter : Converting PropertySource systemEnvironment [org.springframework.boot.env.SystemEnvironmentPropertySourceEnvironmentPostProcessor$OriginAwareSystemEnvironmentPropertySource] to EncryptableSystemEnvironmentPropertySourceWrapper
2026-01-23T09:38:41.077+05:30  INFO 34556 --- [chronosecure-backend] [           main] c.u.j.EncryptablePropertySourceConverter : Converting PropertySource random [org.springframework.boot.env.RandomValuePropertySource] to EncryptablePropertySourceWrapper
2026-01-23T09:38:41.080+05:30  INFO 34556 --- [chronosecure-backend] [           main] c.u.j.EncryptablePropertySourceConverter : Converting PropertySource Config resource 'class path resource [application.properties]' via location 'optional:classpath:/' [org.springframework.boot.env.OriginTrackedMapPropertySource] to EncryptableMapPropertySourceWrapper
WARNING: A restricted method in java.lang.System has been called
WARNING: java.lang.System::load has been called by org.apache.tomcat.jni.Library in an unnamed module (file:/C:/Users/USER/.m2/repository/org/apache/tomcat/embed/tomcat-embed-core/10.1.16/tomcat-embed-core-10.1.16.jar)
WARNING: Use --enable-native-access=ALL-UNNAMED to avoid a warning for callers in this module
WARNING: Restricted methods will be blocked in a future release unless native access is enabled

2026-01-23T09:38:41.452+05:30  INFO 34556 --- [chronosecure-backend] [           main] c.u.j.filter.DefaultLazyPropertyFilter   : Property Filter custom Bean not found with name 'encryptablePropertyFilter'. Initializing Default Property Filter
2026-01-23T09:38:41.490+05:30  INFO 34556 --- [chronosecure-backend] [           main] c.u.j.r.DefaultLazyPropertyResolver      : Property Resolver custom Bean not found with name 'encryptablePropertyResolver'. Initializing Default Property Resolver
2026-01-23T09:38:41.494+05:30  INFO 34556 --- [chronosecure-backend] [           main] c.u.j.d.DefaultLazyPropertyDetector      : Property Detector custom Bean not found with name 'encryptablePropertyDetector'. Initializing Default Property Detector
2026-01-23T09:38:41.962+05:30  INFO 34556 --- [chronosecure-backend] [           main] o.s.b.w.embedded.tomcat.TomcatWebServer  : Tomcat initialized with port 8080 (http)
2026-01-23T09:38:41.987+05:30  INFO 34556 --- [chronosecure-backend] [           main] o.apache.catalina.core.StandardService   : Starting service [Tomcat]
2026-01-23T09:38:41.988+05:30  INFO 34556 --- [chronosecure-backend] [           main] o.apache.catalina.core.StandardEngine    : Starting Servlet engine: [Apache Tomcat/10.1.16]
2026-01-23T09:38:42.169+05:30  INFO 34556 --- [chronosecure-backend] [           main] o.a.c.c.C.[Tomcat].[localhost].[/]       : Initializing Spring embedded WebApplicationContext
2026-01-23T09:38:42.171+05:30  INFO 34556 --- [chronosecure-backend] [           main] w.s.c.ServletWebServerApplicationContext : Root WebApplicationContext: initialization completed in 4752 ms
Standard Commons Logging discovery in action with spring-jcl: please remove commons-logging.jar from classpath in order to avoid potential conflicts
2026-01-23T09:38:42.264+05:30 DEBUG 34556 --- [chronosecure-backend] [           main] c.c.b.security.JwtAuthenticationFilter   : Filter 'jwtAuthenticationFilter' configured for use
2026-01-23T09:38:42.330+05:30  INFO 34556 --- [chronosecure-backend] [           main] com.zaxxer.hikari.HikariDataSource       : HikariPool-1 - Starting...
2026-01-23T09:38:42.690+05:30  INFO 34556 --- [chronosecure-backend] [           main] com.zaxxer.hikari.pool.HikariPool        : HikariPool-1 - Added connection org.postgresql.jdbc.PgConnection@1860a7a1
2026-01-23T09:38:42.693+05:30  INFO 34556 --- [chronosecure-backend] [           main] com.zaxxer.hikari.HikariDataSource       : HikariPool-1 - Start completed.
2026-01-23T09:38:42.891+05:30  INFO 34556 --- [chronosecure-backend] [           main] o.hibernate.jpa.internal.util.LogHelper  : HHH000204: Processing PersistenceUnitInfo [name: default]
2026-01-23T09:38:43.047+05:30  INFO 34556 --- [chronosecure-backend] [           main] org.hibernate.Version                    : HHH000412: Hibernate ORM core version 6.3.1.Final
2026-01-23T09:38:43.140+05:30  INFO 34556 --- [chronosecure-backend] [           main] o.h.c.internal.RegionFactoryInitiator    : HHH000026: Second-level cache disabled
2026-01-23T09:38:43.753+05:30  INFO 34556 --- [chronosecure-backend] [           main] o.s.o.j.p.SpringPersistenceUnitInfo      : No LoadTimeWeaver setup: ignoring JPA class transformer
2026-01-23T09:38:43.877+05:30  WARN 34556 --- [chronosecure-backend] [           main] org.hibernate.orm.deprecation            : HHH90000025: PostgreSQLDialect does not need to be specified explicitly using 'hibernate.dialect' (remove the property setting and it will be selected by default)
2026-01-23T09:38:46.133+05:30  INFO 34556 --- [chronosecure-backend] [           main] o.h.e.t.j.p.i.JtaPlatformInitiator       : HHH000489: No JTA platform available (set 'hibernate.transaction.jta.platform' to enable JTA platform integration)
2026-01-23T09:38:46.532+05:30  INFO 34556 --- [chronosecure-backend] [           main] j.LocalContainerEntityManagerFactoryBean : Initialized JPA EntityManagerFactory for persistence unit 'default'
2026-01-23T09:38:47.196+05:30  INFO 34556 --- [chronosecure-backend] [           main] o.s.d.j.r.query.QueryEnhancerFactory     : Hibernate is in classpath; If applicable, HQL parser will be used.
2026-01-23T09:38:48.533+05:30  INFO 34556 --- [chronosecure-backend] [           main] c.c.backend.service.FirebaseSyncService  : Initializing Firebase App explicitly in Sync Service...
WARNING: A terminally deprecated method in sun.misc.Unsafe has been called
WARNING: sun.misc.Unsafe::objectFieldOffset has been called by io.grpc.netty.shaded.io.netty.util.internal.PlatformDependent0$4 (file:/C:/Users/USER/.m2/repository/io/grpc/grpc-netty-shaded/1.55.1/grpc-netty-shaded-1.55.1.jar)
WARNING: Please consider reporting this to the maintainers of class io.grpc.netty.shaded.io.netty.util.internal.PlatformDependent0$4
WARNING: sun.misc.Unsafe::objectFieldOffset will be removed in a future release
2026-01-23T09:38:50.368+05:30  INFO 34556 --- [chronosecure-backend] [           main] c.c.backend.service.FirebaseSyncService  : Firebase Sync Task started.
2026-01-23T09:38:50.695+05:30  WARN 34556 --- [chronosecure-backend] [           main] JpaBaseConfiguration$JpaWebConfiguration : spring.jpa.open-in-view is enabled by default. Therefore, database queries may be performed during view rendering. Explicitly configure spring.jpa.open-in-view to disable this warning
2026-01-23T09:38:50.729+05:30 DEBUG 34556 --- [chronosecure-backend] [           main] swordEncoderAuthenticationManagerBuilder : No authenticationProviders and no parentAuthenticationManager defined. Returning null.
2026-01-23T09:38:51.343+05:30  INFO 34556 --- [chronosecure-backend] [           main] o.s.s.web.DefaultSecurityFilterChain     : Will secure any request with [org.springframework.security.web.session.DisableEncodeUrlFilter@3910a29c, org.springframework.security.web.context.request.async.WebAsyncManagerIntegrationFilter@6767f1c4, org.springframework.security.web.context.SecurityContextHolderFilter@221416eb, org.springframework.security.web.header.HeaderWriterFilter@69235eea, org.springframework.web.filter.CorsFilter@199f2854, org.springframework.security.web.authentication.logout.LogoutFilter@4ef55aa6, com.chronosecure.backend.security.JwtAuthenticationFilter@7aea704c, org.springframework.security.web.savedrequest.RequestCacheAwareFilter@1fa59b0d, org.springframework.security.web.servletapi.SecurityContextHolderAwareRequestFilter@e71bd92, org.springframework.security.web.authentication.AnonymousAuthenticationFilter@5c9cbc69, org.springframework.security.web.session.SessionManagementFilter@cce77c8, org.springframework.security.web.access.ExceptionTranslationFilter@5f597b1c, org.springframework.security.web.access.intercept.AuthorizationFilter@74055597]
2026-01-23T09:38:52.671+05:30  INFO 34556 --- [chronosecure-backend] [           main] o.s.b.w.embedded.tomcat.TomcatWebServer  : Tomcat started on port 8080 (http) with context path ''
2026-01-23T09:38:52.672+05:30  INFO 34556 --- [chronosecure-backend] [           main] u.j.c.RefreshScopeRefreshedEventListener : Refreshing cached encryptable property sources on ServletWebServerInitializedEvent
2026-01-23T09:38:52.673+05:30  INFO 34556 --- [chronosecure-backend] [           main] CachingDelegateEncryptablePropertySource : Property Source systemProperties refreshed
2026-01-23T09:38:52.673+05:30  INFO 34556 --- [chronosecure-backend] [           main] CachingDelegateEncryptablePropertySource : Property Source systemEnvironment refreshed
2026-01-23T09:38:52.673+05:30  INFO 34556 --- [chronosecure-backend] [           main] CachingDelegateEncryptablePropertySource : Property Source random refreshed
2026-01-23T09:38:52.673+05:30  INFO 34556 --- [chronosecure-backend] [           main] CachingDelegateEncryptablePropertySource : Property Source Config resource 'class path resource [application.properties]' via location 'optional:classpath:/' refreshed
2026-01-23T09:38:52.674+05:30  INFO 34556 --- [chronosecure-backend] [           main] c.u.j.EncryptablePropertySourceConverter : Skipping PropertySource configurationProperties [class org.springframework.boot.context.properties.source.ConfigurationPropertySourcesPropertySource
2026-01-23T09:38:52.674+05:30  INFO 34556 --- [chronosecure-backend] [           main] c.u.j.EncryptablePropertySourceConverter : Skipping PropertySource servletConfigInitParams [class org.springframework.core.env.PropertySource$StubPropertySource
2026-01-23T09:38:52.674+05:30  INFO 34556 --- [chronosecure-backend] [           main] c.u.j.EncryptablePropertySourceConverter : Converting PropertySource servletContextInitParams [org.springframework.web.context.support.ServletContextPropertySource] to EncryptableEnumerablePropertySourceWrapper
2026-01-23T09:38:52.683+05:30  INFO 34556 --- [chronosecure-backend] [           main] c.c.backend.BackendApplication           : Started BackendApplication in 16.137 seconds (process running for 17.007)
2026-01-23T09:38:59.719+05:30  INFO 34556 --- [chronosecure-backend] [pool-8-thread-1] c.c.backend.service.FirebaseSyncService  : Found 4 new attendance logs in Firebase
2026-01-23T09:38:59.964+05:30 DEBUG 34556 --- [chronosecure-backend] [pool-8-thread-1] org.hibernate.SQL                        : 
    select
        e1_0.id,
        e1_0.company_id,
        e1_0.created_at,
        e1_0.department,
        e1_0.email,
        e1_0.employee_code,
        e1_0.fingerprint_template_hash,
        e1_0.first_name,
        e1_0.is_active,
        e1_0.last_name,
        e1_0.pin_hash,
        e1_0.updated_at 
    from
        employees e1_0 
    where
        e1_0.employee_code=?
2026-01-23T09:38:59.983+05:30  WARN 34556 --- [chronosecure-backend] [pool-8-thread-1] c.c.backend.service.FirebaseSyncService  : Skipping sync: Employee not found for UID/Code: 0990
2026-01-23T09:38:59.987+05:30 DEBUG 34556 --- [chronosecure-backend] [pool-8-thread-1] org.hibernate.SQL                        : 
    select
        e1_0.id,
        e1_0.company_id,
        e1_0.created_at,
        e1_0.department,
        e1_0.email,
        e1_0.employee_code,
        e1_0.fingerprint_template_hash,
        e1_0.first_name,
        e1_0.is_active,
        e1_0.last_name,
        e1_0.pin_hash,
        e1_0.updated_at 
    from
        employees e1_0 
    where
        e1_0.employee_code=?
2026-01-23T09:39:00.191+05:30 DEBUG 34556 --- [chronosecure-backend] [pool-8-thread-1] org.hibernate.SQL                        : 
    insert 
    into
        attendance_logs
        (company_id, confidence_score, device_id, employee_id, event_timestamp, event_type, is_offline_sync, photo_url, id) 
    values
        (?, ?, ?, ?, ?, ?, ?, ?, ?)
2026-01-23T09:39:00.212+05:30  INFO 34556 --- [chronosecure-backend] [pool-8-thread-1] c.c.backend.service.FirebaseSyncService  : Synced attendance for shehan, Result: MATCH
2026-01-23T09:39:00.215+05:30 DEBUG 34556 --- [chronosecure-backend] [pool-8-thread-1] org.hibernate.SQL                        : 
    select
        e1_0.id,
        e1_0.company_id,
        e1_0.created_at,
        e1_0.department,
        e1_0.email,
        e1_0.employee_code,
        e1_0.fingerprint_template_hash,
        e1_0.first_name,
        e1_0.is_active,
        e1_0.last_name,
        e1_0.pin_hash,
        e1_0.updated_at 
    from
        employees e1_0 
    where
        e1_0.employee_code=?
2026-01-23T09:39:00.219+05:30 DEBUG 34556 --- [chronosecure-backend] [pool-8-thread-1] org.hibernate.SQL                        : 
    insert 
    into
        attendance_logs
        (company_id, confidence_score, device_id, employee_id, event_timestamp, event_type, is_offline_sync, photo_url, id) 
    values
        (?, ?, ?, ?, ?, ?, ?, ?, ?)
2026-01-23T09:39:00.223+05:30  INFO 34556 --- [chronosecure-backend] [pool-8-thread-1] c.c.backend.service.FirebaseSyncService  : Synced attendance for pasindu, Result: MATCH
2026-01-23T09:39:00.226+05:30 DEBUG 34556 --- [chronosecure-backend] [pool-8-thread-1] org.hibernate.SQL                        : 
    select
        e1_0.id,
        e1_0.company_id,
        e1_0.created_at,
        e1_0.department,
        e1_0.email,
        e1_0.employee_code,
        e1_0.fingerprint_template_hash,
        e1_0.first_name,
        e1_0.is_active,
        e1_0.last_name,
        e1_0.pin_hash,
        e1_0.updated_at 
    from
        employees e1_0 
    where
        e1_0.employee_code=?
2026-01-23T09:39:00.230+05:30 DEBUG 34556 --- [chronosecure-backend] [pool-8-thread-1] org.hibernate.SQL                        : 
    insert 
    into
        attendance_logs
        (company_id, confidence_score, device_id, employee_id, event_timestamp, event_type, is_offline_sync, photo_url, id) 
    values
        (?, ?, ?, ?, ?, ?, ?, ?, ?)
2026-01-23T09:39:00.234+05:30  INFO 34556 --- [chronosecure-backend] [pool-8-thread-1] c.c.backend.service.FirebaseSyncService  : Synced attendance for pasindu, Result: DUPLICATE
2026-01-23T09:41:40.798+05:30  INFO 34556 --- [chronosecure-backend] [pool-8-thread-1] c.c.backend.service.FirebaseSyncService  : Found 1 new attendance logs in Firebase
2026-01-23T09:41:40.804+05:30 DEBUG 34556 --- [chronosecure-backend] [pool-8-thread-1] org.hibernate.SQL                        : 
    select
        e1_0.id,
        e1_0.company_id,
        e1_0.created_at,
        e1_0.department,
        e1_0.email,
        e1_0.employee_code,
        e1_0.fingerprint_template_hash,
        e1_0.first_name,
        e1_0.is_active,
        e1_0.last_name,
        e1_0.pin_hash,
        e1_0.updated_at 
    from
        employees e1_0 
    where
        e1_0.employee_code=?
2026-01-23T09:41:40.810+05:30 DEBUG 34556 --- [chronosecure-backend] [pool-8-thread-1] org.hibernate.SQL                        : 
    insert 
    into
        attendance_logs
        (company_id, confidence_score, device_id, employee_id, event_timestamp, event_type, is_offline_sync, photo_url, id) 
    values
        (?, ?, ?, ?, ?, ?, ?, ?, ?)
2026-01-23T09:41:40.816+05:30  INFO 34556 --- [chronosecure-backend] [pool-8-thread-1] c.c.backend.service.FirebaseSyncService  : Synced attendance for uiooooooo, Result: MATCH
2026-01-23T09:41:55.855+05:30  INFO 34556 --- [chronosecure-backend] [pool-8-thread-1] c.c.backend.service.FirebaseSyncService  : Found 1 new attendance logs in Firebase
2026-01-23T09:41:55.858+05:30 DEBUG 34556 --- [chronosecure-backend] [pool-8-thread-1] org.hibernate.SQL                        : 
    select
        e1_0.id,
        e1_0.company_id,
        e1_0.created_at,
        e1_0.department,
        e1_0.email,
        e1_0.employee_code,
        e1_0.fingerprint_template_hash,
        e1_0.first_name,
        e1_0.is_active,
        e1_0.last_name,
        e1_0.pin_hash,
        e1_0.updated_at 
    from
        employees e1_0 
    where
        e1_0.employee_code=?
2026-01-23T09:41:55.881+05:30 ERROR 34556 --- [chronosecure-backend] [pool-8-thread-1] c.c.backend.service.FirebaseSyncService  : Error during Firebase synchronization: Query did not return a unique result: 3 results were returned
2026-01-23T09:43:06.247+05:30  INFO 34556 --- [chronosecure-backend] [nio-8080-exec-8] o.a.c.c.C.[Tomcat].[localhost].[/]       : Initializing Spring DispatcherServlet 'dispatcherServlet'
2026-01-23T09:43:06.247+05:30  INFO 34556 --- [chronosecure-backend] [nio-8080-exec-8] o.s.web.servlet.DispatcherServlet        : Initializing Servlet 'dispatcherServlet'
2026-01-23T09:43:06.252+05:30  INFO 34556 --- [chronosecure-backend] [nio-8080-exec-8] o.s.web.servlet.DispatcherServlet        : Completed initialization in 5 ms
2026-01-23T09:43:06.284+05:30 DEBUG 34556 --- [chronosecure-backend] [nio-8080-exec-8] o.s.security.web.FilterChainProxy        : Securing OPTIONS /api/v1/employees
2026-01-23T09:43:06.284+05:30 DEBUG 34556 --- [chronosecure-backend] [nio-8080-exec-1] o.s.security.web.FilterChainProxy        : Securing OPTIONS /api/v1/attendance/logs?startDate=2026-01-16&endDate=2026-01-23
2026-01-23T09:43:06.397+05:30 DEBUG 34556 --- [chronosecure-backend] [nio-8080-exec-2] o.s.security.web.FilterChainProxy        : Securing GET /api/v1/attendance/logs?startDate=2026-01-16&endDate=2026-01-23
2026-01-23T09:43:06.397+05:30 DEBUG 34556 --- [chronosecure-backend] [nio-8080-exec-4] o.s.security.web.FilterChainProxy        : Securing GET /api/v1/employees
2026-01-23T09:43:06.987+05:30  WARN 34556 --- [chronosecure-backend] [nio-8080-exec-2] o.s.w.s.h.HandlerMappingIntrospector     : Cache miss for REQUEST dispatch to '/api/v1/attendance/logs' (previous null). Performing MatchableHandlerMapping lookup. This is logged once only at WARN level, and every time at TRACE.
2026-01-23T09:43:07.088+05:30 DEBUG 34556 --- [chronosecure-backend] [nio-8080-exec-2] o.s.security.web.FilterChainProxy        : Secured GET /api/v1/attendance/logs?startDate=2026-01-16&endDate=2026-01-23
2026-01-23T09:43:07.078+05:30 DEBUG 34556 --- [chronosecure-backend] [nio-8080-exec-4] o.s.security.web.FilterChainProxy        : Secured GET /api/v1/employees
2026-01-23T09:43:07.235+05:30 DEBUG 34556 --- [chronosecure-backend] [nio-8080-exec-4] horizationManagerBeforeMethodInterceptor : Authorizing method invocation ReflectiveMethodInvocation: public org.springframework.http.ResponseEntity com.chronosecure.backend.controller.EmployeeController.getAllEmployees(java.util.UUID); target is of class [com.chronosecure.backend.controller.EmployeeController]
2026-01-23T09:43:07.242+05:30 DEBUG 34556 --- [chronosecure-backend] [nio-8080-exec-2] horizationManagerBeforeMethodInterceptor : Authorizing method invocation ReflectiveMethodInvocation: public org.springframework.http.ResponseEntity com.chronosecure.backend.controller.AttendanceController.getAttendanceLogs(java.util.UUID,java.time.LocalDate,java.time.LocalDate); target is of class [com.chronosecure.backend.controller.AttendanceController]
2026-01-23T09:43:07.272+05:30 DEBUG 34556 --- [chronosecure-backend] [nio-8080-exec-4] horizationManagerBeforeMethodInterceptor : Authorized method invocation ReflectiveMethodInvocation: public org.springframework.http.ResponseEntity com.chronosecure.backend.controller.EmployeeController.getAllEmployees(java.util.UUID); target is of class [com.chronosecure.backend.controller.EmployeeController]
2026-01-23T09:43:07.272+05:30 DEBUG 34556 --- [chronosecure-backend] [nio-8080-exec-2] horizationManagerBeforeMethodInterceptor : Authorized method invocation ReflectiveMethodInvocation: public org.springframework.http.ResponseEntity com.chronosecure.backend.controller.AttendanceController.getAttendanceLogs(java.util.UUID,java.time.LocalDate,java.time.LocalDate); target is of class [com.chronosecure.backend.controller.AttendanceController]
2026-01-23T09:43:07.284+05:30 DEBUG 34556 --- [chronosecure-backend] [nio-8080-exec-4] org.hibernate.SQL                        : 
    select
        e1_0.id,
        e1_0.company_id,
        e1_0.created_at,
        e1_0.department,
        e1_0.email,
        e1_0.employee_code,
        e1_0.fingerprint_template_hash,
        e1_0.first_name,
        e1_0.is_active,
        e1_0.last_name,
        e1_0.pin_hash,
        e1_0.updated_at 
    from
        employees e1_0 
    where
        e1_0.company_id=? 
        and e1_0.is_active
2026-01-23T09:43:07.289+05:30 DEBUG 34556 --- [chronosecure-backend] [nio-8080-exec-2] org.hibernate.SQL                        : 
    select
        al1_0.id,
        al1_0.company_id,
        al1_0.confidence_score,
        al1_0.device_id,
        al1_0.employee_id,
        al1_0.event_timestamp,
        al1_0.event_type,
        al1_0.is_offline_sync,
        al1_0.photo_url 
    from
        attendance_logs al1_0 
    where
        al1_0.company_id=? 
        and al1_0.event_timestamp between ? and ? 
    order by
        al1_0.event_timestamp desc
2026-01-23T09:43:07.332+05:30 DEBUG 34556 --- [chronosecure-backend] [nio-8080-exec-2] org.hibernate.SQL                        : 
    select
        e1_0.id,
        e1_0.company_id,
        e1_0.created_at,
        e1_0.department,
        e1_0.email,
        e1_0.employee_code,
        e1_0.fingerprint_template_hash,
        e1_0.first_name,
        e1_0.is_active,
        e1_0.last_name,
        e1_0.pin_hash,
        e1_0.updated_at 
    from
        employees e1_0 
    where
        e1_0.id=?
2026-01-23T09:43:07.348+05:30 DEBUG 34556 --- [chronosecure-backend] [nio-8080-exec-2] org.hibernate.SQL                        : 
    select
        e1_0.id,
        e1_0.company_id,
        e1_0.created_at,
        e1_0.department,
        e1_0.email,
        e1_0.employee_code,
        e1_0.fingerprint_template_hash,
        e1_0.first_name,
        e1_0.is_active,
        e1_0.last_name,
        e1_0.pin_hash,
        e1_0.updated_at 
    from
        employees e1_0 
    where
        e1_0.id=?
2026-01-23T09:43:18.500+05:30 DEBUG 34556 --- [chronosecure-backend] [nio-8080-exec-5] o.s.security.web.FilterChainProxy        : Securing OPTIONS /api/v1/time-off/requests
2026-01-23T09:43:18.510+05:30 DEBUG 34556 --- [chronosecure-backend] [nio-8080-exec-6] o.s.security.web.FilterChainProxy        : Securing GET /api/v1/time-off/requests
2026-01-23T09:43:18.528+05:30 DEBUG 34556 --- [chronosecure-backend] [nio-8080-exec-6] o.s.security.web.FilterChainProxy        : Secured GET /api/v1/time-off/requests
2026-01-23T09:43:18.539+05:30 DEBUG 34556 --- [chronosecure-backend] [nio-8080-exec-6] org.hibernate.SQL                        : 
    select
        tor1_0.id,
        tor1_0.company_id,
        tor1_0.created_at,
        tor1_0.employee_id,
        tor1_0.end_date,
        tor1_0.reason,
        tor1_0.start_date,
        tor1_0.status,
        tor1_0.updated_at 
    from
        time_off_requests tor1_0 
    where
        tor1_0.company_id=? 
    order by
        tor1_0.created_at desc
2026-01-23T09:45:01.174+05:30  INFO 34556 --- [chronosecure-backend] [pool-8-thread-1] c.c.backend.service.FirebaseSyncService  : Found 1 new attendance logs in Firebase
2026-01-23T09:45:01.180+05:30 DEBUG 34556 --- [chronosecure-backend] [pool-8-thread-1] org.hibernate.SQL                        : 
    select
        e1_0.id,
        e1_0.company_id,
        e1_0.created_at,
        e1_0.department,
        e1_0.email,
        e1_0.employee_code,
        e1_0.fingerprint_template_hash,
        e1_0.first_name,
        e1_0.is_active,
        e1_0.last_name,
        e1_0.pin_hash,
        e1_0.updated_at 
    from
        employees e1_0 
    where
        e1_0.employee_code=?
2026-01-23T09:45:01.184+05:30  WARN 34556 --- [chronosecure-backend] [pool-8-thread-1] c.c.backend.service.FirebaseSyncService  : Skipping sync: Employee not found for UID/Code: 0990
2026-01-23T09:47:51.092+05:30  INFO 34556 --- [chronosecure-backend] [pool-8-thread-1] c.c.backend.service.FirebaseSyncService  : Found 1 new attendance logs in Firebase
2026-01-23T09:47:51.097+05:30 DEBUG 34556 --- [chronosecure-backend] [pool-8-thread-1] org.hibernate.SQL                        : 
    select
        e1_0.id,
        e1_0.company_id,
        e1_0.created_at,
        e1_0.department,
        e1_0.email,
        e1_0.employee_code,
        e1_0.fingerprint_template_hash,
        e1_0.first_name,
        e1_0.is_active,
        e1_0.last_name,
        e1_0.pin_hash,
        e1_0.updated_at 
    from
        employees e1_0 
    where
        e1_0.employee_code=?
2026-01-23T09:47:51.118+05:30 DEBUG 34556 --- [chronosecure-backend] [pool-8-thread-1] org.hibernate.SQL                        : 
    insert 
    into
        time_off_requests
        (company_id, created_at, employee_id, end_date, reason, start_date, status, updated_at, id) 
    values
        (?, ?, ?, ?, ?, ?, ?, ?, ?)
2026-01-23T09:47:51.134+05:30  INFO 34556 --- [chronosecure-backend] [pool-8-thread-1] c.c.backend.service.FirebaseSyncService  : Synced Time Off for shehan, Result: TIME_OFF
2026-01-23T09:48:04.344+05:30 DEBUG 34556 --- [chronosecure-backend] [nio-8080-exec-9] o.s.security.web.FilterChainProxy        : Securing OPTIONS /api/v1/time-off/requests
2026-01-23T09:48:04.370+05:30 DEBUG 34556 --- [chronosecure-backend] [io-8080-exec-10] o.s.security.web.FilterChainProxy        : Securing GET /api/v1/time-off/requests
2026-01-23T09:48:04.426+05:30 DEBUG 34556 --- [chronosecure-backend] [io-8080-exec-10] o.s.security.web.FilterChainProxy        : Secured GET /api/v1/time-off/requests
2026-01-23T09:48:04.439+05:30 DEBUG 34556 --- [chronosecure-backend] [io-8080-exec-10] org.hibernate.SQL                        : 
    select
        tor1_0.id,
        tor1_0.company_id,
        tor1_0.created_at,
        tor1_0.employee_id,
        tor1_0.end_date,
        tor1_0.reason,
        tor1_0.start_date,
        tor1_0.status,
        tor1_0.updated_at 
    from
        time_off_requests tor1_0 
    where
        tor1_0.company_id=? 
    order by
        tor1_0.created_at desc
2026-01-23T09:48:04.466+05:30 DEBUG 34556 --- [chronosecure-backend] [io-8080-exec-10] org.hibernate.SQL                        : 
    select
        e1_0.id,
        e1_0.company_id,
        e1_0.created_at,
        e1_0.department,
        e1_0.email,
        e1_0.employee_code,
        e1_0.fingerprint_template_hash,
        e1_0.first_name,
        e1_0.is_active,
        e1_0.last_name,
        e1_0.pin_hash,
        e1_0.updated_at 
    from
        employees e1_0 
    where
        e1_0.id=?
2026-01-23T09:48:30.069+05:30 DEBUG 34556 --- [chronosecure-backend] [nio-8080-exec-1] o.s.security.web.FilterChainProxy        : Securing OPTIONS /api/v1/attendance/logs?startDate=2026-01-16&endDate=2026-01-23
2026-01-23T09:48:30.081+05:30 DEBUG 34556 --- [chronosecure-backend] [nio-8080-exec-8] o.s.security.web.FilterChainProxy        : Securing OPTIONS /api/v1/employees
2026-01-23T09:48:30.118+05:30 DEBUG 34556 --- [chronosecure-backend] [nio-8080-exec-4] o.s.security.web.FilterChainProxy        : Securing GET /api/v1/attendance/logs?startDate=2026-01-16&endDate=2026-01-23
2026-01-23T09:48:30.126+05:30 DEBUG 34556 --- [chronosecure-backend] [nio-8080-exec-2] o.s.security.web.FilterChainProxy        : Securing GET /api/v1/employees
2026-01-23T09:48:30.143+05:30 DEBUG 34556 --- [chronosecure-backend] [nio-8080-exec-4] o.s.security.web.FilterChainProxy        : Secured GET /api/v1/attendance/logs?startDate=2026-01-16&endDate=2026-01-23
2026-01-23T09:48:30.143+05:30 DEBUG 34556 --- [chronosecure-backend] [nio-8080-exec-2] o.s.security.web.FilterChainProxy        : Secured GET /api/v1/employees
2026-01-23T09:48:30.158+05:30 DEBUG 34556 --- [chronosecure-backend] [nio-8080-exec-2] horizationManagerBeforeMethodInterceptor : Authorizing method invocation ReflectiveMethodInvocation: public org.springframework.http.ResponseEntity com.chronosecure.backend.controller.EmployeeController.getAllEmployees(java.util.UUID); target is of class [com.chronosecure.backend.controller.EmployeeController]
2026-01-23T09:48:30.162+05:30 DEBUG 34556 --- [chronosecure-backend] [nio-8080-exec-4] horizationManagerBeforeMethodInterceptor : Authorizing method invocation ReflectiveMethodInvocation: public org.springframework.http.ResponseEntity com.chronosecure.backend.controller.AttendanceController.getAttendanceLogs(java.util.UUID,java.time.LocalDate,java.time.LocalDate); target is of class [com.chronosecure.backend.controller.AttendanceController]
2026-01-23T09:48:30.162+05:30 DEBUG 34556 --- [chronosecure-backend] [nio-8080-exec-4] horizationManagerBeforeMethodInterceptor : Authorized method invocation ReflectiveMethodInvocation: public org.springframework.http.ResponseEntity com.chronosecure.backend.controller.AttendanceController.getAttendanceLogs(java.util.UUID,java.time.LocalDate,java.time.LocalDate); target is of class [com.chronosecure.backend.controller.AttendanceController]
2026-01-23T09:48:30.162+05:30 DEBUG 34556 --- [chronosecure-backend] [nio-8080-exec-2] horizationManagerBeforeMethodInterceptor : Authorized method invocation ReflectiveMethodInvocation: public org.springframework.http.ResponseEntity com.chronosecure.backend.controller.EmployeeController.getAllEmployees(java.util.UUID); target is of class [com.chronosecure.backend.controller.EmployeeController]
2026-01-23T09:48:30.169+05:30 DEBUG 34556 --- [chronosecure-backend] [nio-8080-exec-4] org.hibernate.SQL                        : 
    select
        al1_0.id,
        al1_0.company_id,
        al1_0.confidence_score,
        al1_0.device_id,
        al1_0.employee_id,
        al1_0.event_timestamp,
        al1_0.event_type,
        al1_0.is_offline_sync,
        al1_0.photo_url 
    from
        attendance_logs al1_0 
    where
        al1_0.company_id=? 
        and al1_0.event_timestamp between ? and ? 
    order by
        al1_0.event_timestamp desc
2026-01-23T09:48:30.165+05:30 DEBUG 34556 --- [chronosecure-backend] [nio-8080-exec-2] org.hibernate.SQL                        : 
    select
        e1_0.id,
        e1_0.company_id,
        e1_0.created_at,
        e1_0.department,
        e1_0.email,
        e1_0.employee_code,
        e1_0.fingerprint_template_hash,
        e1_0.first_name,
        e1_0.is_active,
        e1_0.last_name,
        e1_0.pin_hash,
        e1_0.updated_at 
    from
        employees e1_0 
    where
        e1_0.company_id=? 
        and e1_0.is_active
2026-01-23T09:48:30.206+05:30 DEBUG 34556 --- [chronosecure-backend] [nio-8080-exec-4] org.hibernate.SQL                        : 
    select
        e1_0.id,
        e1_0.company_id,
        e1_0.created_at,
        e1_0.department,
        e1_0.email,
        e1_0.employee_code,
        e1_0.fingerprint_template_hash,
        e1_0.first_name,
        e1_0.is_active,
        e1_0.last_name,
        e1_0.pin_hash,
        e1_0.updated_at 
    from
        employees e1_0 
    where
        e1_0.id=?
2026-01-23T09:48:30.206+05:30 DEBUG 34556 --- [chronosecure-backend] [nio-8080-exec-4] org.hibernate.SQL                        : 
    select
        e1_0.id,
        e1_0.company_id,
        e1_0.created_at,
        e1_0.department,
        e1_0.email,
        e1_0.employee_code,
        e1_0.fingerprint_template_hash,
        e1_0.first_name,
        e1_0.is_active,
        e1_0.last_name,
        e1_0.pin_hash,
        e1_0.updated_at 
    from
        employees e1_0 
    where
        e1_0.id=?
2026-01-23T09:49:41.164+05:30  INFO 34556 --- [chronosecure-backend] [pool-8-thread-1] c.c.backend.service.FirebaseSyncService  : Found 1 new attendance logs in Firebase
2026-01-23T09:49:41.201+05:30 DEBUG 34556 --- [chronosecure-backend] [pool-8-thread-1] org.hibernate.SQL                        : 
    select
        e1_0.id,
        e1_0.company_id,
        e1_0.created_at,
        e1_0.department,
        e1_0.email,
        e1_0.employee_code,
        e1_0.fingerprint_template_hash,
        e1_0.first_name,
        e1_0.is_active,
        e1_0.last_name,
        e1_0.pin_hash,
        e1_0.updated_at 
    from
        employees e1_0 
    where
        e1_0.employee_code=?
2026-01-23T09:49:41.210+05:30 DEBUG 34556 --- [chronosecure-backend] [pool-8-thread-1] org.hibernate.SQL                        : 
    insert 
    into
        attendance_logs
        (company_id, confidence_score, device_id, employee_id, event_timestamp, event_type, is_offline_sync, photo_url, id) 
    values
        (?, ?, ?, ?, ?, ?, ?, ?, ?)
2026-01-23T09:49:41.222+05:30  INFO 34556 --- [chronosecure-backend] [pool-8-thread-1] c.c.backend.service.FirebaseSyncService  : Synced attendance for shehan, Result: MATCH
2026-01-23T09:49:50.304+05:30 DEBUG 34556 --- [chronosecure-backend] [nio-8080-exec-7] o.s.security.web.FilterChainProxy        : Securing OPTIONS /api/v1/attendance/logs?startDate=2026-01-16&endDate=2026-01-23
2026-01-23T09:49:50.311+05:30 DEBUG 34556 --- [chronosecure-backend] [nio-8080-exec-3] o.s.security.web.FilterChainProxy        : Securing OPTIONS /api/v1/employees
2026-01-23T09:49:50.314+05:30 DEBUG 34556 --- [chronosecure-backend] [nio-8080-exec-9] o.s.security.web.FilterChainProxy        : Securing GET /api/v1/attendance/logs?startDate=2026-01-16&endDate=2026-01-23
2026-01-23T09:49:50.323+05:30 DEBUG 34556 --- [chronosecure-backend] [io-8080-exec-10] o.s.security.web.FilterChainProxy        : Securing GET /api/v1/employees
2026-01-23T09:49:50.349+05:30 DEBUG 34556 --- [chronosecure-backend] [nio-8080-exec-9] o.s.security.web.FilterChainProxy        : Secured GET /api/v1/attendance/logs?startDate=2026-01-16&endDate=2026-01-23
2026-01-23T09:49:50.351+05:30 DEBUG 34556 --- [chronosecure-backend] [nio-8080-exec-9] horizationManagerBeforeMethodInterceptor : Authorizing method invocation ReflectiveMethodInvocation: public org.springframework.http.ResponseEntity com.chronosecure.backend.controller.AttendanceController.getAttendanceLogs(java.util.UUID,java.time.LocalDate,java.time.LocalDate); target is of class [com.chronosecure.backend.controller.AttendanceController]
2026-01-23T09:49:50.355+05:30 DEBUG 34556 --- [chronosecure-backend] [nio-8080-exec-9] horizationManagerBeforeMethodInterceptor : Authorized method invocation ReflectiveMethodInvocation: public org.springframework.http.ResponseEntity com.chronosecure.backend.controller.AttendanceController.getAttendanceLogs(java.util.UUID,java.time.LocalDate,java.time.LocalDate); target is of class [com.chronosecure.backend.controller.AttendanceController]
2026-01-23T09:49:50.356+05:30 DEBUG 34556 --- [chronosecure-backend] [io-8080-exec-10] o.s.security.web.FilterChainProxy        : Secured GET /api/v1/employees
2026-01-23T09:49:50.361+05:30 DEBUG 34556 --- [chronosecure-backend] [io-8080-exec-10] horizationManagerBeforeMethodInterceptor : Authorizing method invocation ReflectiveMethodInvocation: public org.springframework.http.ResponseEntity com.chronosecure.backend.controller.EmployeeController.getAllEmployees(java.util.UUID); target is of class [com.chronosecure.backend.controller.EmployeeController]
2026-01-23T09:49:50.368+05:30 DEBUG 34556 --- [chronosecure-backend] [io-8080-exec-10] horizationManagerBeforeMethodInterceptor : Authorized method invocation ReflectiveMethodInvocation: public org.springframework.http.ResponseEntity com.chronosecure.backend.controller.EmployeeController.getAllEmployees(java.util.UUID); target is of class [com.chronosecure.backend.controller.EmployeeController]
2026-01-23T09:49:50.380+05:30 DEBUG 34556 --- [chronosecure-backend] [nio-8080-exec-9] org.hibernate.SQL                        : 
    select
        al1_0.id,
        al1_0.company_id,
        al1_0.confidence_score,
        al1_0.device_id,
        al1_0.employee_id,
        al1_0.event_timestamp,
        al1_0.event_type,
        al1_0.is_offline_sync,
        al1_0.photo_url 
    from
        attendance_logs al1_0 
    where
        al1_0.company_id=? 
        and al1_0.event_timestamp between ? and ? 
    order by
        al1_0.event_timestamp desc
2026-01-23T09:49:50.386+05:30 DEBUG 34556 --- [chronosecure-backend] [io-8080-exec-10] org.hibernate.SQL                        : 
    select
        e1_0.id,
        e1_0.company_id,
        e1_0.created_at,
        e1_0.department,
        e1_0.email,
        e1_0.employee_code,
        e1_0.fingerprint_template_hash,
        e1_0.first_name,
        e1_0.is_active,
        e1_0.last_name,
        e1_0.pin_hash,
        e1_0.updated_at 
    from
        employees e1_0 
    where
        e1_0.company_id=? 
        and e1_0.is_active
2026-01-23T09:49:50.416+05:30 DEBUG 34556 --- [chronosecure-backend] [nio-8080-exec-9] org.hibernate.SQL                        : 
    select
        e1_0.id,
        e1_0.company_id,
        e1_0.created_at,
        e1_0.department,
        e1_0.email,
        e1_0.employee_code,
        e1_0.fingerprint_template_hash,
        e1_0.first_name,
        e1_0.is_active,
        e1_0.last_name,
        e1_0.pin_hash,
        e1_0.updated_at 
    from
        employees e1_0 
    where
        e1_0.id=?
2026-01-23T09:49:50.423+05:30 DEBUG 34556 --- [chronosecure-backend] [nio-8080-exec-9] org.hibernate.SQL                        : 
    select
        e1_0.id,
        e1_0.company_id,
        e1_0.created_at,
        e1_0.department,
        e1_0.email,
        e1_0.employee_code,
        e1_0.fingerprint_template_hash,
        e1_0.first_name,
        e1_0.is_active,
        e1_0.last_name,
        e1_0.pin_hash,
        e1_0.updated_at 
    from
        employees e1_0 
    where
        e1_0.id=?
2026-01-23T09:49:54.717+05:30 DEBUG 34556 --- [chronosecure-backend] [nio-8080-exec-1] o.s.security.web.FilterChainProxy        : Securing OPTIONS /api/v1/time-off/requests
2026-01-23T09:49:54.726+05:30 DEBUG 34556 --- [chronosecure-backend] [nio-8080-exec-8] o.s.security.web.FilterChainProxy        : Securing GET /api/v1/time-off/requests
2026-01-23T09:49:54.750+05:30 DEBUG 34556 --- [chronosecure-backend] [nio-8080-exec-8] o.s.security.web.FilterChainProxy        : Secured GET /api/v1/time-off/requests
2026-01-23T09:49:54.756+05:30 DEBUG 34556 --- [chronosecure-backend] [nio-8080-exec-8] org.hibernate.SQL                        : 
    select
        tor1_0.id,
        tor1_0.company_id,
        tor1_0.created_at,
        tor1_0.employee_id,
        tor1_0.end_date,
        tor1_0.reason,
        tor1_0.start_date,
        tor1_0.status,
        tor1_0.updated_at 
    from
        time_off_requests tor1_0 
    where
        tor1_0.company_id=? 
    order by
        tor1_0.created_at desc
2026-01-23T09:49:54.763+05:30 DEBUG 34556 --- [chronosecure-backend] [nio-8080-exec-8] org.hibernate.SQL                        : 
    select
        e1_0.id,
        e1_0.company_id,
        e1_0.created_at,
        e1_0.department,
        e1_0.email,
        e1_0.employee_code,
        e1_0.fingerprint_template_hash,
        e1_0.first_name,
        e1_0.is_active,
        e1_0.last_name,
        e1_0.pin_hash,
        e1_0.updated_at 
    from
        employees e1_0 
    where
        e1_0.id=?
2026-01-23T09:50:15.934+05:30 DEBUG 34556 --- [chronosecure-backend] [nio-8080-exec-4] o.s.security.web.FilterChainProxy        : Securing OPTIONS /api/v1/employees
2026-01-23T09:50:15.936+05:30 DEBUG 34556 --- [chronosecure-backend] [nio-8080-exec-2] o.s.security.web.FilterChainProxy        : Securing OPTIONS /api/v1/attendance/logs?startDate=2026-01-16&endDate=2026-01-23
2026-01-23T09:50:15.942+05:30 DEBUG 34556 --- [chronosecure-backend] [nio-8080-exec-2] o.s.security.web.FilterChainProxy        : Securing GET /api/v1/attendance/logs?startDate=2026-01-16&endDate=2026-01-23
2026-01-23T09:50:15.942+05:30 DEBUG 34556 --- [chronosecure-backend] [nio-8080-exec-5] o.s.security.web.FilterChainProxy        : Securing GET /api/v1/employees
2026-01-23T09:50:16.021+05:30 DEBUG 34556 --- [chronosecure-backend] [nio-8080-exec-5] o.s.security.web.FilterChainProxy        : Secured GET /api/v1/employees
2026-01-23T09:50:16.063+05:30 DEBUG 34556 --- [chronosecure-backend] [nio-8080-exec-5] horizationManagerBeforeMethodInterceptor : Authorizing method invocation ReflectiveMethodInvocation: public org.springframework.http.ResponseEntity com.chronosecure.backend.controller.EmployeeController.getAllEmployees(java.util.UUID); target is of class [com.chronosecure.backend.controller.EmployeeController]
2026-01-23T09:50:16.065+05:30 DEBUG 34556 --- [chronosecure-backend] [nio-8080-exec-5] horizationManagerBeforeMethodInterceptor : Authorized method invocation ReflectiveMethodInvocation: public org.springframework.http.ResponseEntity com.chronosecure.backend.controller.EmployeeController.getAllEmployees(java.util.UUID); target is of class [com.chronosecure.backend.controller.EmployeeController]
2026-01-23T09:50:16.084+05:30 DEBUG 34556 --- [chronosecure-backend] [nio-8080-exec-2] o.s.security.web.FilterChainProxy        : Secured GET /api/v1/attendance/logs?startDate=2026-01-16&endDate=2026-01-23
2026-01-23T09:50:16.096+05:30 DEBUG 34556 --- [chronosecure-backend] [nio-8080-exec-2] horizationManagerBeforeMethodInterceptor : Authorizing method invocation ReflectiveMethodInvocation: public org.springframework.http.ResponseEntity com.chronosecure.backend.controller.AttendanceController.getAttendanceLogs(java.util.UUID,java.time.LocalDate,java.time.LocalDate); target is of class [com.chronosecure.backend.controller.AttendanceController]
2026-01-23T09:50:16.096+05:30 DEBUG 34556 --- [chronosecure-backend] [nio-8080-exec-2] horizationManagerBeforeMethodInterceptor : Authorized method invocation ReflectiveMethodInvocation: public org.springframework.http.ResponseEntity com.chronosecure.backend.controller.AttendanceController.getAttendanceLogs(java.util.UUID,java.time.LocalDate,java.time.LocalDate); target is of class [com.chronosecure.backend.controller.AttendanceController]
2026-01-23T09:50:16.096+05:30 DEBUG 34556 --- [chronosecure-backend] [nio-8080-exec-5] org.hibernate.SQL                        : 
    select
        e1_0.id,
        e1_0.company_id,
        e1_0.created_at,
        e1_0.department,
        e1_0.email,
        e1_0.employee_code,
        e1_0.fingerprint_template_hash,
        e1_0.first_name,
        e1_0.is_active,
        e1_0.last_name,
        e1_0.pin_hash,
        e1_0.updated_at 
    from
        employees e1_0 
    where
        e1_0.company_id=? 
        and e1_0.is_active
2026-01-23T09:50:16.142+05:30 DEBUG 34556 --- [chronosecure-backend] [nio-8080-exec-2] org.hibernate.SQL                        : 
    select
        al1_0.id,
        al1_0.company_id,
        al1_0.confidence_score,
        al1_0.device_id,
        al1_0.employee_id,
        al1_0.event_timestamp,
        al1_0.event_type,
        al1_0.is_offline_sync,
        al1_0.photo_url 
    from
        attendance_logs al1_0 
    where
        al1_0.company_id=? 
        and al1_0.event_timestamp between ? and ? 
    order by
        al1_0.event_timestamp desc
2026-01-23T09:50:16.176+05:30 DEBUG 34556 --- [chronosecure-backend] [nio-8080-exec-2] org.hibernate.SQL                        : 
    select
        e1_0.id,
        e1_0.company_id,
        e1_0.created_at,
        e1_0.department,
        e1_0.email,
        e1_0.employee_code,
        e1_0.fingerprint_template_hash,
        e1_0.first_name,
        e1_0.is_active,
        e1_0.last_name,
        e1_0.pin_hash,
        e1_0.updated_at 
    from
        employees e1_0 
    where
        e1_0.id=?
2026-01-23T09:50:16.184+05:30 DEBUG 34556 --- [chronosecure-backend] [nio-8080-exec-2] org.hibernate.SQL                        : 
    select
        e1_0.id,
        e1_0.company_id,
        e1_0.created_at,
        e1_0.department,
        e1_0.email,
        e1_0.employee_code,
        e1_0.fingerprint_template_hash,
        e1_0.first_name,
        e1_0.is_active,
        e1_0.last_name,
        e1_0.pin_hash,
        e1_0.updated_at 
    from
        employees e1_0 
    where
        e1_0.id=?
2026-01-23T09:50:16.254+05:30  INFO 34556 --- [chronosecure-backend] [pool-8-thread-1] c.c.backend.service.FirebaseSyncService  : Found 1 new attendance logs in Firebase
2026-01-23T09:50:16.254+05:30 DEBUG 34556 --- [chronosecure-backend] [pool-8-thread-1] org.hibernate.SQL                        : 
    select
        e1_0.id,
        e1_0.company_id,
        e1_0.created_at,
        e1_0.department,
        e1_0.email,
        e1_0.employee_code,
        e1_0.fingerprint_template_hash,
        e1_0.first_name,
        e1_0.is_active,
        e1_0.last_name,
        e1_0.pin_hash,
        e1_0.updated_at 
    from
        employees e1_0 
    where
        e1_0.employee_code=?
2026-01-23T09:50:16.264+05:30 DEBUG 34556 --- [chronosecure-backend] [pool-8-thread-1] org.hibernate.SQL                        : 
    insert 
    into
        time_off_requests
        (company_id, created_at, employee_id, end_date, reason, start_date, status, updated_at, id) 
    values
        (?, ?, ?, ?, ?, ?, ?, ?, ?)
2026-01-23T09:50:16.280+05:30  INFO 34556 --- [chronosecure-backend] [pool-8-thread-1] c.c.backend.service.FirebaseSyncService  : Synced Time Off for shehan, Result: TIME_OFF
2026-01-23T09:50:17.778+05:30 DEBUG 34556 --- [chronosecure-backend] [nio-8080-exec-6] o.s.security.web.FilterChainProxy        : Securing OPTIONS /api/v1/time-off/requests
2026-01-23T09:50:17.860+05:30 DEBUG 34556 --- [chronosecure-backend] [nio-8080-exec-7] o.s.security.web.FilterChainProxy        : Securing GET /api/v1/time-off/requests
2026-01-23T09:50:17.873+05:30 DEBUG 34556 --- [chronosecure-backend] [nio-8080-exec-7] o.s.security.web.FilterChainProxy        : Secured GET /api/v1/time-off/requests
2026-01-23T09:50:17.894+05:30 DEBUG 34556 --- [chronosecure-backend] [nio-8080-exec-7] org.hibernate.SQL                        : 
    select
        tor1_0.id,
        tor1_0.company_id,
        tor1_0.created_at,
        tor1_0.employee_id,
        tor1_0.end_date,
        tor1_0.reason,
        tor1_0.start_date,
        tor1_0.status,
        tor1_0.updated_at 
    from
        time_off_requests tor1_0 
    where
        tor1_0.company_id=? 
    order by
        tor1_0.created_at desc
2026-01-23T09:50:17.905+05:30 DEBUG 34556 --- [chronosecure-backend] [nio-8080-exec-7] org.hibernate.SQL                        : 
    select
        e1_0.id,
        e1_0.company_id,
        e1_0.created_at,
        e1_0.department,
        e1_0.email,
        e1_0.employee_code,
        e1_0.fingerprint_template_hash,
        e1_0.first_name,
        e1_0.is_active,
        e1_0.last_name,
        e1_0.pin_hash,
        e1_0.updated_at 
    from
        employees e1_0 
    where
        e1_0.id=?
2026-01-23T09:51:28.730+05:30 DEBUG 34556 --- [chronosecure-backend] [nio-8080-exec-9] o.s.security.web.FilterChainProxy        : Securing OPTIONS /api/v1/attendance/logs?startDate=2026-01-16&endDate=2026-01-23
2026-01-23T09:51:28.734+05:30 DEBUG 34556 --- [chronosecure-backend] [nio-8080-exec-1] o.s.security.web.FilterChainProxy        : Securing OPTIONS /api/v1/employees
2026-01-23T09:51:28.746+05:30 DEBUG 34556 --- [chronosecure-backend] [nio-8080-exec-8] o.s.security.web.FilterChainProxy        : Securing GET /api/v1/attendance/logs?startDate=2026-01-16&endDate=2026-01-23
2026-01-23T09:51:28.749+05:30 DEBUG 34556 --- [chronosecure-backend] [nio-8080-exec-4] o.s.security.web.FilterChainProxy        : Securing GET /api/v1/employees
2026-01-23T09:51:28.800+05:30 DEBUG 34556 --- [chronosecure-backend] [nio-8080-exec-8] o.s.security.web.FilterChainProxy        : Secured GET /api/v1/attendance/logs?startDate=2026-01-16&endDate=2026-01-23
2026-01-23T09:51:28.803+05:30 DEBUG 34556 --- [chronosecure-backend] [nio-8080-exec-4] o.s.security.web.FilterChainProxy        : Secured GET /api/v1/employees
2026-01-23T09:51:28.810+05:30 DEBUG 34556 --- [chronosecure-backend] [nio-8080-exec-8] horizationManagerBeforeMethodInterceptor : Authorizing method invocation ReflectiveMethodInvocation: public org.springframework.http.ResponseEntity com.chronosecure.backend.controller.AttendanceController.getAttendanceLogs(java.util.UUID,java.time.LocalDate,java.time.LocalDate); target is of class [com.chronosecure.backend.controller.AttendanceController]
2026-01-23T09:51:28.812+05:30 DEBUG 34556 --- [chronosecure-backend] [nio-8080-exec-8] horizationManagerBeforeMethodInterceptor : Authorized method invocation ReflectiveMethodInvocation: public org.springframework.http.ResponseEntity com.chronosecure.backend.controller.AttendanceController.getAttendanceLogs(java.util.UUID,java.time.LocalDate,java.time.LocalDate); target is of class [com.chronosecure.backend.controller.AttendanceController]
2026-01-23T09:51:28.809+05:30 DEBUG 34556 --- [chronosecure-backend] [nio-8080-exec-4] horizationManagerBeforeMethodInterceptor : Authorizing method invocation ReflectiveMethodInvocation: public org.springframework.http.ResponseEntity com.chronosecure.backend.controller.EmployeeController.getAllEmployees(java.util.UUID); target is of class [com.chronosecure.backend.controller.EmployeeController]
2026-01-23T09:51:28.813+05:30 DEBUG 34556 --- [chronosecure-backend] [nio-8080-exec-4] horizationManagerBeforeMethodInterceptor : Authorized method invocation ReflectiveMethodInvocation: public org.springframework.http.ResponseEntity com.chronosecure.backend.controller.EmployeeController.getAllEmployees(java.util.UUID); target is of class [com.chronosecure.backend.controller.EmployeeController]
2026-01-23T09:51:28.817+05:30 DEBUG 34556 --- [chronosecure-backend] [nio-8080-exec-4] org.hibernate.SQL                        : 
    select
        e1_0.id,
        e1_0.company_id,
        e1_0.created_at,
        e1_0.department,
        e1_0.email,
        e1_0.employee_code,
        e1_0.fingerprint_template_hash,
        e1_0.first_name,
        e1_0.is_active,
        e1_0.last_name,
        e1_0.pin_hash,
        e1_0.updated_at 
    from
        employees e1_0 
    where
        e1_0.company_id=? 
        and e1_0.is_active
2026-01-23T09:51:28.818+05:30 DEBUG 34556 --- [chronosecure-backend] [nio-8080-exec-8] org.hibernate.SQL                        : 
    select
        al1_0.id,
        al1_0.company_id,
        al1_0.confidence_score,
        al1_0.device_id,
        al1_0.employee_id,
        al1_0.event_timestamp,
        al1_0.event_type,
        al1_0.is_offline_sync,
        al1_0.photo_url 
    from
        attendance_logs al1_0 
    where
        al1_0.company_id=? 
        and al1_0.event_timestamp between ? and ? 
    order by
        al1_0.event_timestamp desc
2026-01-23T09:51:28.841+05:30 DEBUG 34556 --- [chronosecure-backend] [nio-8080-exec-8] org.hibernate.SQL                        : 
    select
        e1_0.id,
        e1_0.company_id,
        e1_0.created_at,
        e1_0.department,
        e1_0.email,
        e1_0.employee_code,
        e1_0.fingerprint_template_hash,
        e1_0.first_name,
        e1_0.is_active,
        e1_0.last_name,
        e1_0.pin_hash,
        e1_0.updated_at 
    from
        employees e1_0 
    where
        e1_0.id=?
2026-01-23T09:51:28.847+05:30 DEBUG 34556 --- [chronosecure-backend] [nio-8080-exec-8] org.hibernate.SQL                        : 
    select
        e1_0.id,
        e1_0.company_id,
        e1_0.created_at,
        e1_0.department,
        e1_0.email,
        e1_0.employee_code,
        e1_0.fingerprint_template_hash,
        e1_0.first_name,
        e1_0.is_active,
        e1_0.last_name,
        e1_0.pin_hash,
        e1_0.updated_at 
    from
        employees e1_0 
    where
        e1_0.id=?
