WARNING: A terminally deprecated method in sun.misc.Unsafe has been called
WARNING: sun.misc.Unsafe::staticFieldBase has been called by com.google.inject.internal.aop.HiddenClassDefiner (file:/C:/Users/USER/.m2/wrapper/dists/apache-maven-3.9.11/03d7e36a140982eea48e22c1dcac01d8862b2550b2939e09a0809bbc5182a5bc/lib/guice-5.1.0-classes.jar)
WARNING: Please consider reporting this to the maintainers of class com.google.inject.internal.aop.HiddenClassDefiner
WARNING: sun.misc.Unsafe::staticFieldBase will be removed in a future release
[INFO] Scanning for projects...
[INFO] 
[INFO] ----------------------< com.chronosecure:backend >----------------------
[INFO] Building backend 0.0.1-SNAPSHOT
[INFO]   from pom.xml
[INFO] --------------------------------[ jar ]---------------------------------
[INFO] 
[INFO] >>> spring-boot:3.2.0:run (default-cli) > test-compile @ backend >>>
[INFO] 
[INFO] --- resources:3.3.1:resources (default-resources) @ backend ---
[INFO] Copying 1 resource from src\main\resources to target\classes
[INFO] Copying 2 resources from src\main\resources to target\classes
[INFO] 
[INFO] --- compiler:3.11.0:compile (default-compile) @ backend ---
[INFO] Nothing to compile - all classes are up to date
[INFO] 
[INFO] --- resources:3.3.1:testResources (default-testResources) @ backend ---
[INFO] Not copying test resources
[INFO] 
[INFO] --- compiler:3.11.0:testCompile (default-testCompile) @ backend ---
[INFO] Not compiling test sources
[INFO] 
[INFO] <<< spring-boot:3.2.0:run (default-cli) < test-compile @ backend <<<
[INFO] 
[INFO] 
[INFO] --- spring-boot:3.2.0:run (default-cli) @ backend ---
[INFO] Attaching agents: []
Standard Commons Logging discovery in action with spring-jcl: please remove commons-logging.jar from classpath in order to avoid potential conflicts

  .   ____          _            __ _ _
 /\\ / ___'_ __ _ _(_)_ __  __ _ \ \ \ \
( ( )\___ | '_ | '_| | '_ \/ _` | \ \ \ \
 \\/  ___)| |_)| | | | | || (_| |  ) ) ) )
  '  |____| .__|_| |_|_| |_\__, | / / / /
 =========|_|==============|___/=/_/_/_/
 :: Spring Boot ::                (v3.2.0)

2026-01-23T09:03:42.079+05:30  INFO 19680 --- [chronosecure-backend] [           main] c.c.backend.BackendApplication           : Starting BackendApplication using Java 25.0.1 with PID 19680 (C:\Users\USER\OneDrive - itum.mrt.ac.lk\Desktop\fingerprint project\chronosecure\backend\target\classes started by USER in C:\Users\USER\OneDrive - itum.mrt.ac.lk\Desktop\fingerprint project\chronosecure\backend)
2026-01-23T09:03:42.082+05:30 DEBUG 19680 --- [chronosecure-backend] [           main] c.c.backend.BackendApplication           : Running with Spring Boot v3.2.0, Spring v6.1.1
2026-01-23T09:03:42.083+05:30  INFO 19680 --- [chronosecure-backend] [           main] c.c.backend.BackendApplication           : No active profile set, falling back to 1 default profile: "default"
2026-01-23T09:03:43.823+05:30  INFO 19680 --- [chronosecure-backend] [           main] .s.d.r.c.RepositoryConfigurationDelegate : Multiple Spring Data modules found, entering strict repository configuration mode
2026-01-23T09:03:43.826+05:30  INFO 19680 --- [chronosecure-backend] [           main] .s.d.r.c.RepositoryConfigurationDelegate : Bootstrapping Spring Data JPA repositories in DEFAULT mode.
2026-01-23T09:03:44.153+05:30  INFO 19680 --- [chronosecure-backend] [           main] .s.d.r.c.RepositoryConfigurationDelegate : Finished Spring Data repository scanning in 312 ms. Found 9 JPA repository interfaces.
2026-01-23T09:03:44.187+05:30  INFO 19680 --- [chronosecure-backend] [           main] .s.d.r.c.RepositoryConfigurationDelegate : Multiple Spring Data modules found, entering strict repository configuration mode
2026-01-23T09:03:44.190+05:30  INFO 19680 --- [chronosecure-backend] [           main] .s.d.r.c.RepositoryConfigurationDelegate : Bootstrapping Spring Data Redis repositories in DEFAULT mode.
2026-01-23T09:03:44.224+05:30  INFO 19680 --- [chronosecure-backend] [           main] .RepositoryConfigurationExtensionSupport : Spring Data Redis - Could not safely identify store assignment for repository candidate interface com.chronosecure.backend.repository.AttendanceLogRepository; If you want this repository to be a Redis repository, consider annotating your entities with one of these annotations: org.springframework.data.redis.core.RedisHash (preferred), or consider extending one of the following types with your repository: org.springframework.data.keyvalue.repository.KeyValueRepository
2026-01-23T09:03:44.225+05:30  INFO 19680 --- [chronosecure-backend] [           main] .RepositoryConfigurationExtensionSupport : Spring Data Redis - Could not safely identify store assignment for repository candidate interface com.chronosecure.backend.repository.AuditLogRepository; If you want this repository to be a Redis repository, consider annotating your entities with one of these annotations: org.springframework.data.redis.core.RedisHash (preferred), or consider extending one of the following types with your repository: org.springframework.data.keyvalue.repository.KeyValueRepository
2026-01-23T09:03:44.227+05:30  INFO 19680 --- [chronosecure-backend] [           main] .RepositoryConfigurationExtensionSupport : Spring Data Redis - Could not safely identify store assignment for repository candidate interface com.chronosecure.backend.repository.CalculatedHoursRepository; If you want this repository to be a Redis repository, consider annotating your entities with one of these annotations: org.springframework.data.redis.core.RedisHash (preferred), or consider extending one of the following types with your repository: org.springframework.data.keyvalue.repository.KeyValueRepository
2026-01-23T09:03:44.227+05:30  INFO 19680 --- [chronosecure-backend] [           main] .RepositoryConfigurationExtensionSupport : Spring Data Redis - Could not safely identify store assignment for repository candidate interface com.chronosecure.backend.repository.CompanyRepository; If you want this repository to be a Redis repository, consider annotating your entities with one of these annotations: org.springframework.data.redis.core.RedisHash (preferred), or consider extending one of the following types with your repository: org.springframework.data.keyvalue.repository.KeyValueRepository
2026-01-23T09:03:44.227+05:30  INFO 19680 --- [chronosecure-backend] [           main] .RepositoryConfigurationExtensionSupport : Spring Data Redis - Could not safely identify store assignment for repository candidate interface com.chronosecure.backend.repository.ConsentRecordRepository; If you want this repository to be a Redis repository, consider annotating your entities with one of these annotations: org.springframework.data.redis.core.RedisHash (preferred), or consider extending one of the following types with your repository: org.springframework.data.keyvalue.repository.KeyValueRepository
2026-01-23T09:03:44.228+05:30  INFO 19680 --- [chronosecure-backend] [           main] .RepositoryConfigurationExtensionSupport : Spring Data Redis - Could not safely identify store assignment for repository candidate interface com.chronosecure.backend.repository.EmployeeRepository; If you want this repository to be a Redis repository, consider annotating your entities with one of these annotations: org.springframework.data.redis.core.RedisHash (preferred), or consider extending one of the following types with your repository: org.springframework.data.keyvalue.repository.KeyValueRepository
2026-01-23T09:03:44.228+05:30  INFO 19680 --- [chronosecure-backend] [           main] .RepositoryConfigurationExtensionSupport : Spring Data Redis - Could not safely identify store assignment for repository candidate interface com.chronosecure.backend.repository.PublicHolidayRepository; If you want this repository to be a Redis repository, consider annotating your entities with one of these annotations: org.springframework.data.redis.core.RedisHash (preferred), or consider extending one of the following types with your repository: org.springframework.data.keyvalue.repository.KeyValueRepository
2026-01-23T09:03:44.229+05:30  INFO 19680 --- [chronosecure-backend] [           main] .RepositoryConfigurationExtensionSupport : Spring Data Redis - Could not safely identify store assignment for repository candidate interface com.chronosecure.backend.repository.TimeOffRequestRepository; If you want this repository to be a Redis repository, consider annotating your entities with one of these annotations: org.springframework.data.redis.core.RedisHash (preferred), or consider extending one of the following types with your repository: org.springframework.data.keyvalue.repository.KeyValueRepository
2026-01-23T09:03:44.229+05:30  INFO 19680 --- [chronosecure-backend] [           main] .RepositoryConfigurationExtensionSupport : Spring Data Redis - Could not safely identify store assignment for repository candidate interface com.chronosecure.backend.repository.UserRepository; If you want this repository to be a Redis repository, consider annotating your entities with one of these annotations: org.springframework.data.redis.core.RedisHash (preferred), or consider extending one of the following types with your repository: org.springframework.data.keyvalue.repository.KeyValueRepository
2026-01-23T09:03:44.230+05:30  INFO 19680 --- [chronosecure-backend] [           main] .s.d.r.c.RepositoryConfigurationDelegate : Finished Spring Data repository scanning in 21 ms. Found 0 Redis repository interfaces.
2026-01-23T09:03:44.797+05:30  INFO 19680 --- [chronosecure-backend] [           main] ptablePropertiesBeanFactoryPostProcessor : Post-processing PropertySource instances
2026-01-23T09:03:44.799+05:30  INFO 19680 --- [chronosecure-backend] [           main] c.u.j.EncryptablePropertySourceConverter : Skipping PropertySource configurationProperties [class org.springframework.boot.context.properties.source.ConfigurationPropertySourcesPropertySource
2026-01-23T09:03:44.804+05:30  INFO 19680 --- [chronosecure-backend] [           main] c.u.j.EncryptablePropertySourceConverter : Skipping PropertySource servletConfigInitParams [class org.springframework.core.env.PropertySource$StubPropertySource
2026-01-23T09:03:44.804+05:30  INFO 19680 --- [chronosecure-backend] [           main] c.u.j.EncryptablePropertySourceConverter : Skipping PropertySource servletContextInitParams [class org.springframework.core.env.PropertySource$StubPropertySource
2026-01-23T09:03:44.805+05:30  INFO 19680 --- [chronosecure-backend] [           main] c.u.j.EncryptablePropertySourceConverter : Converting PropertySource systemProperties [org.springframework.core.env.PropertiesPropertySource] to EncryptableMapPropertySourceWrapper
2026-01-23T09:03:44.806+05:30  INFO 19680 --- [chronosecure-backend] [           main] c.u.j.EncryptablePropertySourceConverter : Converting PropertySource systemEnvironment [org.springframework.boot.env.SystemEnvironmentPropertySourceEnvironmentPostProcessor$OriginAwareSystemEnvironmentPropertySource] to EncryptableSystemEnvironmentPropertySourceWrapper
2026-01-23T09:03:44.807+05:30  INFO 19680 --- [chronosecure-backend] [           main] c.u.j.EncryptablePropertySourceConverter : Converting PropertySource random [org.springframework.boot.env.RandomValuePropertySource] to EncryptablePropertySourceWrapper
2026-01-23T09:03:44.807+05:30  INFO 19680 --- [chronosecure-backend] [           main] c.u.j.EncryptablePropertySourceConverter : Converting PropertySource Config resource 'class path resource [application.properties]' via location 'optional:classpath:/' [org.springframework.boot.env.OriginTrackedMapPropertySource] to EncryptableMapPropertySourceWrapper
WARNING: A restricted method in java.lang.System has been called
WARNING: java.lang.System::load has been called by org.apache.tomcat.jni.Library in an unnamed module (file:/C:/Users/USER/.m2/repository/org/apache/tomcat/embed/tomcat-embed-core/10.1.16/tomcat-embed-core-10.1.16.jar)
WARNING: Use --enable-native-access=ALL-UNNAMED to avoid a warning for callers in this module
WARNING: Restricted methods will be blocked in a future release unless native access is enabled

2026-01-23T09:03:45.150+05:30  INFO 19680 --- [chronosecure-backend] [           main] c.u.j.filter.DefaultLazyPropertyFilter   : Property Filter custom Bean not found with name 'encryptablePropertyFilter'. Initializing Default Property Filter
2026-01-23T09:03:45.169+05:30  INFO 19680 --- [chronosecure-backend] [           main] c.u.j.r.DefaultLazyPropertyResolver      : Property Resolver custom Bean not found with name 'encryptablePropertyResolver'. Initializing Default Property Resolver
2026-01-23T09:03:45.173+05:30  INFO 19680 --- [chronosecure-backend] [           main] c.u.j.d.DefaultLazyPropertyDetector      : Property Detector custom Bean not found with name 'encryptablePropertyDetector'. Initializing Default Property Detector
2026-01-23T09:03:45.593+05:30  INFO 19680 --- [chronosecure-backend] [           main] o.s.b.w.embedded.tomcat.TomcatWebServer  : Tomcat initialized with port 8080 (http)
2026-01-23T09:03:45.612+05:30  INFO 19680 --- [chronosecure-backend] [           main] o.apache.catalina.core.StandardService   : Starting service [Tomcat]
2026-01-23T09:03:45.612+05:30  INFO 19680 --- [chronosecure-backend] [           main] o.apache.catalina.core.StandardEngine    : Starting Servlet engine: [Apache Tomcat/10.1.16]
2026-01-23T09:03:45.768+05:30  INFO 19680 --- [chronosecure-backend] [           main] o.a.c.c.C.[Tomcat].[localhost].[/]       : Initializing Spring embedded WebApplicationContext
2026-01-23T09:03:45.769+05:30  INFO 19680 --- [chronosecure-backend] [           main] w.s.c.ServletWebServerApplicationContext : Root WebApplicationContext: initialization completed in 3572 ms
Standard Commons Logging discovery in action with spring-jcl: please remove commons-logging.jar from classpath in order to avoid potential conflicts
2026-01-23T09:03:45.887+05:30 DEBUG 19680 --- [chronosecure-backend] [           main] c.c.b.security.JwtAuthenticationFilter   : Filter 'jwtAuthenticationFilter' configured for use
2026-01-23T09:03:45.991+05:30  INFO 19680 --- [chronosecure-backend] [           main] com.zaxxer.hikari.HikariDataSource       : HikariPool-1 - Starting...
2026-01-23T09:03:46.349+05:30  INFO 19680 --- [chronosecure-backend] [           main] com.zaxxer.hikari.pool.HikariPool        : HikariPool-1 - Added connection org.postgresql.jdbc.PgConnection@50122012
2026-01-23T09:03:46.352+05:30  INFO 19680 --- [chronosecure-backend] [           main] com.zaxxer.hikari.HikariDataSource       : HikariPool-1 - Start completed.
2026-01-23T09:03:46.525+05:30  INFO 19680 --- [chronosecure-backend] [           main] o.hibernate.jpa.internal.util.LogHelper  : HHH000204: Processing PersistenceUnitInfo [name: default]
2026-01-23T09:03:46.612+05:30  INFO 19680 --- [chronosecure-backend] [           main] org.hibernate.Version                    : HHH000412: Hibernate ORM core version 6.3.1.Final
2026-01-23T09:03:46.667+05:30  INFO 19680 --- [chronosecure-backend] [           main] o.h.c.internal.RegionFactoryInitiator    : HHH000026: Second-level cache disabled
2026-01-23T09:03:47.095+05:30  INFO 19680 --- [chronosecure-backend] [           main] o.s.o.j.p.SpringPersistenceUnitInfo      : No LoadTimeWeaver setup: ignoring JPA class transformer
2026-01-23T09:03:47.192+05:30  WARN 19680 --- [chronosecure-backend] [           main] org.hibernate.orm.deprecation            : HHH90000025: PostgreSQLDialect does not need to be specified explicitly using 'hibernate.dialect' (remove the property setting and it will be selected by default)
2026-01-23T09:03:49.072+05:30  INFO 19680 --- [chronosecure-backend] [           main] o.h.e.t.j.p.i.JtaPlatformInitiator       : HHH000489: No JTA platform available (set 'hibernate.transaction.jta.platform' to enable JTA platform integration)
2026-01-23T09:03:49.410+05:30  INFO 19680 --- [chronosecure-backend] [           main] j.LocalContainerEntityManagerFactoryBean : Initialized JPA EntityManagerFactory for persistence unit 'default'
2026-01-23T09:03:50.044+05:30  INFO 19680 --- [chronosecure-backend] [           main] o.s.d.j.r.query.QueryEnhancerFactory     : Hibernate is in classpath; If applicable, HQL parser will be used.
2026-01-23T09:03:51.351+05:30  INFO 19680 --- [chronosecure-backend] [           main] c.c.backend.service.FirebaseSyncService  : Initializing Firebase App explicitly in Sync Service...
WARNING: A terminally deprecated method in sun.misc.Unsafe has been called
WARNING: sun.misc.Unsafe::objectFieldOffset has been called by io.grpc.netty.shaded.io.netty.util.internal.PlatformDependent0$4 (file:/C:/Users/USER/.m2/repository/io/grpc/grpc-netty-shaded/1.55.1/grpc-netty-shaded-1.55.1.jar)
WARNING: Please consider reporting this to the maintainers of class io.grpc.netty.shaded.io.netty.util.internal.PlatformDependent0$4
WARNING: sun.misc.Unsafe::objectFieldOffset will be removed in a future release
2026-01-23T09:03:52.959+05:30  INFO 19680 --- [chronosecure-backend] [           main] c.c.backend.service.FirebaseSyncService  : Firebase Sync Task started.
2026-01-23T09:03:53.277+05:30  WARN 19680 --- [chronosecure-backend] [           main] JpaBaseConfiguration$JpaWebConfiguration : spring.jpa.open-in-view is enabled by default. Therefore, database queries may be performed during view rendering. Explicitly configure spring.jpa.open-in-view to disable this warning
2026-01-23T09:03:53.315+05:30 DEBUG 19680 --- [chronosecure-backend] [           main] swordEncoderAuthenticationManagerBuilder : No authenticationProviders and no parentAuthenticationManager defined. Returning null.
2026-01-23T09:03:53.913+05:30  INFO 19680 --- [chronosecure-backend] [           main] o.s.s.web.DefaultSecurityFilterChain     : Will secure any request with [org.springframework.security.web.session.DisableEncodeUrlFilter@4a7812cb, org.springframework.security.web.context.request.async.WebAsyncManagerIntegrationFilter@6626137e, org.springframework.security.web.context.SecurityContextHolderFilter@5316255e, org.springframework.security.web.header.HeaderWriterFilter@7c4d74da, org.springframework.web.filter.CorsFilter@41f5f4ba, org.springframework.security.web.authentication.logout.LogoutFilter@7a61020a, com.chronosecure.backend.security.JwtAuthenticationFilter@5d9618f2, org.springframework.security.web.savedrequest.RequestCacheAwareFilter@6513fd22, org.springframework.security.web.servletapi.SecurityContextHolderAwareRequestFilter@68d2e6eb, org.springframework.security.web.authentication.AnonymousAuthenticationFilter@685271b1, org.springframework.security.web.session.SessionManagementFilter@4140f94c, org.springframework.security.web.access.ExceptionTranslationFilter@a983f06, org.springframework.security.web.access.intercept.AuthorizationFilter@1fa67a80]
2026-01-23T09:03:55.218+05:30  INFO 19680 --- [chronosecure-backend] [           main] o.s.b.w.embedded.tomcat.TomcatWebServer  : Tomcat started on port 8080 (http) with context path ''
2026-01-23T09:03:55.221+05:30  INFO 19680 --- [chronosecure-backend] [           main] u.j.c.RefreshScopeRefreshedEventListener : Refreshing cached encryptable property sources on ServletWebServerInitializedEvent
2026-01-23T09:03:55.223+05:30  INFO 19680 --- [chronosecure-backend] [           main] CachingDelegateEncryptablePropertySource : Property Source systemProperties refreshed
2026-01-23T09:03:55.224+05:30  INFO 19680 --- [chronosecure-backend] [           main] CachingDelegateEncryptablePropertySource : Property Source systemEnvironment refreshed
2026-01-23T09:03:55.224+05:30  INFO 19680 --- [chronosecure-backend] [           main] CachingDelegateEncryptablePropertySource : Property Source random refreshed
2026-01-23T09:03:55.224+05:30  INFO 19680 --- [chronosecure-backend] [           main] CachingDelegateEncryptablePropertySource : Property Source Config resource 'class path resource [application.properties]' via location 'optional:classpath:/' refreshed
2026-01-23T09:03:55.224+05:30  INFO 19680 --- [chronosecure-backend] [           main] c.u.j.EncryptablePropertySourceConverter : Skipping PropertySource configurationProperties [class org.springframework.boot.context.properties.source.ConfigurationPropertySourcesPropertySource
2026-01-23T09:03:55.225+05:30  INFO 19680 --- [chronosecure-backend] [           main] c.u.j.EncryptablePropertySourceConverter : Skipping PropertySource servletConfigInitParams [class org.springframework.core.env.PropertySource$StubPropertySource
2026-01-23T09:03:55.225+05:30  INFO 19680 --- [chronosecure-backend] [           main] c.u.j.EncryptablePropertySourceConverter : Converting PropertySource servletContextInitParams [org.springframework.web.context.support.ServletContextPropertySource] to EncryptableEnumerablePropertySourceWrapper
2026-01-23T09:03:55.239+05:30  INFO 19680 --- [chronosecure-backend] [           main] c.c.backend.BackendApplication           : Started BackendApplication in 14.134 seconds (process running for 15.036)
2026-01-23T09:04:01.627+05:30  INFO 19680 --- [chronosecure-backend] [pool-8-thread-1] c.c.backend.service.FirebaseSyncService  : Found 3 new attendance logs in Firebase
2026-01-23T09:04:01.812+05:30 DEBUG 19680 --- [chronosecure-backend] [pool-8-thread-1] org.hibernate.SQL                        : 
    select
        e1_0.id,
        e1_0.company_id,
        e1_0.created_at,
        e1_0.department,
        e1_0.email,
        e1_0.employee_code,
        e1_0.fingerprint_template_hash,
        e1_0.first_name,
        e1_0.is_active,
        e1_0.last_name,
        e1_0.pin_hash,
        e1_0.updated_at 
    from
        employees e1_0 
    where
        e1_0.employee_code=?
2026-01-23T09:04:01.825+05:30  WARN 19680 --- [chronosecure-backend] [pool-8-thread-1] c.c.backend.service.FirebaseSyncService  : Skipping sync: Employee not found for UID/Code: 0990
2026-01-23T09:04:01.827+05:30 DEBUG 19680 --- [chronosecure-backend] [pool-8-thread-1] org.hibernate.SQL                        : 
    select
        e1_0.id,
        e1_0.company_id,
        e1_0.created_at,
        e1_0.department,
        e1_0.email,
        e1_0.employee_code,
        e1_0.fingerprint_template_hash,
        e1_0.first_name,
        e1_0.is_active,
        e1_0.last_name,
        e1_0.pin_hash,
        e1_0.updated_at 
    from
        employees e1_0 
    where
        e1_0.employee_code=?
2026-01-23T09:04:01.984+05:30 DEBUG 19680 --- [chronosecure-backend] [pool-8-thread-1] org.hibernate.SQL                        : 
    insert 
    into
        attendance_logs
        (company_id, confidence_score, device_id, employee_id, event_timestamp, event_type, is_offline_sync, photo_url, id) 
    values
        (?, ?, ?, ?, ?, ?, ?, ?, ?)
2026-01-23T09:04:02.011+05:30  INFO 19680 --- [chronosecure-backend] [pool-8-thread-1] c.c.backend.service.FirebaseSyncService  : Synced attendance for shehan, Result: MATCH
2026-01-23T09:04:02.014+05:30 DEBUG 19680 --- [chronosecure-backend] [pool-8-thread-1] org.hibernate.SQL                        : 
    select
        e1_0.id,
        e1_0.company_id,
        e1_0.created_at,
        e1_0.department,
        e1_0.email,
        e1_0.employee_code,
        e1_0.fingerprint_template_hash,
        e1_0.first_name,
        e1_0.is_active,
        e1_0.last_name,
        e1_0.pin_hash,
        e1_0.updated_at 
    from
        employees e1_0 
    where
        e1_0.employee_code=?
2026-01-23T09:04:02.018+05:30 DEBUG 19680 --- [chronosecure-backend] [pool-8-thread-1] org.hibernate.SQL                        : 
    insert 
    into
        attendance_logs
        (company_id, confidence_score, device_id, employee_id, event_timestamp, event_type, is_offline_sync, photo_url, id) 
    values
        (?, ?, ?, ?, ?, ?, ?, ?, ?)
2026-01-23T09:04:02.022+05:30  INFO 19680 --- [chronosecure-backend] [pool-8-thread-1] c.c.backend.service.FirebaseSyncService  : Synced attendance for pasindu, Result: MATCH
2026-01-23T09:05:58.468+05:30  INFO 19680 --- [chronosecure-backend] [pool-8-thread-1] c.c.backend.service.FirebaseSyncService  : Found 1 new attendance logs in Firebase
2026-01-23T09:05:58.517+05:30 DEBUG 19680 --- [chronosecure-backend] [pool-8-thread-1] org.hibernate.SQL                        : 
    select
        e1_0.id,
        e1_0.company_id,
        e1_0.created_at,
        e1_0.department,
        e1_0.email,
        e1_0.employee_code,
        e1_0.fingerprint_template_hash,
        e1_0.first_name,
        e1_0.is_active,
        e1_0.last_name,
        e1_0.pin_hash,
        e1_0.updated_at 
    from
        employees e1_0 
    where
        e1_0.employee_code=?
2026-01-23T09:05:58.532+05:30 DEBUG 19680 --- [chronosecure-backend] [pool-8-thread-1] org.hibernate.SQL                        : 
    insert 
    into
        attendance_logs
        (company_id, confidence_score, device_id, employee_id, event_timestamp, event_type, is_offline_sync, photo_url, id) 
    values
        (?, ?, ?, ?, ?, ?, ?, ?, ?)
2026-01-23T09:05:58.539+05:30  INFO 19680 --- [chronosecure-backend] [pool-8-thread-1] c.c.backend.service.FirebaseSyncService  : Synced attendance for pasindu, Result: DUPLICATE
