WARNING: A terminally deprecated method in sun.misc.Unsafe has been called
WARNING: sun.misc.Unsafe::staticFieldBase has been called by com.google.inject.internal.aop.HiddenClassDefiner (file:/C:/Users/USER/.m2/wrapper/dists/apache-maven-3.9.11/03d7e36a140982eea48e22c1dcac01d8862b2550b2939e09a0809bbc5182a5bc/lib/guice-5.1.0-classes.jar)
WARNING: Please consider reporting this to the maintainers of class com.google.inject.internal.aop.HiddenClassDefiner
WARNING: sun.misc.Unsafe::staticFieldBase will be removed in a future release
[INFO] Scanning for projects...
[INFO] 
[INFO] ----------------------< com.chronosecure:backend >----------------------
[INFO] Building backend 0.0.1-SNAPSHOT
[INFO]   from pom.xml
[INFO] --------------------------------[ jar ]---------------------------------
[INFO] 
[INFO] >>> spring-boot:3.2.0:run (default-cli) > test-compile @ backend >>>
[INFO] 
[INFO] --- resources:3.3.1:resources (default-resources) @ backend ---
[INFO] Copying 1 resource from src\main\resources to target\classes
[INFO] Copying 2 resources from src\main\resources to target\classes
[INFO] 
[INFO] --- compiler:3.11.0:compile (default-compile) @ backend ---
[INFO] Nothing to compile - all classes are up to date
[INFO] 
[INFO] --- resources:3.3.1:testResources (default-testResources) @ backend ---
[INFO] Not copying test resources
[INFO] 
[INFO] --- compiler:3.11.0:testCompile (default-testCompile) @ backend ---
[INFO] Not compiling test sources
[INFO] 
[INFO] <<< spring-boot:3.2.0:run (default-cli) < test-compile @ backend <<<
[INFO] 
[INFO] 
[INFO] --- spring-boot:3.2.0:run (default-cli) @ backend ---
[INFO] Attaching agents: []
Standard Commons Logging discovery in action with spring-jcl: please remove commons-logging.jar from classpath in order to avoid potential conflicts

  .   ____          _            __ _ _
 /\\ / ___'_ __ _ _(_)_ __  __ _ \ \ \ \
( ( )\___ | '_ | '_| | '_ \/ _` | \ \ \ \
 \\/  ___)| |_)| | | | | || (_| |  ) ) ) )
  '  |____| .__|_| |_|_| |_\__, | / / / /
 =========|_|==============|___/=/_/_/_/
 :: Spring Boot ::                (v3.2.0)

2026-01-23T08:58:56.084+05:30  INFO 32260 --- [chronosecure-backend] [           main] c.c.backend.BackendApplication           : Starting BackendApplication using Java 25.0.1 with PID 32260 (C:\Users\USER\OneDrive - itum.mrt.ac.lk\Desktop\fingerprint project\chronosecure\backend\target\classes started by USER in C:\Users\USER\OneDrive - itum.mrt.ac.lk\Desktop\fingerprint project\chronosecure\backend)
2026-01-23T08:58:56.088+05:30 DEBUG 32260 --- [chronosecure-backend] [           main] c.c.backend.BackendApplication           : Running with Spring Boot v3.2.0, Spring v6.1.1
2026-01-23T08:58:56.089+05:30  INFO 32260 --- [chronosecure-backend] [           main] c.c.backend.BackendApplication           : No active profile set, falling back to 1 default profile: "default"
2026-01-23T08:58:57.672+05:30  INFO 32260 --- [chronosecure-backend] [           main] .s.d.r.c.RepositoryConfigurationDelegate : Multiple Spring Data modules found, entering strict repository configuration mode
2026-01-23T08:58:57.674+05:30  INFO 32260 --- [chronosecure-backend] [           main] .s.d.r.c.RepositoryConfigurationDelegate : Bootstrapping Spring Data JPA repositories in DEFAULT mode.
2026-01-23T08:58:57.996+05:30  INFO 32260 --- [chronosecure-backend] [           main] .s.d.r.c.RepositoryConfigurationDelegate : Finished Spring Data repository scanning in 312 ms. Found 9 JPA repository interfaces.
2026-01-23T08:58:58.026+05:30  INFO 32260 --- [chronosecure-backend] [           main] .s.d.r.c.RepositoryConfigurationDelegate : Multiple Spring Data modules found, entering strict repository configuration mode
2026-01-23T08:58:58.028+05:30  INFO 32260 --- [chronosecure-backend] [           main] .s.d.r.c.RepositoryConfigurationDelegate : Bootstrapping Spring Data Redis repositories in DEFAULT mode.
2026-01-23T08:58:58.059+05:30  INFO 32260 --- [chronosecure-backend] [           main] .RepositoryConfigurationExtensionSupport : Spring Data Redis - Could not safely identify store assignment for repository candidate interface com.chronosecure.backend.repository.AttendanceLogRepository; If you want this repository to be a Redis repository, consider annotating your entities with one of these annotations: org.springframework.data.redis.core.RedisHash (preferred), or consider extending one of the following types with your repository: org.springframework.data.keyvalue.repository.KeyValueRepository
2026-01-23T08:58:58.060+05:30  INFO 32260 --- [chronosecure-backend] [           main] .RepositoryConfigurationExtensionSupport : Spring Data Redis - Could not safely identify store assignment for repository candidate interface com.chronosecure.backend.repository.AuditLogRepository; If you want this repository to be a Redis repository, consider annotating your entities with one of these annotations: org.springframework.data.redis.core.RedisHash (preferred), or consider extending one of the following types with your repository: org.springframework.data.keyvalue.repository.KeyValueRepository
2026-01-23T08:58:58.062+05:30  INFO 32260 --- [chronosecure-backend] [           main] .RepositoryConfigurationExtensionSupport : Spring Data Redis - Could not safely identify store assignment for repository candidate interface com.chronosecure.backend.repository.CalculatedHoursRepository; If you want this repository to be a Redis repository, consider annotating your entities with one of these annotations: org.springframework.data.redis.core.RedisHash (preferred), or consider extending one of the following types with your repository: org.springframework.data.keyvalue.repository.KeyValueRepository
2026-01-23T08:58:58.062+05:30  INFO 32260 --- [chronosecure-backend] [           main] .RepositoryConfigurationExtensionSupport : Spring Data Redis - Could not safely identify store assignment for repository candidate interface com.chronosecure.backend.repository.CompanyRepository; If you want this repository to be a Redis repository, consider annotating your entities with one of these annotations: org.springframework.data.redis.core.RedisHash (preferred), or consider extending one of the following types with your repository: org.springframework.data.keyvalue.repository.KeyValueRepository
2026-01-23T08:58:58.063+05:30  INFO 32260 --- [chronosecure-backend] [           main] .RepositoryConfigurationExtensionSupport : Spring Data Redis - Could not safely identify store assignment for repository candidate interface com.chronosecure.backend.repository.ConsentRecordRepository; If you want this repository to be a Redis repository, consider annotating your entities with one of these annotations: org.springframework.data.redis.core.RedisHash (preferred), or consider extending one of the following types with your repository: org.springframework.data.keyvalue.repository.KeyValueRepository
2026-01-23T08:58:58.063+05:30  INFO 32260 --- [chronosecure-backend] [           main] .RepositoryConfigurationExtensionSupport : Spring Data Redis - Could not safely identify store assignment for repository candidate interface com.chronosecure.backend.repository.EmployeeRepository; If you want this repository to be a Redis repository, consider annotating your entities with one of these annotations: org.springframework.data.redis.core.RedisHash (preferred), or consider extending one of the following types with your repository: org.springframework.data.keyvalue.repository.KeyValueRepository
2026-01-23T08:58:58.063+05:30  INFO 32260 --- [chronosecure-backend] [           main] .RepositoryConfigurationExtensionSupport : Spring Data Redis - Could not safely identify store assignment for repository candidate interface com.chronosecure.backend.repository.PublicHolidayRepository; If you want this repository to be a Redis repository, consider annotating your entities with one of these annotations: org.springframework.data.redis.core.RedisHash (preferred), or consider extending one of the following types with your repository: org.springframework.data.keyvalue.repository.KeyValueRepository
2026-01-23T08:58:58.063+05:30  INFO 32260 --- [chronosecure-backend] [           main] .RepositoryConfigurationExtensionSupport : Spring Data Redis - Could not safely identify store assignment for repository candidate interface com.chronosecure.backend.repository.TimeOffRequestRepository; If you want this repository to be a Redis repository, consider annotating your entities with one of these annotations: org.springframework.data.redis.core.RedisHash (preferred), or consider extending one of the following types with your repository: org.springframework.data.keyvalue.repository.KeyValueRepository
2026-01-23T08:58:58.064+05:30  INFO 32260 --- [chronosecure-backend] [           main] .RepositoryConfigurationExtensionSupport : Spring Data Redis - Could not safely identify store assignment for repository candidate interface com.chronosecure.backend.repository.UserRepository; If you want this repository to be a Redis repository, consider annotating your entities with one of these annotations: org.springframework.data.redis.core.RedisHash (preferred), or consider extending one of the following types with your repository: org.springframework.data.keyvalue.repository.KeyValueRepository
2026-01-23T08:58:58.064+05:30  INFO 32260 --- [chronosecure-backend] [           main] .s.d.r.c.RepositoryConfigurationDelegate : Finished Spring Data repository scanning in 18 ms. Found 0 Redis repository interfaces.
2026-01-23T08:58:58.542+05:30  INFO 32260 --- [chronosecure-backend] [           main] ptablePropertiesBeanFactoryPostProcessor : Post-processing PropertySource instances
2026-01-23T08:58:58.543+05:30  INFO 32260 --- [chronosecure-backend] [           main] c.u.j.EncryptablePropertySourceConverter : Skipping PropertySource configurationProperties [class org.springframework.boot.context.properties.source.ConfigurationPropertySourcesPropertySource
2026-01-23T08:58:58.547+05:30  INFO 32260 --- [chronosecure-backend] [           main] c.u.j.EncryptablePropertySourceConverter : Skipping PropertySource servletConfigInitParams [class org.springframework.core.env.PropertySource$StubPropertySource
2026-01-23T08:58:58.548+05:30  INFO 32260 --- [chronosecure-backend] [           main] c.u.j.EncryptablePropertySourceConverter : Skipping PropertySource servletContextInitParams [class org.springframework.core.env.PropertySource$StubPropertySource
2026-01-23T08:58:58.549+05:30  INFO 32260 --- [chronosecure-backend] [           main] c.u.j.EncryptablePropertySourceConverter : Converting PropertySource systemProperties [org.springframework.core.env.PropertiesPropertySource] to EncryptableMapPropertySourceWrapper
2026-01-23T08:58:58.550+05:30  INFO 32260 --- [chronosecure-backend] [           main] c.u.j.EncryptablePropertySourceConverter : Converting PropertySource systemEnvironment [org.springframework.boot.env.SystemEnvironmentPropertySourceEnvironmentPostProcessor$OriginAwareSystemEnvironmentPropertySource] to EncryptableSystemEnvironmentPropertySourceWrapper
2026-01-23T08:58:58.550+05:30  INFO 32260 --- [chronosecure-backend] [           main] c.u.j.EncryptablePropertySourceConverter : Converting PropertySource random [org.springframework.boot.env.RandomValuePropertySource] to EncryptablePropertySourceWrapper
2026-01-23T08:58:58.551+05:30  INFO 32260 --- [chronosecure-backend] [           main] c.u.j.EncryptablePropertySourceConverter : Converting PropertySource Config resource 'class path resource [application.properties]' via location 'optional:classpath:/' [org.springframework.boot.env.OriginTrackedMapPropertySource] to EncryptableMapPropertySourceWrapper
WARNING: A restricted method in java.lang.System has been called
WARNING: java.lang.System::load has been called by org.apache.tomcat.jni.Library in an unnamed module (file:/C:/Users/USER/.m2/repository/org/apache/tomcat/embed/tomcat-embed-core/10.1.16/tomcat-embed-core-10.1.16.jar)
WARNING: Use --enable-native-access=ALL-UNNAMED to avoid a warning for callers in this module
WARNING: Restricted methods will be blocked in a future release unless native access is enabled

2026-01-23T08:58:58.852+05:30  INFO 32260 --- [chronosecure-backend] [           main] c.u.j.filter.DefaultLazyPropertyFilter   : Property Filter custom Bean not found with name 'encryptablePropertyFilter'. Initializing Default Property Filter
2026-01-23T08:58:58.879+05:30  INFO 32260 --- [chronosecure-backend] [           main] c.u.j.r.DefaultLazyPropertyResolver      : Property Resolver custom Bean not found with name 'encryptablePropertyResolver'. Initializing Default Property Resolver
2026-01-23T08:58:58.882+05:30  INFO 32260 --- [chronosecure-backend] [           main] c.u.j.d.DefaultLazyPropertyDetector      : Property Detector custom Bean not found with name 'encryptablePropertyDetector'. Initializing Default Property Detector
2026-01-23T08:58:59.286+05:30  INFO 32260 --- [chronosecure-backend] [           main] o.s.b.w.embedded.tomcat.TomcatWebServer  : Tomcat initialized with port 8080 (http)
2026-01-23T08:58:59.308+05:30  INFO 32260 --- [chronosecure-backend] [           main] o.apache.catalina.core.StandardService   : Starting service [Tomcat]
2026-01-23T08:58:59.308+05:30  INFO 32260 --- [chronosecure-backend] [           main] o.apache.catalina.core.StandardEngine    : Starting Servlet engine: [Apache Tomcat/10.1.16]
2026-01-23T08:58:59.499+05:30  INFO 32260 --- [chronosecure-backend] [           main] o.a.c.c.C.[Tomcat].[localhost].[/]       : Initializing Spring embedded WebApplicationContext
2026-01-23T08:58:59.500+05:30  INFO 32260 --- [chronosecure-backend] [           main] w.s.c.ServletWebServerApplicationContext : Root WebApplicationContext: initialization completed in 3270 ms
Standard Commons Logging discovery in action with spring-jcl: please remove commons-logging.jar from classpath in order to avoid potential conflicts
2026-01-23T08:58:59.625+05:30 DEBUG 32260 --- [chronosecure-backend] [           main] c.c.b.security.JwtAuthenticationFilter   : Filter 'jwtAuthenticationFilter' configured for use
2026-01-23T08:58:59.736+05:30  INFO 32260 --- [chronosecure-backend] [           main] com.zaxxer.hikari.HikariDataSource       : HikariPool-1 - Starting...
2026-01-23T08:59:00.094+05:30  INFO 32260 --- [chronosecure-backend] [           main] com.zaxxer.hikari.pool.HikariPool        : HikariPool-1 - Added connection org.postgresql.jdbc.PgConnection@718989fa
2026-01-23T08:59:00.097+05:30  INFO 32260 --- [chronosecure-backend] [           main] com.zaxxer.hikari.HikariDataSource       : HikariPool-1 - Start completed.
2026-01-23T08:59:00.332+05:30  INFO 32260 --- [chronosecure-backend] [           main] o.hibernate.jpa.internal.util.LogHelper  : HHH000204: Processing PersistenceUnitInfo [name: default]
2026-01-23T08:59:00.445+05:30  INFO 32260 --- [chronosecure-backend] [           main] org.hibernate.Version                    : HHH000412: Hibernate ORM core version 6.3.1.Final
2026-01-23T08:59:00.518+05:30  INFO 32260 --- [chronosecure-backend] [           main] o.h.c.internal.RegionFactoryInitiator    : HHH000026: Second-level cache disabled
2026-01-23T08:59:01.103+05:30  INFO 32260 --- [chronosecure-backend] [           main] o.s.o.j.p.SpringPersistenceUnitInfo      : No LoadTimeWeaver setup: ignoring JPA class transformer
2026-01-23T08:59:01.230+05:30  WARN 32260 --- [chronosecure-backend] [           main] org.hibernate.orm.deprecation            : HHH90000025: PostgreSQLDialect does not need to be specified explicitly using 'hibernate.dialect' (remove the property setting and it will be selected by default)
2026-01-23T08:59:03.588+05:30  INFO 32260 --- [chronosecure-backend] [           main] o.h.e.t.j.p.i.JtaPlatformInitiator       : HHH000489: No JTA platform available (set 'hibernate.transaction.jta.platform' to enable JTA platform integration)
2026-01-23T08:59:03.715+05:30 DEBUG 32260 --- [chronosecure-backend] [           main] org.hibernate.SQL                        : 
    create table time_off_requests (
        id uuid not null,
        company_id uuid not null,
        created_at timestamp(6) with time zone,
        employee_id uuid,
        end_date date not null,
        reason TEXT,
        start_date date not null,
        status varchar(255) not null check (status in ('PENDING','APPROVED','REJECTED','CANCELLED')),
        updated_at timestamp(6) with time zone,
        primary key (id)
    )
2026-01-23T08:59:03.988+05:30 DEBUG 32260 --- [chronosecure-backend] [           main] org.hibernate.SQL                        : 
    alter table if exists time_off_requests 
       add constraint FKm2j71yy1qdr5g4oog8avqbru 
       foreign key (company_id) 
       references companies
2026-01-23T08:59:03.999+05:30 DEBUG 32260 --- [chronosecure-backend] [           main] org.hibernate.SQL                        : 
    alter table if exists time_off_requests 
       add constraint FK3j49edgkahbbsp0v211m9rf3 
       foreign key (employee_id) 
       references employees
2026-01-23T08:59:04.034+05:30  INFO 32260 --- [chronosecure-backend] [           main] j.LocalContainerEntityManagerFactoryBean : Initialized JPA EntityManagerFactory for persistence unit 'default'
2026-01-23T08:59:04.678+05:30  INFO 32260 --- [chronosecure-backend] [           main] o.s.d.j.r.query.QueryEnhancerFactory     : Hibernate is in classpath; If applicable, HQL parser will be used.
2026-01-23T08:59:06.126+05:30  INFO 32260 --- [chronosecure-backend] [           main] c.c.backend.service.FirebaseSyncService  : Initializing Firebase App explicitly in Sync Service...
WARNING: A terminally deprecated method in sun.misc.Unsafe has been called
WARNING: sun.misc.Unsafe::objectFieldOffset has been called by io.grpc.netty.shaded.io.netty.util.internal.PlatformDependent0$4 (file:/C:/Users/USER/.m2/repository/io/grpc/grpc-netty-shaded/1.55.1/grpc-netty-shaded-1.55.1.jar)
WARNING: Please consider reporting this to the maintainers of class io.grpc.netty.shaded.io.netty.util.internal.PlatformDependent0$4
WARNING: sun.misc.Unsafe::objectFieldOffset will be removed in a future release
2026-01-23T08:59:07.739+05:30  INFO 32260 --- [chronosecure-backend] [           main] c.c.backend.service.FirebaseSyncService  : Firebase Sync Task started.
2026-01-23T08:59:08.028+05:30  WARN 32260 --- [chronosecure-backend] [           main] JpaBaseConfiguration$JpaWebConfiguration : spring.jpa.open-in-view is enabled by default. Therefore, database queries may be performed during view rendering. Explicitly configure spring.jpa.open-in-view to disable this warning
2026-01-23T08:59:08.056+05:30 DEBUG 32260 --- [chronosecure-backend] [           main] swordEncoderAuthenticationManagerBuilder : No authenticationProviders and no parentAuthenticationManager defined. Returning null.
2026-01-23T08:59:08.686+05:30  INFO 32260 --- [chronosecure-backend] [           main] o.s.s.web.DefaultSecurityFilterChain     : Will secure any request with [org.springframework.security.web.session.DisableEncodeUrlFilter@38dd3252, org.springframework.security.web.context.request.async.WebAsyncManagerIntegrationFilter@7da324d0, org.springframework.security.web.context.SecurityContextHolderFilter@764f6eb0, org.springframework.security.web.header.HeaderWriterFilter@cce77c8, org.springframework.web.filter.CorsFilter@7a61020a, org.springframework.security.web.authentication.logout.LogoutFilter@3910a29c, com.chronosecure.backend.security.JwtAuthenticationFilter@73bb1337, org.springframework.security.web.savedrequest.RequestCacheAwareFilter@5dae85f7, org.springframework.security.web.servletapi.SecurityContextHolderAwareRequestFilter@4a52c13c, org.springframework.security.web.authentication.AnonymousAuthenticationFilter@4aab04cf, org.springframework.security.web.session.SessionManagementFilter@a983f06, org.springframework.security.web.access.ExceptionTranslationFilter@4920430f, org.springframework.security.web.access.intercept.AuthorizationFilter@30aeb2b3]
2026-01-23T08:59:10.163+05:30  INFO 32260 --- [chronosecure-backend] [           main] o.s.b.w.embedded.tomcat.TomcatWebServer  : Tomcat started on port 8080 (http) with context path ''
2026-01-23T08:59:10.167+05:30  INFO 32260 --- [chronosecure-backend] [           main] u.j.c.RefreshScopeRefreshedEventListener : Refreshing cached encryptable property sources on ServletWebServerInitializedEvent
2026-01-23T08:59:10.168+05:30  INFO 32260 --- [chronosecure-backend] [           main] CachingDelegateEncryptablePropertySource : Property Source systemProperties refreshed
2026-01-23T08:59:10.168+05:30  INFO 32260 --- [chronosecure-backend] [           main] CachingDelegateEncryptablePropertySource : Property Source systemEnvironment refreshed
2026-01-23T08:59:10.169+05:30  INFO 32260 --- [chronosecure-backend] [           main] CachingDelegateEncryptablePropertySource : Property Source random refreshed
2026-01-23T08:59:10.169+05:30  INFO 32260 --- [chronosecure-backend] [           main] CachingDelegateEncryptablePropertySource : Property Source Config resource 'class path resource [application.properties]' via location 'optional:classpath:/' refreshed
2026-01-23T08:59:10.169+05:30  INFO 32260 --- [chronosecure-backend] [           main] c.u.j.EncryptablePropertySourceConverter : Skipping PropertySource configurationProperties [class org.springframework.boot.context.properties.source.ConfigurationPropertySourcesPropertySource
2026-01-23T08:59:10.169+05:30  INFO 32260 --- [chronosecure-backend] [           main] c.u.j.EncryptablePropertySourceConverter : Skipping PropertySource servletConfigInitParams [class org.springframework.core.env.PropertySource$StubPropertySource
2026-01-23T08:59:10.169+05:30  INFO 32260 --- [chronosecure-backend] [           main] c.u.j.EncryptablePropertySourceConverter : Converting PropertySource servletContextInitParams [org.springframework.web.context.support.ServletContextPropertySource] to EncryptableEnumerablePropertySourceWrapper
2026-01-23T08:59:10.181+05:30  INFO 32260 --- [chronosecure-backend] [           main] c.c.backend.BackendApplication           : Started BackendApplication in 14.95 seconds (process running for 15.815)
2026-01-23T08:59:17.135+05:30  INFO 32260 --- [chronosecure-backend] [pool-8-thread-1] c.c.backend.service.FirebaseSyncService  : Found 3 new attendance logs in Firebase
2026-01-23T08:59:17.380+05:30 DEBUG 32260 --- [chronosecure-backend] [pool-8-thread-1] org.hibernate.SQL                        : 
    select
        e1_0.id,
        e1_0.company_id,
        e1_0.created_at,
        e1_0.department,
        e1_0.email,
        e1_0.employee_code,
        e1_0.fingerprint_template_hash,
        e1_0.first_name,
        e1_0.is_active,
        e1_0.last_name,
        e1_0.pin_hash,
        e1_0.updated_at 
    from
        employees e1_0 
    where
        e1_0.employee_code=?
2026-01-23T08:59:17.392+05:30  WARN 32260 --- [chronosecure-backend] [pool-8-thread-1] c.c.backend.service.FirebaseSyncService  : Skipping sync: Employee not found for UID/Code: 0990
2026-01-23T08:59:17.396+05:30 DEBUG 32260 --- [chronosecure-backend] [pool-8-thread-1] org.hibernate.SQL                        : 
    select
        e1_0.id,
        e1_0.company_id,
        e1_0.created_at,
        e1_0.department,
        e1_0.email,
        e1_0.employee_code,
        e1_0.fingerprint_template_hash,
        e1_0.first_name,
        e1_0.is_active,
        e1_0.last_name,
        e1_0.pin_hash,
        e1_0.updated_at 
    from
        employees e1_0 
    where
        e1_0.employee_code=?
2026-01-23T08:59:17.587+05:30 DEBUG 32260 --- [chronosecure-backend] [pool-8-thread-1] org.hibernate.SQL                        : 
    insert 
    into
        attendance_logs
        (company_id, confidence_score, device_id, employee_id, event_timestamp, event_type, is_offline_sync, photo_url, id) 
    values
        (?, ?, ?, ?, ?, ?, ?, ?, ?)
2026-01-23T08:59:17.612+05:30  INFO 32260 --- [chronosecure-backend] [pool-8-thread-1] c.c.backend.service.FirebaseSyncService  : Synced attendance for shehan, Result: MATCH
2026-01-23T08:59:17.615+05:30 DEBUG 32260 --- [chronosecure-backend] [pool-8-thread-1] org.hibernate.SQL                        : 
    select
        e1_0.id,
        e1_0.company_id,
        e1_0.created_at,
        e1_0.department,
        e1_0.email,
        e1_0.employee_code,
        e1_0.fingerprint_template_hash,
        e1_0.first_name,
        e1_0.is_active,
        e1_0.last_name,
        e1_0.pin_hash,
        e1_0.updated_at 
    from
        employees e1_0 
    where
        e1_0.employee_code=?
2026-01-23T08:59:17.621+05:30 DEBUG 32260 --- [chronosecure-backend] [pool-8-thread-1] org.hibernate.SQL                        : 
    insert 
    into
        attendance_logs
        (company_id, confidence_score, device_id, employee_id, event_timestamp, event_type, is_offline_sync, photo_url, id) 
    values
        (?, ?, ?, ?, ?, ?, ?, ?, ?)
2026-01-23T08:59:17.625+05:30  INFO 32260 --- [chronosecure-backend] [pool-8-thread-1] c.c.backend.service.FirebaseSyncService  : Synced attendance for pasindu, Result: MATCH
2026-01-23T09:01:16.143+05:30  INFO 32260 --- [chronosecure-backend] [nio-8080-exec-7] o.a.c.c.C.[Tomcat].[localhost].[/]       : Initializing Spring DispatcherServlet 'dispatcherServlet'
2026-01-23T09:01:16.143+05:30  INFO 32260 --- [chronosecure-backend] [nio-8080-exec-7] o.s.web.servlet.DispatcherServlet        : Initializing Servlet 'dispatcherServlet'
2026-01-23T09:01:16.147+05:30  INFO 32260 --- [chronosecure-backend] [nio-8080-exec-7] o.s.web.servlet.DispatcherServlet        : Completed initialization in 3 ms
2026-01-23T09:01:16.188+05:30 DEBUG 32260 --- [chronosecure-backend] [nio-8080-exec-7] o.s.security.web.FilterChainProxy        : Securing OPTIONS /api/v1/time-off/requests
2026-01-23T09:01:16.308+05:30 DEBUG 32260 --- [chronosecure-backend] [nio-8080-exec-7] o.s.security.web.FilterChainProxy        : Securing GET /api/v1/time-off/requests
2026-01-23T09:01:16.885+05:30  WARN 32260 --- [chronosecure-backend] [nio-8080-exec-7] o.s.w.s.h.HandlerMappingIntrospector     : Cache miss for REQUEST dispatch to '/api/v1/time-off/requests' (previous null). Performing MatchableHandlerMapping lookup. This is logged once only at WARN level, and every time at TRACE.
2026-01-23T09:01:16.922+05:30 DEBUG 32260 --- [chronosecure-backend] [nio-8080-exec-7] o.s.security.web.FilterChainProxy        : Secured GET /api/v1/time-off/requests
2026-01-23T09:01:17.059+05:30 DEBUG 32260 --- [chronosecure-backend] [nio-8080-exec-7] org.hibernate.SQL                        : 
    select
        tor1_0.id,
        tor1_0.company_id,
        tor1_0.created_at,
        tor1_0.employee_id,
        tor1_0.end_date,
        tor1_0.reason,
        tor1_0.start_date,
        tor1_0.status,
        tor1_0.updated_at 
    from
        time_off_requests tor1_0 
    where
        tor1_0.company_id=? 
    order by
        tor1_0.created_at desc
